ARM GAS  C:\Users\lpc\AppData\Local\Temp\cclxGl4M.s 			page 1


   1              		.cpu cortex-m3
   2              		.arch armv7-m
   3              		.fpu softvfp
   4              		.eabi_attribute 20, 1
   5              		.eabi_attribute 21, 1
   6              		.eabi_attribute 23, 3
   7              		.eabi_attribute 24, 1
   8              		.eabi_attribute 25, 1
   9              		.eabi_attribute 26, 1
  10              		.eabi_attribute 30, 1
  11              		.eabi_attribute 34, 1
  12              		.eabi_attribute 18, 4
  13              		.file	"font.c"
  14              		.text
  15              	.Ltext0:
  16              		.cfi_sections	.debug_frame
  17              		.file 1 "Hardware/Src/font.c"
  18              		.global	snakeImg
  19              		.section	.rodata.snakeImg,"a"
  20              		.align	2
  23              	snakeImg:
  24 0000 41       		.byte	65
  25 0001 40       		.byte	64
  26 0002 0000     		.space	2
  27 0004 00000000 		.word	snakeData
  28              		.global	snakeData
  29              		.section	.rodata.snakeData,"a"
  30              		.align	2
  33              	snakeData:
  34 0000 FFFFFFFF 		.ascii	"\377\377\377\377\377\377\377\377\377\377\377\377\377"
  34      FFFFFFFF 
  34      FFFFFFFF 
  34      FF
  35 000d FFFFFFFF 		.ascii	"\377\377\377\377\377\377\377\377\377\377\377\377\377"
  35      FFFFFFFF 
  35      FFFFFFFF 
  35      FF
  36 001a FFFFFF7F 		.ascii	"\377\377\377\177\037\017\017\017\037?\377\377\377\377"
  36      1F0F0F0F 
  36      1F3FFFFF 
  36      FFFF
  37 0028 FFFFFFFF 		.ascii	"\377\377\377\377\377\377\377\377\377\377\377\377\377"
  37      FFFFFFFF 
  37      FFFFFFFF 
  37      FF
  38 0035 FFFFFFFF 		.ascii	"\377\377\377\377\377\377\377\377\377\377\377\377\377"
  38      FFFFFFFF 
  38      FFFFFFFF 
  38      FF
  39 0042 FFFFFF7F 		.ascii	"\377\377\377\177\177\177\177?\277\337\337\377\357\357"
  39      7F7F7F3F 
  39      BFDFDFFF 
  39      EFEF
  40 0050 EFEFE7E7 		.ascii	"\357\357\347\347\347\347\367\367\367?\017\007c8<\000"
  40      E7E7F7F7 
  40      F73F0F07 
  40      63383C00 
ARM GAS  C:\Users\lpc\AppData\Local\Temp\cclxGl4M.s 			page 2


  41 0060 00000000 		.ascii	"\000\000\000\000 8\373\007\017\037\367\367\367\347\347"
  41      2038FB07 
  41      0F1FF7F7 
  41      F7E7E7
  42 006f E7E7EFEF 		.ascii	"\347\347\357\357\357\357\357\337\337\337??\177\177\177"
  42      EFEFEFDF 
  42      DFDF3F3F 
  42      7F7F7F
  43 007e FFFFFFFF 		.ascii	"\377\377\377\377\377\377\377\377\377\376\374\370\360"
  43      FFFFFFFF 
  43      FFFEFCF8 
  43      F0
  44 008b 704F2423 		.ascii	"pO$###\301\301\201\201\001\001\001\001\003\007\014\030"
  44      2323C1C1 
  44      81810101 
  44      01010307 
  44      0C18
  45 009d 70F00000 		.ascii	"p\360\000\000\030|\030\000\000\363\360p<\037\017\007"
  45      187C1800 
  45      00F3F070 
  45      3C1F0F07 
  46 00ad 07030301 		.ascii	"\007\003\003\001\201\301\301AC\003\004O\0060\370\374"
  46      81C1C141 
  46      4303044F 
  46      0630F8FC 
  47 00bd FEFFFFFF 		.ascii	"\376\377\377\377\377\377\377\377\377\377\377\377\377"
  47      FFFFFFFF 
  47      FFFFFFFF 
  47      FF
  48 00ca 01000000 		.ascii	"\001\000\000\000\000\000\0006\347\317\277\177\377\376"
  48      00000036 
  48      E7CFBF7F 
  48      FFFE
  49 00d8 F8F0E266 		.ascii	"\370\360\342f.\034\010\000\000\000\000\000\000\300\370"
  49      2E1C0800 
  49      00000000 
  49      00C0F8
  50 00e7 1F0E0C0E 		.ascii	"\037\016\014\016b\361\360\370\374\376\177?\237\307g"
  50      62F1F0F8 
  50      FCFE7F3F 
  50      9FC767
  51 00f6 02000000 		.ascii	"\002\000\000\000\000\000\000\377\377\377\377\377\377"
  51      000000FF 
  51      FFFFFFFF 
  51      FF
  52 0103 FFFFFFFF 		.ascii	"\377\377\377\377\377\377\377\377\377\374\360\340\300"
  52      FFFFFFFF 
  52      FFFCF0E0 
  52      C0
  53 0110 C0808000 		.ascii	"\300\200\200\000\000\001\201\341\001\001\001\200\200"
  53      000181E1 
  53      01010180 
  53      80
  54 011d 80C04060 		.ascii	"\200\300@`p\030\014~\177\011\000a`@\200\200\200\000"
  54      70180C7E 
  54      7F090061 
  54      60408080 
ARM GAS  C:\Users\lpc\AppData\Local\Temp\cclxGl4M.s 			page 3


  54      8000
  55 012f 010101C1 		.ascii	"\001\001\001\301\301\001\000\000\200\200\300\340\360"
  55      C1010000 
  55      8080C0E0 
  55      F0
  56 013c F8FEFFFF 		.ascii	"\370\376\377\377\377\377\377\377\377\377\377\377\377"
  56      FFFFFFFF 
  56      FFFFFFFF 
  56      FF
  57 0149 FFFFFFFF 		.ascii	"\377\377\377\377\377\377\377\377\377\377\377\375\374"
  57      FFFFFFFF 
  57      FFFFFFFD 
  57      FC
  58 0156 F88000F0 		.ascii	"\370\200\000\360\374\375\377\377\377\377\376\374\361"
  58      FCFDFFFF 
  58      FFFFFEFC 
  58      F1
  59 0163 C0000000 		.ascii	"\300\000\000\000\000\200\361\374\376\377\377\377\377"
  59      0080F1FC 
  59      FEFFFFFF 
  59      FF
  60 0170 FDFCF800 		.ascii	"\375\374\370\000\000\370\375\375\377\377\377\377\377"
  60      00F8FDFD 
  60      FFFFFFFF 
  60      FF
  61 017d FFFFFFFF 		.ascii	"\377\377\377\377\377\377\377\377\377\377\377\377\377"
  61      FFFFFFFF 
  61      FFFFFFFF 
  61      FF
  62 018a FFFFFFFF 		.ascii	"\377\377\377\377\377\377\377\377\377\377\377\377\377"
  62      FFFFFFFF 
  62      FFFFFFFF 
  62      FF
  63 0197 FFFFF0FF 		.ascii	"\377\377\360\377\377\377\377\377\377\377\377\377\377"
  63      FFFFFFFF 
  63      FFFFFFFF 
  63      FF
  64 01a4 FFF80000 		.ascii	"\377\370\000\000\360\377\377\377\377\377\377\377\377"
  64      F0FFFFFF 
  64      FFFFFFFF 
  64      FF
  65 01b1 FFFFFFFC 		.ascii	"\377\377\377\374\376\377\377\377\377\377\377\377\377"
  65      FEFFFFFF 
  65      FFFFFFFF 
  65      FF
  66 01be FFFFFFFF 		.ascii	"\377\377\377\377\377\377\377\377\377\377\377\377\377"
  66      FFFFFFFF 
  66      FFFFFFFF 
  66      FF
  67 01cb FFFFFFFF 		.ascii	"\377\377\377\377\377\377\377\377\377\377\377\377\377"
  67      FFFFFFFF 
  67      FFFFFFFF 
  67      FF
  68 01d8 FFFFFFFF 		.ascii	"\377\377\377\377\377\377\377\377\377\377\377\377\377"
  68      FFFFFFFF 
  68      FFFFFFFF 
  68      FF
ARM GAS  C:\Users\lpc\AppData\Local\Temp\cclxGl4M.s 			page 4


  69 01e5 FFFFFCFC 		.ascii	"\377\377\374\374\377\377\377\377\377\377\377\377\377"
  69      FFFFFFFF 
  69      FFFFFFFF 
  69      FF
  70 01f2 FFFFFFFF 		.ascii	"\377\377\377\377\377\377\377\377\377\377\377\377\377"
  70      FFFFFFFF 
  70      FFFFFFFF 
  70      FF
  71 01ff FFFFFFFF 		.ascii	"\377\377\377\377\377\377\377\377\377"
  71      FFFFFFFF 
  71      FF
  72              		.global	bilibiliImg
  73              		.section	.rodata.bilibiliImg,"a"
  74              		.align	2
  77              	bilibiliImg:
  78 0000 41       		.byte	65
  79 0001 40       		.byte	64
  80 0002 0000     		.space	2
  81 0004 00000000 		.word	bilibiliData
  82              		.global	bilibiliData
  83              		.section	.rodata.bilibiliData,"a"
  84              		.align	2
  87              	bilibiliData:
  88 0000 FFFFFFFF 		.ascii	"\377\377\377\377\377\377\377\377\377\377\377\377\377"
  88      FFFFFFFF 
  88      FFFFFFFF 
  88      FF
  89 000d FFFFFFFF 		.ascii	"\377\377\377\377\377\377\377\377\377\377\377\377\377"
  89      FFFFFFFF 
  89      FFFFFFFF 
  89      FF
  90 001a FFFFFF7F 		.ascii	"\377\377\377\177\037\017\017\017\037?\377\377\377\377"
  90      1F0F0F0F 
  90      1F3FFFFF 
  90      FFFF
  91 0028 FFFFFFFF 		.ascii	"\377\377\377\377\377\377\377\377\377\377\377\377\377"
  91      FFFFFFFF 
  91      FFFFFFFF 
  91      FF
  92 0035 FFFFFFFF 		.ascii	"\377\377\377\377\377\377\377\377\377\377\377\377\377"
  92      FFFFFFFF 
  92      FFFFFFFF 
  92      FF
  93 0042 FFFFFF7F 		.ascii	"\377\377\377\177\177\177\177?\277\337\337\377\357\357"
  93      7F7F7F3F 
  93      BFDFDFFF 
  93      EFEF
  94 0050 CFEFE7E7 		.ascii	"\317\357\347\347\347\347\367\367\367?\017\017C8<\000"
  94      E7E7F7F7 
  94      F73F0F0F 
  94      43383C00 
  95 0060 00000000 		.ascii	"\000\000\000\000 8\373\007\017\037\367\367\367\347\347"
  95      2038FB07 
  95      0F1FF7F7 
  95      F7E7E7
  96 006f E7E7EFEF 		.ascii	"\347\347\357\357\357\357\357\337\337\337\277?\177\177"
  96      EFEFEFDF 
ARM GAS  C:\Users\lpc\AppData\Local\Temp\cclxGl4M.s 			page 5


  96      DFDFBF3F 
  96      7F7F
  97 007d 7FFFFFFF 		.ascii	"\177\377\377\377\377\377\377\377\377\377\376\374\370"
  97      FFFFFFFF 
  97      FFFFFEFC 
  97      F8
  98 008a F0704F64 		.ascii	"\360pOd###\301\301\201\201\001\001\001\003\003\007\014"
  98      232323C1 
  98      C1818101 
  98      01010303 
  98      070C
  99 009c 1870F000 		.ascii	"\030p\360\000\000\030<\030\000\000\360\360p<\036\017"
  99      00183C18 
  99      0000F0F0 
  99      703C1E0F 
 100 00ac 07070303 		.ascii	"\007\007\003\003\001\201\301\301ACCDO\006\260\370\374"
 100      0181C1C1 
 100      41434344 
 100      4F06B0F8 
 100      FC
 101 00bd FEFFFFFF 		.ascii	"\376\377\377\377\377\377\377\377\377\377\377\377\377"
 101      FFFFFFFF 
 101      FFFFFFFF 
 101      FF
 102 00ca 01000000 		.ascii	"\001\000\000\000\000\000\0006\347\317\277\177\377\376"
 102      00000036 
 102      E7CFBF7F 
 102      FFFE
 103 00d8 F8F0E266 		.ascii	"\370\360\342f.\034\010\000\000\000\000\006\000\300\360"
 103      2E1C0800 
 103      00000006 
 103      00C0F0
 104 00e7 1F1E0C0E 		.ascii	"\037\036\014\016b\361\360\370\374\376\177?\237\307g"
 104      62F1F0F8 
 104      FCFE7F3F 
 104      9FC767
 105 00f6 02000000 		.ascii	"\002\000\000\000\000\000\000\357\377\377\377\377\377"
 105      000000EF 
 105      FFFFFFFF 
 105      FF
 106 0103 FFFFFFFF 		.ascii	"\377\377\377\377\377\377\377\377\377\374\360\340\300"
 106      FFFFFFFF 
 106      FFFCF0E0 
 106      C0
 107 0110 C0808000 		.ascii	"\300\200\200\000\000\001\201\341\001\001\001\000\200"
 107      000181E1 
 107      01010100 
 107      80
 108 011d 80C04060 		.ascii	"\200\300@`p8\014>\377\011\000a`@\200\200\200\000\001"
 108      70380C3E 
 108      FF090061 
 108      60408080 
 108      800001
 109 0130 0101C1C1 		.ascii	"\001\001\301\301\001\000\000\200\200\300\340\360\370"
 109      01000080 
 109      80C0E0F0 
 109      F8
ARM GAS  C:\Users\lpc\AppData\Local\Temp\cclxGl4M.s 			page 6


 110 013d FEFFFFFF 		.ascii	"\376\377\377\377\377\377\377\377\377\377\377\377\377"
 110      FFFFFFFF 
 110      FFFFFFFF 
 110      FF
 111 014a FFFFFFFF 		.ascii	"\377\377\377\377\377\377\377\377\377\377\375\374\370"
 111      FFFFFFFF 
 111      FFFFFDFC 
 111      F8
 112 0157 8000F0F8 		.ascii	"\200\000\360\370\375\377\377\377\377\376\374\361\300"
 112      FDFFFFFF 
 112      FFFEFCF1 
 112      C0
 113 0164 00000000 		.ascii	"\000\000\000\000\200\361\374\376\377\377\377\377\375"
 113      80F1FCFE 
 113      FFFFFFFF 
 113      FD
 114 0171 FCF80000 		.ascii	"\374\370\000\000\370\375\375\377\377\377\377\377\377"
 114      F8FDFDFF 
 114      FFFFFFFF 
 114      FF
 115 017e FFFFFFFF 		.ascii	"\377\377\377\377\377\377\377\377\377\377\377\377\377"
 115      FFFFFFFF 
 115      FFFFFFFF 
 115      FF
 116 018b FFFFFFFF 		.ascii	"\377\377\377\377\377\377\377\377\377\377\377\377\377"
 116      FFFFFFFF 
 116      FFFFFFFF 
 116      FF
 117 0198 FFF0FFFF 		.ascii	"\377\360\377\377\377\377\377\377\377\377\377\377\377"
 117      FFFFFFFF 
 117      FFFFFFFF 
 117      FF
 118 01a5 F80000F0 		.ascii	"\370\000\000\360\377\377\377\377\377\377\377\377\377"
 118      FFFFFFFF 
 118      FFFFFFFF 
 118      FF
 119 01b2 FFFFFCFE 		.ascii	"\377\377\374\376\377\377\377\377\377\377\377\377\377"
 119      FFFFFFFF 
 119      FFFFFFFF 
 119      FF
 120 01bf FFFFFFFF 		.ascii	"\377\377\377\377\377\377\377\377\377\377\377\377\377"
 120      FFFFFFFF 
 120      FFFFFFFF 
 120      FF
 121 01cc FFFFFFFF 		.ascii	"\377\377\377\377\377\377\377\377\377\377\377\377\377"
 121      FFFFFFFF 
 121      FFFFFFFF 
 121      FF
 122 01d9 FFFFFFFF 		.ascii	"\377\377\377\377\377\377\377\377\377\377\377\377\377"
 122      FFFFFFFF 
 122      FFFFFFFF 
 122      FF
 123 01e6 FFFEFCFF 		.ascii	"\377\376\374\377\377\377\377\377\377\377\377\377\377"
 123      FFFFFFFF 
 123      FFFFFFFF 
 123      FF
 124 01f3 FFFFFFFF 		.ascii	"\377\377\377\377\377\377\377\377\377\377\377\377\377"
ARM GAS  C:\Users\lpc\AppData\Local\Temp\cclxGl4M.s 			page 7


 124      FFFFFFFF 
 124      FFFFFFFF 
 124      FF
 125 0200 FFFFFFFF 		.ascii	"\377\377\377\377\377\377\377\377"
 125      FFFFFFFF 
 126              		.global	font16x16
 127              		.section	.rodata.font16x16,"a"
 128              		.align	2
 131              	font16x16:
 132 0000 10       		.byte	16
 133 0001 10       		.byte	16
 134 0002 0000     		.space	2
 135 0004 00000000 		.word	zh16x16
 136 0008 04       		.byte	4
 137 0009 000000   		.space	3
 138 000c 00000000 		.word	afont16x8
 139              		.global	zh16x16
 140              		.section	.rodata.zh16x16,"a"
 141              		.align	2
 144              	zh16x16:
 145 0000 E6B3A200 		.ascii	"\346\263\242\000\020`\002\014\300\000\370\210\210\210"
 145      1060020C 
 145      C000F888 
 145      8888
 146 000e FF8888A8 		.ascii	"\377\210\210\250\030\000\004\004|\003\200`\037\200C"
 146      18000404 
 146      7C038060 
 146      1F8043
 147 001d 2C102846 		.ascii	",\020(F\201\200\000"
 147      818000
 148 0024 E789B900 		.ascii	"\347\211\271\000@<\020\377\020\020@HHH\177H\310H@\000"
 148      403C10FF 
 148      10104048 
 148      48487F48 
 148      C8484000 
 149 0038 020602FF 		.ascii	"\002\006\002\377\001\001\000\002\012\022B\202\177\002"
 149      01010002 
 149      0A124282 
 149      7F02
 150 0046 0200     		.ascii	"\002\000"
 151 0048 E5BE8B00 		.ascii	"\345\276\213\000\000\020\210\3043\020TTT\377TT|\020"
 151      001088C4 
 151      33105454 
 151      54FF5454 
 151      7C10
 152 005a 10000201 		.ascii	"\020\000\002\001\000\377\000\020\022\022\022\377\022"
 152      00FF0010 
 152      121212FF 
 152      12
 153 0067 12121000 		.ascii	"\022\022\020\000\000"
 153      00
 154 006c E58AA800 		.ascii	"\345\212\250\000@D\304DDD@\020\020\377\020\020\020\360"
 154      4044C444 
 154      44444010 
 154      10FF1010 
 154      10F0
 155 007e 0000103C 		.ascii	"\000\000\020<\023\020\024\270@0\016\001@\200@?\000\000"
ARM GAS  C:\Users\lpc\AppData\Local\Temp\cclxGl4M.s 			page 8


 155      131014B8 
 155      40300E01 
 155      4080403F 
 155      0000
 156              		.global	afont24x12
 157              		.section	.rodata.afont24x12,"a"
 158              		.align	2
 161              	afont24x12:
 162 0000 18       		.byte	24
 163 0001 0C       		.byte	12
 164 0002 0000     		.space	2
 165 0004 00000000 		.word	ascii_24x12
 166              		.global	ascii_24x12
 167              		.section	.rodata.ascii_24x12,"a"
 168              		.align	2
 171              	ascii_24x12:
 172 0000 00000000 		.ascii	"\000\000\000\000\000\000\000\000\000\000\000\000\000"
 172      00000000 
 172      00000000 
 172      00
 173 000d 00000000 		.ascii	"\000\000\000\000\000\000\000\000\000\000\000\000\000"
 173      00000000 
 173      00000000 
 173      00
 174 001a 00000000 		.ascii	"\000\000\000\000\000\000\000\000\000\000"
 174      00000000 
 174      0000
 175 0024 00000000 		.ascii	"\000\000\000\000\000\360\360\360\000\000\000\000\000"
 175      00F0F0F0 
 175      00000000 
 175      00
 176 0031 00000000 		.ascii	"\000\000\000\000\001\177\001\000\000\000\000\000\000"
 176      017F0100 
 176      00000000 
 176      00
 177 003e 0000001C 		.ascii	"\000\000\000\034\034\034\000\000\000\000"
 177      1C1C0000 
 177      0000
 178 0048 00008060 		.ascii	"\000\000\200`0\034\214`0\034\014\000\000\000\000\000"
 178      301C8C60 
 178      301C0C00 
 178      00000000 
 179 0058 00000000 		.ascii	"\000\000\000\000\000\000\000\000\000\000\000\000\000"
 179      00000000 
 179      00000000 
 179      00
 180 0065 00000000 		.ascii	"\000\000\000\000\000\000\000"
 180      000000
 181 006c 000000E0 		.ascii	"\000\000\000\340\000\000\000\000\000\340\000\000\000"
 181      00000000 
 181      00E00000 
 181      00
 182 0079 86E69F86 		.ascii	"\206\346\237\206\206\206\206\346\237\206\000\000\001"
 182      868686E6 
 182      9F860000 
 182      01
 183 0086 1F010101 		.ascii	"\037\001\001\001\001\001\037\001\001\000"
ARM GAS  C:\Users\lpc\AppData\Local\Temp\cclxGl4M.s 			page 9


 183      01011F01 
 183      0100
 184 0090 000080C0 		.ascii	"\000\000\200\300` \370 \340\300\000\000\000\000\003"
 184      6020F820 
 184      E0C00000 
 184      000003
 185 009f 070C18FF 		.ascii	"\007\014\030\377p\341\201\000\000\000\000\007\017\020"
 185      70E18100 
 185      00000007 
 185      0F10
 186 00ad 107F100F 		.ascii	"\020\177\020\017\007\000\000"
 186      070000
 187 00b4 80602060 		.ascii	"\200` `\200\000\000\000\340 \000\000\0170 0\237p\334"
 187      80000000 
 187      E0200000 
 187      0F302030 
 187      9F70DC
 188 00c7 371030C0 		.ascii	"7\0200\300\000\000\000\020\016\003\000\007\030\020\030"
 188      00000010 
 188      0E030007 
 188      181018
 189 00d6 0700     		.ascii	"\007\000"
 190 00d8 0000C020 		.ascii	"\000\000\300  \340\300\000\000\000\000\000\200\340\037"
 190      20E0C000 
 190      00000000 
 190      80E01F
 191 00e7 38E88703 		.ascii	"8\350\207\003\304<\004\000\000\007\017\030\020\020\013"
 191      C43C0400 
 191      00070F18 
 191      10100B
 192 00f6 070D1010 		.ascii	"\007\015\020\020\010\000"
 192      0800
 193 00fc 00808C4C 		.ascii	"\000\200\214L8\000\000\000\000\000\000\000\000\000\000"
 193      38000000 
 193      00000000 
 193      000000
 194 010b 00000000 		.ascii	"\000\000\000\000\000\000\000\000\000\000\000\000\000"
 194      00000000 
 194      00000000 
 194      00
 195 0118 00000000 		.ascii	"\000\000\000\000\000\000\000\000"
 195      00000000 
 196 0120 00000000 		.ascii	"\000\000\000\000\000\000\200\3400\010\004\000\000\000"
 196      000080E0 
 196      30080400 
 196      0000
 197 012e 000000FE 		.ascii	"\000\000\000\376\377\001\000\000\000\000\000\000\000"
 197      FF010000 
 197      00000000 
 197      00
 198 013b 00000003 		.ascii	"\000\000\000\003\017\030 @\000"
 198      0F182040 
 198      00
 199 0144 00040830 		.ascii	"\000\004\0100\340\200\000\000\000\000\000\000\000\000"
 199      E0800000 
 199      00000000 
 199      0000
ARM GAS  C:\Users\lpc\AppData\Local\Temp\cclxGl4M.s 			page 10


 200 0152 000001FF 		.ascii	"\000\000\001\377\376\000\000\000\000\000\000@ \030\017"
 200      FE000000 
 200      00000040 
 200      20180F
 201 0161 03000000 		.ascii	"\003\000\000\000\000\000\000"
 201      000000
 202 0168 00000000 		.ascii	"\000\000\000\000\000\000\300\000\000\000\000\000\000"
 202      0000C000 
 202      00000000 
 202      00
 203 0175 4266663C 		.ascii	"Bff<\030\377\030<ffB\000\000\000\000\000\000\003\000"
 203      18FF183C 
 203      66664200 
 203      00000000 
 203      000300
 204 0188 00000000 		.ascii	"\000\000\000\000"
 205 018c 00000000 		.ascii	"\000\000\000\000\000\000\200\000\000\000\000\000\000"
 205      00008000 
 205      00000000 
 205      00
 206 0199 10101010 		.ascii	"\020\020\020\020\020\377\020\020\020\020\020\000\000"
 206      10FF1010 
 206      10101000 
 206      00
 207 01a6 00000000 		.ascii	"\000\000\000\000\003\000\000\000\000\000"
 207      03000000 
 207      0000
 208 01b0 00000000 		.ascii	"\000\000\000\000\000\000\000\000\000\000\000\000\000"
 208      00000000 
 208      00000000 
 208      00
 209 01bd 00000000 		.ascii	"\000\000\000\000\000\000\000\000\000\000\000\000\200"
 209      00000000 
 209      00000000 
 209      80
 210 01ca 8C4C3800 		.ascii	"\214L8\000\000\000\000\000\000\000"
 210      00000000 
 210      0000
 211 01d4 00000000 		.ascii	"\000\000\000\000\000\000\000\000\000\000\000\000\000"
 211      00000000 
 211      00000000 
 211      00
 212 01e1 10101010 		.ascii	"\020\020\020\020\020\020\020\020\020\020\000\000\000"
 212      10101010 
 212      10100000 
 212      00
 213 01ee 00000000 		.ascii	"\000\000\000\000\000\000\000\000\000\000"
 213      00000000 
 213      0000
 214 01f8 00000000 		.ascii	"\000\000\000\000\000\000\000\000\000\000\000\000\000"
 214      00000000 
 214      00000000 
 214      00
 215 0205 00000000 		.ascii	"\000\000\000\000\000\000\000\000\000\000\000\000\000"
 215      00000000 
 215      00000000 
 215      00
ARM GAS  C:\Users\lpc\AppData\Local\Temp\cclxGl4M.s 			page 11


 216 0212 1C1C1C00 		.ascii	"\034\034\034\000\000\000\000\000\000\000"
 216      00000000 
 216      0000
 217 021c 00000000 		.ascii	"\000\000\000\000\000\000\000\000\3408\014\000\000\000"
 217      00000000 
 217      E0380C00 
 217      0000
 218 022a 00008070 		.ascii	"\000\000\200p\034\003\000\000\000\000\000`8\016\001"
 218      1C030000 
 218      00000060 
 218      380E01
 219 0239 00000000 		.ascii	"\000\000\000\000\000\000\000"
 219      000000
 220 0240 000080C0 		.ascii	"\000\000\200\300`  `\300\200\000\000\000\376\377\001"
 220      60202060 
 220      C0800000 
 220      00FEFF01 
 221 0250 00000000 		.ascii	"\000\000\000\000\001\377\376\000\000\001\007\016\030"
 221      01FFFE00 
 221      0001070E 
 221      18
 222 025d 1010180E 		.ascii	"\020\020\030\016\007\001\000"
 222      070100
 223 0264 00008080 		.ascii	"\000\000\200\200\200\300\340\000\000\000\000\000\000"
 223      80C0E000 
 223      00000000 
 223      00
 224 0271 00000000 		.ascii	"\000\000\000\000\377\377\000\000\000\000\000\000\000"
 224      FFFF0000 
 224      00000000 
 224      00
 225 027e 1010101F 		.ascii	"\020\020\020\037\037\020\020\020\000\000"
 225      1F101010 
 225      0000
 226 0288 00804020 		.ascii	"\000\200@    `\300\200\000\000\000\003\003\000\200@"
 226      20202060 
 226      C0800000 
 226      00030300 
 226      8040
 227 029a 20381F07 		.ascii	" 8\037\007\000\000\000\034\032\031\030\030\030\030\030"
 227      0000001C 
 227      1A191818 
 227      181818
 228 02a9 1F0000   		.ascii	"\037\000\000"
 229 02ac 0080C020 		.ascii	"\000\200\300   `\300\200\000\000\000\000\003\003\000"
 229      202060C0 
 229      80000000 
 229      00030300 
 230 02bc 1010182F 		.ascii	"\020\020\030/\347\200\000\000\000\007\017\020\020\020"
 230      E7800000 
 230      00070F10 
 230      1010
 231 02ca 10180F07 		.ascii	"\020\030\017\007\000\000"
 231      0000
 232 02d0 00000000 		.ascii	"\000\000\000\000\000\000\300\340\360\000\000\000\000"
 232      0000C0E0 
 232      F0000000 
ARM GAS  C:\Users\lpc\AppData\Local\Temp\cclxGl4M.s 			page 12


 232      00
 233 02dd C0B08886 		.ascii	"\300\260\210\206\201\200\377\377\200\200\000\000\000"
 233      8180FFFF 
 233      80800000 
 233      00
 234 02ea 00000010 		.ascii	"\000\000\000\020\020\037\037\020\020\000"
 234      101F1F10 
 234      1000
 235 02f4 0000E060 		.ascii	"\000\000\340```````\000\000\000\000?\020\010\010\010"
 235      60606060 
 235      60600000 
 235      00003F10 
 235      080808
 236 0307 18F0E000 		.ascii	"\030\360\340\000\000\000\007\013\020\020\020\020\034"
 236      0000070B 
 236      10101010 
 236      1C
 237 0314 0F030000 		.ascii	"\017\003\000\000"
 238 0318 000080C0 		.ascii	"\000\000\200\300@   \340\300\000\000\000\374\377!\020"
 238      40202020 
 238      E0C00000 
 238      00FCFF21 
 238      10
 239 0329 08080818 		.ascii	"\010\010\010\030\360\340\000\000\001\007\014\030\020"
 239      F0E00000 
 239      01070C18 
 239      10
 240 0336 1010080F 		.ascii	"\020\020\010\017\003\000"
 240      0300
 241 033c 0000C0E0 		.ascii	"\000\000\300\340`````\340`\000\000\000\003\000\000\000"
 241      60606060 
 241      60E06000 
 241      00000300 
 241      0000
 242 034e E0180700 		.ascii	"\340\030\007\000\000\000\000\000\000\000\000\037\037"
 242      00000000 
 242      0000001F 
 242      1F
 243 035b 00000000 		.ascii	"\000\000\000\000\000"
 243      00
 244 0360 0080C060 		.ascii	"\000\200\300`    `\300\200\000\000\207\357,\030\030"
 244      20202020 
 244      60C08000 
 244      0087EF2C 
 244      1818
 245 0372 303068CF 		.ascii	"00h\317\203\000\000\007\017\010\020\020\020\020\030"
 245      83000007 
 245      0F081010 
 245      101018
 246 0381 0F0700   		.ascii	"\017\007\000"
 247 0384 0000C0C0 		.ascii	"\000\000\300\300    \300\200\000\000\000\037?`@@@ \020"
 247      20202020 
 247      C0800000 
 247      001F3F60 
 247      40404020 
 248 0399 FFFE0000 		.ascii	"\377\376\000\000\000\014\034\020\020\020\010\017\003"
 248      000C1C10 
ARM GAS  C:\Users\lpc\AppData\Local\Temp\cclxGl4M.s 			page 13


 248      1010080F 
 248      03
 249 03a6 0000     		.ascii	"\000\000"
 250 03a8 00000000 		.ascii	"\000\000\000\000\000\000\000\000\000\000\000\000\000"
 250      00000000 
 250      00000000 
 250      00
 251 03b5 00000000 		.ascii	"\000\000\000\000\016\016\016\000\000\000\000\000\000"
 251      0E0E0E00 
 251      00000000 
 251      00
 252 03c2 0000001C 		.ascii	"\000\000\000\034\034\034\000\000\000\000"
 252      1C1C0000 
 252      0000
 253 03cc 00000000 		.ascii	"\000\000\000\000\000\000\000\000\000\000\000\000\000"
 253      00000000 
 253      00000000 
 253      00
 254 03d9 00000000 		.ascii	"\000\000\000\000\014\014\000\000\000\000\000\000\000"
 254      0C0C0000 
 254      00000000 
 254      00
 255 03e6 00000058 		.ascii	"\000\000\000X8\000\000\000\000\000"
 255      38000000 
 255      0000
 256 03f0 00000000 		.ascii	"\000\000\000\000\000\000\000\200@ \020\000\000\000\020"
 256      00000080 
 256      40201000 
 256      000010
 257 03ff 28448201 		.ascii	"(D\202\001\000\000\000\000\000\000\000\000\000\000\000"
 257      00000000 
 257      00000000 
 257      000000
 258 040e 01020408 		.ascii	"\001\002\004\010\020\000"
 258      1000
 259 0414 00000000 		.ascii	"\000\000\000\000\000\000\000\000\000\000\000\000\000"
 259      00000000 
 259      00000000 
 259      00
 260 0421 84848484 		.ascii	"\204\204\204\204\204\204\204\204\204\204\000\000\000"
 260      84848484 
 260      84840000 
 260      00
 261 042e 00000000 		.ascii	"\000\000\000\000\000\000\000\000\000\000"
 261      00000000 
 261      0000
 262 0438 00001020 		.ascii	"\000\000\020 @\200\000\000\000\000\000\000\000\000\000"
 262      40800000 
 262      00000000 
 262      000000
 263 0447 00000001 		.ascii	"\000\000\000\001\202D(\020\000\000\000\020\010\004\002"
 263      82442810 
 263      00000010 
 263      080402
 264 0456 01000000 		.ascii	"\001\000\000\000\000\000"
 264      0000
 265 045c 00C02020 		.ascii	"\000\300  \020\020\020\0200\340\300\000\000\003\003"
ARM GAS  C:\Users\lpc\AppData\Local\Temp\cclxGl4M.s 			page 14


 265      10101010 
 265      30E0C000 
 265      000303
 266 046b 0000F010 		.ascii	"\000\000\360\020\010\014\007\003\000\000\000\000\000"
 266      080C0703 
 266      00000000 
 266      00
 267 0478 1C1C1C00 		.ascii	"\034\034\034\000\000\000\000\000"
 267      00000000 
 268 0480 000000C0 		.ascii	"\000\000\000\300@`   @\300\000\000\374\377\001\360\016"
 268      40602020 
 268      2040C000 
 268      00FCFF01 
 268      F00E
 269 0492 03C1FE03 		.ascii	"\003\301\376\003\200\177\000\001\007\016\010\021\021"
 269      807F0001 
 269      070E0811 
 269      11
 270 049f 10110904 		.ascii	"\020\021\011\004\002"
 270      02
 271 04a4 00000000 		.ascii	"\000\000\000\000\200\340\340\000\000\000\000\000\000"
 271      80E0E000 
 271      00000000 
 271      00
 272 04b1 00807C43 		.ascii	"\000\200|C@G\177\370\200\000\000\020\030\037\020\000"
 272      40477FF8 
 272      80000010 
 272      181F1000 
 273 04c1 00000013 		.ascii	"\000\000\000\023\037\034\020"
 273      1F1C10
 274 04c8 20E0E020 		.ascii	" \340\340    `\300\200\000\000\000\377\377\020\020\020"
 274      20202060 
 274      C0800000 
 274      00FFFF10 
 274      1010
 275 04da 10182FE7 		.ascii	"\020\030/\347\200\000\020\037\037\020\020\020\020\020"
 275      8000101F 
 275      1F101010 
 275      1010
 276 04e8 180F0700 		.ascii	"\030\017\007\000"
 277 04ec 000080C0 		.ascii	"\000\000\200\300@    `\340\000\000\374\377\001\000\000"
 277      40202020 
 277      2060E000 
 277      00FCFF01 
 277      0000
 278 04fe 00000000 		.ascii	"\000\000\000\000\001\000\000\001\007\016\030\020\020"
 278      01000001 
 278      070E1810 
 278      10
 279 050b 10080403 		.ascii	"\020\010\004\003\000"
 279      00
 280 0510 20E0E020 		.ascii	" \340\340    @\300\200\000\000\000\377\377\000\000\000"
 280      20202040 
 280      C0800000 
 280      00FFFF00 
 280      0000
 281 0522 000001FF 		.ascii	"\000\000\001\377\376\000\020\037\037\020\020\020\030"
ARM GAS  C:\Users\lpc\AppData\Local\Temp\cclxGl4M.s 			page 15


 281      FE00101F 
 281      1F101010 
 281      18
 282 052f 080E0701 		.ascii	"\010\016\007\001\000"
 282      00
 283 0534 20E0E020 		.ascii	" \340\340      `\200\000\000\377\377\020\020\020\020"
 283      20202020 
 283      20608000 
 283      00FFFF10 
 283      101010
 284 0547 7C000000 		.ascii	"|\000\000\000\000\020\037\037\020\020\020\020\020\020"
 284      00101F1F 
 284      10101010 
 284      1010
 285 0555 180600   		.ascii	"\030\006\000"
 286 0558 20E0E020 		.ascii	" \340\340     ``\200\000\000\377\377\020\020\020\020"
 286      20202020 
 286      60608000 
 286      00FFFF10 
 286      101010
 287 056b 7C000001 		.ascii	"|\000\000\001\000\020\037\037\020\000\000\000\000\000"
 287      00101F1F 
 287      10000000 
 287      0000
 288 0579 000000   		.ascii	"\000\000\000"
 289 057c 000080C0 		.ascii	"\000\000\200\300`   @\340\000\000\000\374\377\001\000"
 289      60202020 
 289      40E00000 
 289      00FCFF01 
 289      00
 290 058d 004040C0 		.ascii	"\000@@\300\301@@\000\001\007\016\030\020\020\020\017"
 290      C1404000 
 290      01070E18 
 290      1010100F 
 291 059d 0F0000   		.ascii	"\017\000\000"
 292 05a0 20E0E020 		.ascii	" \340\340 \000\000\000\000 \340\340 \000\377\377\020"
 292      00000000 
 292      20E0E020 
 292      00FFFF10 
 293 05b0 10101010 		.ascii	"\020\020\020\020\020\377\377\000\020\037\037\020\000"
 293      10FFFF00 
 293      101F1F10 
 293      00
 294 05bd 00000010 		.ascii	"\000\000\000\020\037\037\020"
 294      1F1F10
 295 05c4 00002020 		.ascii	"\000\000   \340\340   \000\000\000\000\000\000\000\377"
 295      20E0E020 
 295      20200000 
 295      00000000 
 295      00FF
 296 05d6 FF000000 		.ascii	"\377\000\000\000\000\000\000\000\020\020\020\037\037"
 296      00000000 
 296      1010101F 
 296      1F
 297 05e3 10101000 		.ascii	"\020\020\020\000\000"
 297      00
 298 05e8 00000000 		.ascii	"\000\000\000\000   \340\340   \000\000\000\000\000\000"
ARM GAS  C:\Users\lpc\AppData\Local\Temp\cclxGl4M.s 			page 16


 298      202020E0 
 298      E0202020 
 298      00000000 
 298      0000
 299 05fa 00FFFF00 		.ascii	"\000\377\377\000\000\000\000`\340\200\200\200\300\177"
 299      00000060 
 299      E0808080 
 299      C07F
 300 0608 3F000000 		.ascii	"?\000\000\000"
 301 060c 20E0E020 		.ascii	" \340\340 \000\000 \240`  \000\000\377\3770\030|\343"
 301      000020A0 
 301      60202000 
 301      00FFFF30 
 301      187CE3
 302 061f C0000000 		.ascii	"\300\000\000\000\000\020\037\037\020\000\000\001\023"
 302      00101F1F 
 302      10000001 
 302      13
 303 062c 1F1C1810 		.ascii	"\037\034\030\020"
 304 0630 20E0E020 		.ascii	" \340\340 \000\000\000\000\000\000\000\000\000\377\377"
 304      00000000 
 304      00000000 
 304      00FFFF
 305 063f 00000000 		.ascii	"\000\000\000\000\000\000\000\000\000\020\037\037\020"
 305      00000000 
 305      00101F1F 
 305      10
 306 064c 10101010 		.ascii	"\020\020\020\020\020\030\006\000"
 306      10180600 
 307 0654 20E0E0E0 		.ascii	" \340\340\340\000\000\000\000\340\340\340 \000\377\001"
 307      00000000 
 307      E0E0E020 
 307      00FF01
 308 0663 3FFEC0E0 		.ascii	"?\376\300\340\036\001\377\377\000\020\037\020\000\003"
 308      1E01FFFF 
 308      00101F10 
 308      0003
 309 0671 1F030010 		.ascii	"\037\003\000\020\037\037\020"
 309      1F1F10
 310 0678 20E0E0C0 		.ascii	" \340\340\300\000\000\000\000\000 \340 \000\377\000"
 310      00000000 
 310      0020E020 
 310      00FF00
 311 0687 03071C78 		.ascii	"\003\007\034x\340\200\000\377\000\020\037\020\000\000"
 311      E08000FF 
 311      00101F10 
 311      0000
 312 0695 00000003 		.ascii	"\000\000\000\003\017\037\000"
 312      0F1F00
 313 069c 000080C0 		.ascii	"\000\000\200\300`  `\300\200\000\000\000\376\377\001"
 313      60202060 
 313      C0800000 
 313      00FEFF01 
 314 06ac 00000000 		.ascii	"\000\000\000\000\000\377\376\000\000\001\007\016\030"
 314      00FFFE00 
 314      0001070E 
 314      18
ARM GAS  C:\Users\lpc\AppData\Local\Temp\cclxGl4M.s 			page 17


 315 06b9 1010180C 		.ascii	"\020\020\030\014\007\001\000"
 315      070100
 316 06c0 20E0E020 		.ascii	" \340\340     `\300\200\000\000\377\377     0\037\017"
 316      20202020 
 316      60C08000 
 316      00FFFF20 
 316      20202020 
 317 06d7 00101F1F 		.ascii	"\000\020\037\037\020\000\000\000\000\000\000\000\000"
 317      10000000 
 317      00000000 
 317      00
 318 06e4 000080C0 		.ascii	"\000\000\200\300`  `\300\200\000\000\000\376\377\001"
 318      60202060 
 318      C0800000 
 318      00FEFF01 
 319 06f4 00000000 		.ascii	"\000\000\000\000\000\377\376\000\000\001\007\016\021"
 319      00FFFE00 
 319      0001070E 
 319      11
 320 0701 11133C7C 		.ascii	"\021\023<|g!\000"
 320      672100
 321 0708 20E0E020 		.ascii	" \340\340     `\300\200\000\000\377\377\020\0200\360"
 321      20202020 
 321      60C08000 
 321      00FFFF10 
 321      1030F0
 322 071b D0080F07 		.ascii	"\320\010\017\007\000\020\037\037\020\000\000\000\003"
 322      00101F1F 
 322      10000000 
 322      03
 323 0728 0F1C1010 		.ascii	"\017\034\020\020"
 324 072c 0080C060 		.ascii	"\000\200\300`    @@\340\000\000\007\017\014\030\030"
 324      20202020 
 324      4040E000 
 324      00070F0C 
 324      1818
 325 073e 303060E0 		.ascii	"00`\340\201\000\000\037\014\010\020\020\020\020\030"
 325      8100001F 
 325      0C081010 
 325      101018
 326 074d 0F0700   		.ascii	"\017\007\000"
 327 0750 80602020 		.ascii	"\200`   \340\340   `\200\001\000\000\000\000\377\377"
 327      20E0E020 
 327      20206080 
 327      01000000 
 327      00FFFF
 328 0763 00000000 		.ascii	"\000\000\000\000\001\000\000\000\000\020\037\037\020"
 328      01000000 
 328      00101F1F 
 328      10
 329 0770 00000000 		.ascii	"\000\000\000\000"
 330 0774 20E0E020 		.ascii	" \340\340 \000\000\000\000\000 \340 \000\377\377\000"
 330      00000000 
 330      0020E020 
 330      00FFFF00 
 331 0784 00000000 		.ascii	"\000\000\000\000\000\000\377\000\000\007\017\030\020"
 331      0000FF00 
ARM GAS  C:\Users\lpc\AppData\Local\Temp\cclxGl4M.s 			page 18


 331      00070F18 
 331      10
 332 0791 10101010 		.ascii	"\020\020\020\020\010\007\000"
 332      080700
 333 0798 2060E0E0 		.ascii	" `\340\340 \000\000\000 \340` \000\000\007\177\370\200"
 333      20000000 
 333      20E06020 
 333      0000077F 
 333      F880
 334 07aa 00807C03 		.ascii	"\000\200|\003\000\000\000\000\000\000\007\037\034\007"
 334      00000000 
 334      0000071F 
 334      1C07
 335 07b8 00000000 		.ascii	"\000\000\000\000"
 336 07bc 20E0E020 		.ascii	" \340\340 \000\340\340 \000 \340 \000\007\377\370\340"
 336      00E0E020 
 336      0020E020 
 336      0007FFF8 
 336      E0
 337 07cd 1FFFFCE0 		.ascii	"\037\377\374\340\037\000\000\000\000\003\037\003\000"
 337      1F000000 
 337      00031F03 
 337      00
 338 07da 011F0300 		.ascii	"\001\037\003\000\000\000"
 338      0000
 339 07e0 002060E0 		.ascii	"\000 `\340\240\000\000 \340` \000\000\000\000\003\217"
 339      A0000020 
 339      E0602000 
 339      00000003 
 339      8F
 340 07f1 7CF8C601 		.ascii	"|\370\306\001\000\000\000\000\020\030\036\023\000\001"
 340      00000000 
 340      10181E13 
 340      0001
 341 07ff 171F1810 		.ascii	"\027\037\030\020\000"
 341      00
 342 0804 2060E0E0 		.ascii	" `\340\340 \000\000\000 \340` \000\000\001\007>\370"
 342      20000000 
 342      20E06020 
 342      00000107 
 342      3EF8
 343 0816 E0180700 		.ascii	"\340\030\007\000\000\000\000\000\000\020\020\037\037"
 343      00000000 
 343      0010101F 
 343      1F
 344 0823 10100000 		.ascii	"\020\020\000\000\000"
 344      00
 345 0828 00806020 		.ascii	"\000\200`    \240\340\340 \000\000\000\000\000\300\360"
 345      202020A0 
 345      E0E02000 
 345      00000000 
 345      C0F0
 346 083a 3E0F0300 		.ascii	">\017\003\000\000\000\000\020\034\037\027\020\020\020"
 346      00000010 
 346      1C1F1710 
 346      1010
 347 0848 10180600 		.ascii	"\020\030\006\000"
ARM GAS  C:\Users\lpc\AppData\Local\Temp\cclxGl4M.s 			page 19


 348 084c 00000000 		.ascii	"\000\000\000\000\000\374\004\004\004\004\004\000\000"
 348      00FC0404 
 348      04040400 
 348      00
 349 0859 00000000 		.ascii	"\000\000\000\000\377\000\000\000\000\000\000\000\000"
 349      FF000000 
 349      00000000 
 349      00
 350 0866 0000007F 		.ascii	"\000\000\000\177@@@@@\000"
 350      40404040 
 350      4000
 351 0870 000010E0 		.ascii	"\000\000\020\340\000\000\000\000\000\000\000\000\000"
 351      00000000 
 351      00000000 
 351      00
 352 087d 00000003 		.ascii	"\000\000\000\003\034`\200\000\000\000\000\000\000\000"
 352      1C608000 
 352      00000000 
 352      0000
 353 088b 00000000 		.ascii	"\000\000\000\000\003\014p\200\000"
 353      030C7080 
 353      00
 354 0894 00000404 		.ascii	"\000\000\004\004\004\004\004\374\000\000\000\000\000"
 354      040404FC 
 354      00000000 
 354      00
 355 08a1 00000000 		.ascii	"\000\000\000\000\000\000\377\000\000\000\000\000\000"
 355      0000FF00 
 355      00000000 
 355      00
 356 08ae 40404040 		.ascii	"@@@@@\177\000\000\000\000"
 356      407F0000 
 356      0000
 357 08b8 00000010 		.ascii	"\000\000\000\020\010\014\004\014\010\020\000\000\000"
 357      080C040C 
 357      08100000 
 357      00
 358 08c5 00000000 		.ascii	"\000\000\000\000\000\000\000\000\000\000\000\000\000"
 358      00000000 
 358      00000000 
 358      00
 359 08d2 00000000 		.ascii	"\000\000\000\000\000\000\000\000\000\000"
 359      00000000 
 359      0000
 360 08dc 00000000 		.ascii	"\000\000\000\000\000\000\000\000\000\000\000\000\000"
 360      00000000 
 360      00000000 
 360      00
 361 08e9 00000000 		.ascii	"\000\000\000\000\000\000\000\000\000\000\000\200\200"
 361      00000000 
 361      00000080 
 361      80
 362 08f6 80808080 		.ascii	"\200\200\200\200\200\200\200\200\200\200"
 362      80808080 
 362      8080
 363 0900 00000004 		.ascii	"\000\000\000\004\004\010\010\000\000\000\000\000\000"
 363      04080800 
ARM GAS  C:\Users\lpc\AppData\Local\Temp\cclxGl4M.s 			page 20


 363      00000000 
 363      00
 364 090d 00000000 		.ascii	"\000\000\000\000\000\000\000\000\000\000\000\000\000"
 364      00000000 
 364      00000000 
 364      00
 365 091a 00000000 		.ascii	"\000\000\000\000\000\000\000\000\000\000"
 365      00000000 
 365      0000
 366 0924 00000000 		.ascii	"\000\000\000\000\000\000\000\000\000\000\000\000\000"
 366      00000000 
 366      00000000 
 366      00
 367 0931 0098D844 		.ascii	"\000\230\330Dd$$\374\370\000\000\000\017\037\030\020"
 367      642424FC 
 367      F8000000 
 367      0F1F1810 
 368 0941 1010081F 		.ascii	"\020\020\010\037\037\020\030"
 368      1F1018
 369 0948 0020E0F0 		.ascii	"\000 \340\360\000\000\000\000\000\000\000\000\000\000"
 369      00000000 
 369      00000000 
 369      0000
 370 0956 FFFF1808 		.ascii	"\377\377\030\010\004\004\014\370\360\000\000\000\037"
 370      04040CF8 
 370      F0000000 
 370      1F
 371 0963 0F181010 		.ascii	"\017\030\020\020\020\030\017\003\000"
 371      10180F03 
 371      00
 372 096c 00000000 		.ascii	"\000\000\000\000\000\000\000\000\000\000\000\000\000"
 372      00000000 
 372      00000000 
 372      00
 373 0979 E0F81804 		.ascii	"\340\370\030\004\004\004<8\000\000\000\000\003\017\014"
 373      04043C38 
 373      00000000 
 373      030F0C
 374 0988 10101010 		.ascii	"\020\020\020\020\010\006\000\000"
 374      08060000 
 375 0990 00000000 		.ascii	"\000\000\000\000\000\000\000 \340\360\000\000\000\340"
 375      00000020 
 375      E0F00000 
 375      00E0
 376 099e F81C0404 		.ascii	"\370\034\004\004\004\010\377\377\000\000\000\003\017"
 376      0408FFFF 
 376      00000003 
 376      0F
 377 09ab 18101010 		.ascii	"\030\020\020\020\010\037\017\010\000"
 377      081F0F08 
 377      00
 378 09b4 00000000 		.ascii	"\000\000\000\000\000\000\000\000\000\000\000\000\000"
 378      00000000 
 378      00000000 
 378      00
 379 09c1 00E0F848 		.ascii	"\000\340\370HDDDLxp\000\000\000\003\017\014\030\020"
 379      4444444C 
ARM GAS  C:\Users\lpc\AppData\Local\Temp\cclxGl4M.s 			page 21


 379      78700000 
 379      00030F0C 
 379      1810
 380 09d3 10100804 		.ascii	"\020\020\010\004\000"
 380      00
 381 09d8 00000000 		.ascii	"\000\000\000\000\200\300`  \340\300\000\000\004\004"
 381      80C06020 
 381      20E0C000 
 381      000404
 382 09e7 04FFFF04 		.ascii	"\004\377\377\004\004\004\004\000\000\000\000\020\020"
 382      04040400 
 382      00000010 
 382      10
 383 09f4 1F1F1010 		.ascii	"\037\037\020\020\020\000\000\000"
 383      10000000 
 384 09fc 00000000 		.ascii	"\000\000\000\000\000\000\000\000\000\000\000\000\000"
 384      00000000 
 384      00000000 
 384      00
 385 0a09 0070F88C 		.ascii	"\000p\370\214\004\004\214\370t\004\014\000pv\317\215"
 385      04048CF8 
 385      74040C00 
 385      7076CF8D 
 386 0a19 8D8D89C8 		.ascii	"\215\215\211\310xp\000"
 386      787000
 387 0a20 0020E0F0 		.ascii	"\000 \340\360\000\000\000\000\000\000\000\000\000\000"
 387      00000000 
 387      00000000 
 387      0000
 388 0a2e FFFF0804 		.ascii	"\377\377\010\004\004\004\374\370\000\000\000\020\037"
 388      0404FCF8 
 388      00000010 
 388      1F
 389 0a3b 1F100000 		.ascii	"\037\020\000\000\020\037\037\020\000"
 389      101F1F10 
 389      00
 390 0a44 00000000 		.ascii	"\000\000\000\000\000``\000\000\000\000\000\000\000\004"
 390      00606000 
 390      00000000 
 390      000004
 391 0a53 0404FCFC 		.ascii	"\004\004\374\374\000\000\000\000\000\000\000\020\020"
 391      00000000 
 391      00000010 
 391      10
 392 0a60 101F1F10 		.ascii	"\020\037\037\020\020\020\000\000"
 392      10100000 
 393 0a68 00000000 		.ascii	"\000\000\000\000\000\000\000``\000\000\000\000\000\000"
 393      00000060 
 393      60000000 
 393      000000
 394 0a77 00040404 		.ascii	"\000\004\004\004\374\374\000\000\000\000\000\300\300"
 394      FCFC0000 
 394      000000C0 
 394      C0
 395 0a84 8080C07F 		.ascii	"\200\200\300\177?\000\000\000"
 395      3F000000 
 396 0a8c 0020E0F0 		.ascii	"\000 \340\360\000\000\000\000\000\000\000\000\000\000"
ARM GAS  C:\Users\lpc\AppData\Local\Temp\cclxGl4M.s 			page 22


 396      00000000 
 396      00000000 
 396      0000
 397 0a9a FFFF80C0 		.ascii	"\377\377\200\300\364\034\004\004\000\000\000\020\037"
 397      F41C0404 
 397      00000010 
 397      1F
 398 0aa7 1F110003 		.ascii	"\037\021\000\003\037\034\020\020\000"
 398      1F1C1010 
 398      00
 399 0ab0 00002020 		.ascii	"\000\000   \340\360\000\000\000\000\000\000\000\000"
 399      20E0F000 
 399      00000000 
 399      000000
 400 0abf 0000FFFF 		.ascii	"\000\000\377\377\000\000\000\000\000\000\000\020\020"
 400      00000000 
 400      00000010 
 400      10
 401 0acc 101F1F10 		.ascii	"\020\037\037\020\020\020\000\000"
 401      10100000 
 402 0ad4 00000000 		.ascii	"\000\000\000\000\000\000\000\000\000\000\000\000\004"
 402      00000000 
 402      00000000 
 402      04
 403 0ae1 FCFC0804 		.ascii	"\374\374\010\004\374\374\010\004\374\374\000\020\037"
 403      FCFC0804 
 403      FCFC0010 
 403      1F
 404 0aee 1F10001F 		.ascii	"\037\020\000\037\037\020\000\037\037\020"
 404      1F10001F 
 404      1F10
 405 0af8 00000000 		.ascii	"\000\000\000\000\000\000\000\000\000\000\000\000\000"
 405      00000000 
 405      00000000 
 405      00
 406 0b05 04FCFC08 		.ascii	"\004\374\374\010\010\004\004\374\370\000\000\000\020"
 406      080404FC 
 406      F8000000 
 406      10
 407 0b12 1F1F1000 		.ascii	"\037\037\020\000\000\020\037\037\020\000"
 407      00101F1F 
 407      1000
 408 0b1c 00000000 		.ascii	"\000\000\000\000\000\000\000\000\000\000\000\000\000"
 408      00000000 
 408      00000000 
 408      00
 409 0b29 E0F0180C 		.ascii	"\340\360\030\014\004\004\014\030\360\340\000\000\003"
 409      04040C18 
 409      F0E00000 
 409      03
 410 0b36 0F0C1010 		.ascii	"\017\014\020\020\020\020\014\017\003\000"
 410      10100C0F 
 410      0300
 411 0b40 00000000 		.ascii	"\000\000\000\000\000\000\000\000\000\000\000\000\000"
 411      00000000 
 411      00000000 
 411      00
ARM GAS  C:\Users\lpc\AppData\Local\Temp\cclxGl4M.s 			page 23


 412 0b4d 04FCFC08 		.ascii	"\004\374\374\010\004\004\004\014\370\360\000\000\200"
 412      0404040C 
 412      F8F00000 
 412      80
 413 0b5a FFFF8890 		.ascii	"\377\377\210\220\020\020\034\017\003\000"
 413      10101C0F 
 413      0300
 414 0b64 00000000 		.ascii	"\000\000\000\000\000\000\000\000\000\000\000\000\000"
 414      00000000 
 414      00000000 
 414      00
 415 0b71 E0F81C04 		.ascii	"\340\370\034\004\004\004\010\370\374\000\000\000\003"
 415      040408F8 
 415      FC000000 
 415      03
 416 0b7e 0F181010 		.ascii	"\017\030\020\020\220\210\377\377\200\000"
 416      9088FFFF 
 416      8000
 417 0b88 00000000 		.ascii	"\000\000\000\000\000\000\000\000\000\000\000\000\004"
 417      00000000 
 417      00000000 
 417      04
 418 0b95 0404FCFC 		.ascii	"\004\004\374\374\020\010\004\004\014\014\000\020\020"
 418      10080404 
 418      0C0C0010 
 418      10
 419 0ba2 101F1F10 		.ascii	"\020\037\037\020\020\020\000\000\000\000"
 419      10100000 
 419      0000
 420 0bac 00000000 		.ascii	"\000\000\000\000\000\000\000\000\000\000\000\000\000"
 420      00000000 
 420      00000000 
 420      00
 421 0bb9 003078CC 		.ascii	"\0000x\314\304\204\204\204\014\034\000\000\000\036\030"
 421      C4848484 
 421      0C1C0000 
 421      001E18
 422 0bc8 10101011 		.ascii	"\020\020\020\021\031\017\006\000"
 422      190F0600 
 423 0bd0 00000000 		.ascii	"\000\000\000\000\000\300\000\000\000\000\000\000\000"
 423      00C00000 
 423      00000000 
 423      00
 424 0bdd 040404FF 		.ascii	"\004\004\004\377\377\004\004\004\000\000\000\000\000"
 424      FF040404 
 424      00000000 
 424      00
 425 0bea 00000F1F 		.ascii	"\000\000\017\037\020\020\020\014\000\000"
 425      1010100C 
 425      0000
 426 0bf4 00000000 		.ascii	"\000\000\000\000\000\000\000\000\000\000\000\000\000"
 426      00000000 
 426      00000000 
 426      00
 427 0c01 04FCFE00 		.ascii	"\004\374\376\000\000\000\004\374\376\000\000\000\000"
 427      000004FC 
 427      FE000000 
ARM GAS  C:\Users\lpc\AppData\Local\Temp\cclxGl4M.s 			page 24


 427      00
 428 0c0e 0F1F1810 		.ascii	"\017\037\030\020\020\010\037\017\010\000"
 428      10081F0F 
 428      0800
 429 0c18 00000000 		.ascii	"\000\000\000\000\000\000\000\000\000\000\000\000\000"
 429      00000000 
 429      00000000 
 429      00
 430 0c25 040C3CFC 		.ascii	"\004\014<\374\304\000\000\304<\014\004\000\000\000\000"
 430      C40000C4 
 430      3C0C0400 
 430      000000
 431 0c34 010F1E0E 		.ascii	"\001\017\036\016\001\000\000\000"
 431      01000000 
 432 0c3c 00000000 		.ascii	"\000\000\000\000\000\000\000\000\000\000\000\000\004"
 432      00000000 
 432      00000000 
 432      04
 433 0c49 3CFCC400 		.ascii	"<\374\304\000\344|\374\204\200|\004\000\000\007\037"
 433      E47CFC84 
 433      807C0400 
 433      00071F
 434 0c58 07000007 		.ascii	"\007\000\000\007\037\007\000\000"
 434      1F070000 
 435 0c60 00000000 		.ascii	"\000\000\000\000\000\000\000\000\000\000\000\000\000"
 435      00000000 
 435      00000000 
 435      00
 436 0c6d 04041C7C 		.ascii	"\004\004\034|\344\3004\034\004\004\000\000\020\020\034"
 436      E4C0341C 
 436      04040000 
 436      10101C
 437 0c7c 1601131F 		.ascii	"\026\001\023\037\034\030\020\000"
 437      1C181000 
 438 0c84 00000000 		.ascii	"\000\000\000\000\000\000\000\000\000\000\000\000\000"
 438      00000000 
 438      00000000 
 438      00
 439 0c91 040C3CFC 		.ascii	"\004\014<\374\304\000\304<\004\004\000\000\000\300\200"
 439      C400C43C 
 439      04040000 
 439      00C080
 440 0ca0 C1370E01 		.ascii	"\3017\016\001\000\000\000\000"
 440      00000000 
 441 0ca8 00000000 		.ascii	"\000\000\000\000\000\000\000\000\000\000\000\000\000"
 441      00000000 
 441      00000000 
 441      00
 442 0cb5 001C0404 		.ascii	"\000\034\004\004\304\364|\034\004\000\000\000\000\020"
 442      C4F47C1C 
 442      04000000 
 442      0010
 443 0cc3 1C1F1711 		.ascii	"\034\037\027\021\020\020\030\016\000"
 443      1010180E 
 443      00
 444 0ccc 00000000 		.ascii	"\000\000\000\000\000\000\000\370\014\004\000\000\000"
 444      000000F8 
ARM GAS  C:\Users\lpc\AppData\Local\Temp\cclxGl4M.s 			page 25


 444      0C040000 
 444      00
 445 0cd9 00000000 		.ascii	"\000\000\000\000\020(\357\000\000\000\000\000\000\000"
 445      1028EF00 
 445      00000000 
 445      0000
 446 0ce7 00000000 		.ascii	"\000\000\000\000?`@\000\000"
 446      3F604000 
 446      00
 447 0cf0 00000000 		.ascii	"\000\000\000\000\000\000\377\000\000\000\000\000\000"
 447      0000FF00 
 447      00000000 
 447      00
 448 0cfd 00000000 		.ascii	"\000\000\000\000\000\377\000\000\000\000\000\000\000"
 448      00FF0000 
 448      00000000 
 448      00
 449 0d0a 00000000 		.ascii	"\000\000\000\000\377\000\000\000\000\000"
 449      FF000000 
 449      0000
 450 0d14 0000040C 		.ascii	"\000\000\004\014\370\000\000\000\000\000\000\000\000"
 450      F8000000 
 450      00000000 
 450      00
 451 0d21 000000EF 		.ascii	"\000\000\000\357(\020\000\000\000\000\000\000\000@`"
 451      28100000 
 451      00000000 
 451      004060
 452 0d30 3F000000 		.ascii	"?\000\000\000\000\000\000\000"
 452      00000000 
 453 0d38 00180602 		.ascii	"\000\030\006\002\002\004\010\020  0\010\000\000\000"
 453      02040810 
 453      20203008 
 453      000000
 454 0d47 00000000 		.ascii	"\000\000\000\000\000\000\000\000\000\000\000\000\000"
 454      00000000 
 454      00000000 
 454      00
 455 0d54 00000000 		.ascii	"\000\000\000\000\000\000\000\000"
 455      00000000 
 456              		.global	afont16x8
 457              		.section	.rodata.afont16x8,"a"
 458              		.align	2
 461              	afont16x8:
 462 0000 10       		.byte	16
 463 0001 08       		.byte	8
 464 0002 0000     		.space	2
 465 0004 00000000 		.word	ascii_16x8
 466              		.global	ascii_16x8
 467              		.section	.rodata.ascii_16x8,"a"
 468              		.align	2
 471              	ascii_16x8:
 472 0000 00000000 		.ascii	"\000\000\000\000\000\000\000\000\000\000\000\000\000"
 472      00000000 
 472      00000000 
 472      00
 473 000d 000000   		.ascii	"\000\000\000"
ARM GAS  C:\Users\lpc\AppData\Local\Temp\cclxGl4M.s 			page 26


 474 0010 000000F8 		.ascii	"\000\000\000\370\000\000\000\000\000\000\00030\000\000"
 474      00000000 
 474      00000033 
 474      300000
 475 001f 00       		.ascii	"\000"
 476 0020 00100C06 		.ascii	"\000\020\014\006\020\014\006\000\000\000\000\000\000"
 476      100C0600 
 476      00000000 
 476      00
 477 002d 000000   		.ascii	"\000\000\000"
 478 0030 40C07840 		.ascii	"@\300x@\300x@\000\004?\004\004?\004\004\000"
 478      C0784000 
 478      043F0404 
 478      3F040400 
 479 0040 007088FC 		.ascii	"\000p\210\374\0100\000\000\000\030 \377!\036\000\000"
 479      08300000 
 479      001820FF 
 479      211E0000 
 480 0050 F008F000 		.ascii	"\360\010\360\000\340\030\000\000\000!\034\003\036!\036"
 480      E0180000 
 480      00211C03 
 480      1E211E
 481 005f 00       		.ascii	"\000"
 482 0060 00F00888 		.ascii	"\000\360\010\210p\000\000\000\036!#$\031'!\020"
 482      70000000 
 482      1E212324 
 482      19272110 
 483 0070 10160E00 		.ascii	"\020\026\016\000\000\000\000\000\000\000\000\000\000"
 483      00000000 
 483      00000000 
 483      00
 484 007d 000000   		.ascii	"\000\000\000"
 485 0080 000000E0 		.ascii	"\000\000\000\340\030\004\002\000\000\000\000\007\030"
 485      18040200 
 485      00000007 
 485      18
 486 008d 204000   		.ascii	" @\000"
 487 0090 00020418 		.ascii	"\000\002\004\030\340\000\000\000\000@ \030\007\000\000"
 487      E0000000 
 487      00402018 
 487      070000
 488 009f 00       		.ascii	"\000"
 489 00a0 404080F0 		.ascii	"@@\200\360\200@@\000\002\002\001\017\001\002\002\000"
 489      80404000 
 489      0202010F 
 489      01020200 
 490 00b0 000000F0 		.ascii	"\000\000\000\360\000\000\000\000\001\001\001\037\001"
 490      00000000 
 490      0101011F 
 490      01
 491 00bd 010100   		.ascii	"\001\001\000"
 492 00c0 00000000 		.ascii	"\000\000\000\000\000\000\000\000\200\260p\000\000\000"
 492      00000000 
 492      80B07000 
 492      0000
 493 00ce 0000     		.ascii	"\000\000"
 494 00d0 00000000 		.ascii	"\000\000\000\000\000\000\000\000\000\001\001\001\001"
ARM GAS  C:\Users\lpc\AppData\Local\Temp\cclxGl4M.s 			page 27


 494      00000000 
 494      00010101 
 494      01
 495 00dd 010101   		.ascii	"\001\001\001"
 496 00e0 00000000 		.ascii	"\000\000\000\000\000\000\000\000\00000\000\000\000\000"
 496      00000000 
 496      00303000 
 496      000000
 497 00ef 00       		.ascii	"\000"
 498 00f0 00000000 		.ascii	"\000\000\000\000\200`\030\004\000`\030\006\001\000\000"
 498      80601804 
 498      00601806 
 498      010000
 499 00ff 00       		.ascii	"\000"
 500 0100 00E01008 		.ascii	"\000\340\020\010\010\020\340\000\000\017\020  \020\017"
 500      0810E000 
 500      000F1020 
 500      20100F
 501 010f 00       		.ascii	"\000"
 502 0110 001010F8 		.ascii	"\000\020\020\370\000\000\000\000\000  ?  \000\000"
 502      00000000 
 502      0020203F 
 502      20200000 
 503 0120 00700808 		.ascii	"\000p\010\010\010\210p\000\0000($\"!0\000"
 503      08887000 
 503      00302824 
 503      22213000 
 504 0130 00300888 		.ascii	"\0000\010\210\210H0\000\000\030   \021\016\000"
 504      88483000 
 504      00182020 
 504      20110E00 
 505 0140 0000C020 		.ascii	"\000\000\300 \020\370\000\000\000\007\004$$?$\000"
 505      10F80000 
 505      00070424 
 505      243F2400 
 506 0150 00F80888 		.ascii	"\000\370\010\210\210\010\010\000\000\031!  \021\016"
 506      88080800 
 506      00192120 
 506      20110E
 507 015f 00       		.ascii	"\000"
 508 0160 00E01088 		.ascii	"\000\340\020\210\210\030\000\000\000\017\021  \021\016"
 508      88180000 
 508      000F1120 
 508      20110E
 509 016f 00       		.ascii	"\000"
 510 0170 00380808 		.ascii	"\0008\010\010\3108\010\000\000\000\000?\000\000\000"
 510      C8380800 
 510      0000003F 
 510      000000
 511 017f 00       		.ascii	"\000"
 512 0180 00708808 		.ascii	"\000p\210\010\010\210p\000\000\034\"!!\"\034\000"
 512      08887000 
 512      001C2221 
 512      21221C00 
 513 0190 00E01008 		.ascii	"\000\340\020\010\010\020\340\000\000\0001\"\"\021\017"
 513      0810E000 
 513      00003122 
ARM GAS  C:\Users\lpc\AppData\Local\Temp\cclxGl4M.s 			page 28


 513      22110F
 514 019f 00       		.ascii	"\000"
 515 01a0 000000C0 		.ascii	"\000\000\000\300\300\000\000\000\000\000\00000\000\000"
 515      C0000000 
 515      00000030 
 515      300000
 516 01af 00       		.ascii	"\000"
 517 01b0 00000080 		.ascii	"\000\000\000\200\000\000\000\000\000\000\200`\000\000"
 517      00000000 
 517      00008060 
 517      0000
 518 01be 0000     		.ascii	"\000\000"
 519 01c0 00008040 		.ascii	"\000\000\200@ \020\010\000\000\001\002\004\010\020 "
 519      20100800 
 519      00010204 
 519      081020
 520 01cf 00       		.ascii	"\000"
 521 01d0 40404040 		.ascii	"@@@@@@@\000\004\004\004\004\004\004\004\000"
 521      40404000 
 521      04040404 
 521      04040400 
 522 01e0 00081020 		.ascii	"\000\010\020 @\200\000\000\000 \020\010\004\002\001"
 522      40800000 
 522      00201008 
 522      040201
 523 01ef 00       		.ascii	"\000"
 524 01f0 00704808 		.ascii	"\000pH\010\010\010\360\000\000\000\00006\001\000\000"
 524      0808F000 
 524      00000030 
 524      36010000 
 525 0200 C030C828 		.ascii	"\3000\310(\350\020\340\000\007\030'$#\024\013\000"
 525      E810E000 
 525      07182724 
 525      23140B00 
 526 0210 0000C038 		.ascii	"\000\000\3008\340\000\000\000 <#\002\002'8 "
 526      E0000000 
 526      203C2302 
 526      02273820 
 527 0220 08F88888 		.ascii	"\010\370\210\210\210p\000\000 ?   \021\016\000"
 527      88700000 
 527      203F2020 
 527      20110E00 
 528 0230 C0300808 		.ascii	"\3000\010\010\010\0108\000\007\030   \020\010\000"
 528      08083800 
 528      07182020 
 528      20100800 
 529 0240 08F80808 		.ascii	"\010\370\010\010\010\020\340\000 ?   \020\017\000"
 529      0810E000 
 529      203F2020 
 529      20100F00 
 530 0250 08F88888 		.ascii	"\010\370\210\210\350\010\020\000 ?  # \030\000"
 530      E8081000 
 530      203F2020 
 530      23201800 
 531 0260 08F88888 		.ascii	"\010\370\210\210\350\010\020\000 ? \000\003\000\000"
 531      E8081000 
 531      203F2000 
ARM GAS  C:\Users\lpc\AppData\Local\Temp\cclxGl4M.s 			page 29


 531      030000
 532 026f 00       		.ascii	"\000"
 533 0270 C0300808 		.ascii	"\3000\010\010\0108\000\000\007\030  \"\036\002\000"
 533      08380000 
 533      07182020 
 533      221E0200 
 534 0280 08F80800 		.ascii	"\010\370\010\000\000\010\370\010 ?!\001\001!? "
 534      0008F808 
 534      203F2101 
 534      01213F20 
 535 0290 000808F8 		.ascii	"\000\010\010\370\010\010\000\000\000  ?  \000\000"
 535      08080000 
 535      0020203F 
 535      20200000 
 536 02a0 00000808 		.ascii	"\000\000\010\010\370\010\010\000\300\200\200\200\177"
 536      F8080800 
 536      C0808080 
 536      7F
 537 02ad 000000   		.ascii	"\000\000\000"
 538 02b0 08F888C0 		.ascii	"\010\370\210\300(\030\010\000 ? \001&8 \000"
 538      28180800 
 538      203F2001 
 538      26382000 
 539 02c0 08F80800 		.ascii	"\010\370\010\000\000\000\000\000 ?    0\000"
 539      00000000 
 539      203F2020 
 539      20203000 
 540 02d0 08F8F800 		.ascii	"\010\370\370\000\370\370\010\000 ?\000?\000? \000"
 540      F8F80800 
 540      203F003F 
 540      003F2000 
 541 02e0 08F830C0 		.ascii	"\010\3700\300\000\010\370\010 ? \000\007\030?\000"
 541      0008F808 
 541      203F2000 
 541      07183F00 
 542 02f0 E0100808 		.ascii	"\340\020\010\010\010\020\340\000\017\020   \020\017"
 542      0810E000 
 542      0F102020 
 542      20100F
 543 02ff 00       		.ascii	"\000"
 544 0300 08F80808 		.ascii	"\010\370\010\010\010\010\360\000 ?!\001\001\001\000"
 544      0808F000 
 544      203F2101 
 544      010100
 545 030f 00       		.ascii	"\000"
 546 0310 E0100808 		.ascii	"\340\020\010\010\010\020\340\000\017\030$$8PO\000"
 546      0810E000 
 546      0F182424 
 546      38504F00 
 547 0320 08F88888 		.ascii	"\010\370\210\210\210\210p\000 ? \000\003\0140 "
 547      88887000 
 547      203F2000 
 547      030C3020 
 548 0330 00708808 		.ascii	"\000p\210\010\010\0108\000\0008 !!\"\034\000"
 548      08083800 
 548      00382021 
 548      21221C00 
ARM GAS  C:\Users\lpc\AppData\Local\Temp\cclxGl4M.s 			page 30


 549 0340 180808F8 		.ascii	"\030\010\010\370\010\010\030\000\000\000 ? \000\000"
 549      08081800 
 549      0000203F 
 549      200000
 550 034f 00       		.ascii	"\000"
 551 0350 08F80800 		.ascii	"\010\370\010\000\000\010\370\010\000\037    \037\000"
 551      0008F808 
 551      001F2020 
 551      20201F00 
 552 0360 08788800 		.ascii	"\010x\210\000\000\3108\010\000\000\0078\016\001\000"
 552      00C83808 
 552      00000738 
 552      0E0100
 553 036f 00       		.ascii	"\000"
 554 0370 F80800F8 		.ascii	"\370\010\000\370\000\010\370\000\003<\007\000\007<\003"
 554      0008F800 
 554      033C0700 
 554      073C03
 555 037f 00       		.ascii	"\000"
 556 0380 08186880 		.ascii	"\010\030h\200\200h\030\010 0,\003\003,0 "
 556      80681808 
 556      20302C03 
 556      032C3020 
 557 0390 0838C800 		.ascii	"\0108\310\000\3108\010\000\000\000 ? \000\000\000"
 557      C8380800 
 557      0000203F 
 557      20000000 
 558 03a0 10080808 		.ascii	"\020\010\010\010\3108\010\000 8&!  \030\000"
 558      C8380800 
 558      20382621 
 558      20201800 
 559 03b0 000000FE 		.ascii	"\000\000\000\376\002\002\002\000\000\000\000\177@@@"
 559      02020200 
 559      0000007F 
 559      404040
 560 03bf 00       		.ascii	"\000"
 561 03c0 000C30C0 		.ascii	"\000\0140\300\000\000\000\000\000\000\000\001\0068\300"
 561      00000000 
 561      00000001 
 561      0638C0
 562 03cf 00       		.ascii	"\000"
 563 03d0 00020202 		.ascii	"\000\002\002\002\376\000\000\000\000@@@\177\000\000"
 563      FE000000 
 563      00404040 
 563      7F0000
 564 03df 00       		.ascii	"\000"
 565 03e0 00000402 		.ascii	"\000\000\004\002\002\002\004\000\000\000\000\000\000"
 565      02020400 
 565      00000000 
 565      00
 566 03ed 000000   		.ascii	"\000\000\000"
 567 03f0 00000000 		.ascii	"\000\000\000\000\000\000\000\000\200\200\200\200\200"
 567      00000000 
 567      80808080 
 567      80
 568 03fd 808080   		.ascii	"\200\200\200"
 569 0400 00020204 		.ascii	"\000\002\002\004\000\000\000\000\000\000\000\000\000"
ARM GAS  C:\Users\lpc\AppData\Local\Temp\cclxGl4M.s 			page 31


 569      00000000 
 569      00000000 
 569      00
 570 040d 000000   		.ascii	"\000\000\000"
 571 0410 00008080 		.ascii	"\000\000\200\200\200\200\000\000\000\031$\"\"\"? "
 571      80800000 
 571      00192422 
 571      22223F20 
 572 0420 08F80080 		.ascii	"\010\370\000\200\200\000\000\000\000?\021  \021\016"
 572      80000000 
 572      003F1120 
 572      20110E
 573 042f 00       		.ascii	"\000"
 574 0430 00000080 		.ascii	"\000\000\000\200\200\200\000\000\000\016\021   \021"
 574      80800000 
 574      000E1120 
 574      202011
 575 043f 00       		.ascii	"\000"
 576 0440 00000080 		.ascii	"\000\000\000\200\200\210\370\000\000\016\021  \020?"
 576      8088F800 
 576      000E1120 
 576      20103F
 577 044f 20       		.ascii	" "
 578 0450 00008080 		.ascii	"\000\000\200\200\200\200\000\000\000\037\"\"\"\"\023"
 578      80800000 
 578      001F2222 
 578      222213
 579 045f 00       		.ascii	"\000"
 580 0460 008080F0 		.ascii	"\000\200\200\360\210\210\210\030\000  ?  \000\000"
 580      88888818 
 580      0020203F 
 580      20200000 
 581 0470 00008080 		.ascii	"\000\000\200\200\200\200\200\000\000k\224\224\224\223"
 581      80808000 
 581      006B9494 
 581      9493
 582 047e 6000     		.ascii	"`\000"
 583 0480 08F80080 		.ascii	"\010\370\000\200\200\200\000\000 ?!\000\000 ? "
 583      80800000 
 583      203F2100 
 583      00203F20 
 584 0490 00809898 		.ascii	"\000\200\230\230\000\000\000\000\000  ?  \000\000"
 584      00000000 
 584      0020203F 
 584      20200000 
 585 04a0 00000080 		.ascii	"\000\000\000\200\230\230\000\000\000\300\200\200\200"
 585      98980000 
 585      00C08080 
 585      80
 586 04ad 7F0000   		.ascii	"\177\000\000"
 587 04b0 08F80000 		.ascii	"\010\370\000\000\200\200\200\000 ?$\002-0 \000"
 587      80808000 
 587      203F2402 
 587      2D302000 
 588 04c0 000808F8 		.ascii	"\000\010\010\370\000\000\000\000\000  ?  \000\000"
 588      00000000 
 588      0020203F 
ARM GAS  C:\Users\lpc\AppData\Local\Temp\cclxGl4M.s 			page 32


 588      20200000 
 589 04d0 80808080 		.ascii	"\200\200\200\200\200\200\200\000 ? \000? \000?"
 589      80808000 
 589      203F2000 
 589      3F20003F 
 590 04e0 80800080 		.ascii	"\200\200\000\200\200\200\000\000 ?!\000\000 ? "
 590      80800000 
 590      203F2100 
 590      00203F20 
 591 04f0 00008080 		.ascii	"\000\000\200\200\200\200\000\000\000\037    \037\000"
 591      80800000 
 591      001F2020 
 591      20201F00 
 592 0500 80800080 		.ascii	"\200\200\000\200\200\000\000\000\200\377\241  \021\016"
 592      80000000 
 592      80FFA120 
 592      20110E
 593 050f 00       		.ascii	"\000"
 594 0510 00000080 		.ascii	"\000\000\000\200\200\200\200\000\000\016\021  \240\377"
 594      80808000 
 594      000E1120 
 594      20A0FF
 595 051f 80       		.ascii	"\200"
 596 0520 80808000 		.ascii	"\200\200\200\000\200\200\200\000  ?! \000\001\000"
 596      80808000 
 596      20203F21 
 596      20000100 
 597 0530 00008080 		.ascii	"\000\000\200\200\200\200\200\000\0003$$$$\031\000"
 597      80808000 
 597      00332424 
 597      24241900 
 598 0540 008080E0 		.ascii	"\000\200\200\340\200\200\000\000\000\000\000\037  \000"
 598      80800000 
 598      0000001F 
 598      202000
 599 054f 00       		.ascii	"\000"
 600 0550 80800000 		.ascii	"\200\200\000\000\000\200\200\000\000\037   \020? "
 600      00808000 
 600      001F2020 
 600      20103F20 
 601 0560 80808000 		.ascii	"\200\200\200\000\000\200\200\200\000\001\0160\010\006"
 601      00808080 
 601      00010E30 
 601      0806
 602 056e 0100     		.ascii	"\001\000"
 603 0570 80800080 		.ascii	"\200\200\000\200\000\200\200\200\0170\014\003\0140\017"
 603      00808080 
 603      0F300C03 
 603      0C300F
 604 057f 00       		.ascii	"\000"
 605 0580 00808000 		.ascii	"\000\200\200\000\200\200\200\000\000 1.\0161 \000"
 605      80808000 
 605      0020312E 
 605      0E312000 
 606 0590 80808000 		.ascii	"\200\200\200\000\000\200\200\200\200\201\216p\030\006"
 606      00808080 
 606      80818E70 
ARM GAS  C:\Users\lpc\AppData\Local\Temp\cclxGl4M.s 			page 33


 606      1806
 607 059e 0100     		.ascii	"\001\000"
 608 05a0 00808080 		.ascii	"\000\200\200\200\200\200\200\000\000!0,\"!0\000"
 608      80808000 
 608      0021302C 
 608      22213000 
 609 05b0 00000000 		.ascii	"\000\000\000\000\200|\002\002\000\000\000\000\000?@"
 609      807C0202 
 609      00000000 
 609      003F40
 610 05bf 40       		.ascii	"@"
 611 05c0 00000000 		.ascii	"\000\000\000\000\377\000\000\000\000\000\000\000\377"
 611      FF000000 
 611      00000000 
 611      FF
 612 05cd 000000   		.ascii	"\000\000\000"
 613 05d0 0002027C 		.ascii	"\000\002\002|\200\000\000\000\000@@?\000\000\000\000"
 613      80000000 
 613      0040403F 
 613      00000000 
 614 05e0 00060101 		.ascii	"\000\006\001\001\002\002\004\004\000\000\000\000\000"
 614      02020404 
 614      00000000 
 614      00
 615 05ed 000000   		.ascii	"\000\000\000"
 616              		.global	afont12x6
 617              		.section	.rodata.afont12x6,"a"
 618              		.align	2
 621              	afont12x6:
 622 0000 0C       		.byte	12
 623 0001 06       		.byte	6
 624 0002 0000     		.space	2
 625 0004 00000000 		.word	ascii_12x6
 626              		.global	ascii_12x6
 627              		.section	.rodata.ascii_12x6,"a"
 628              		.align	2
 631              	ascii_12x6:
 632 0000 00000000 		.ascii	"\000\000\000\000\000\000\000\000\000\000\000\000"
 632      00000000 
 632      00000000 
 633 000c 0000FC00 		.ascii	"\000\000\374\000\000\000\000\000\002\000\000\000"
 633      00000000 
 633      02000000 
 634 0018 000C020C 		.ascii	"\000\014\002\014\002\000\000\000\000\000\000\000"
 634      02000000 
 634      00000000 
 635 0024 90D0BCD0 		.ascii	"\220\320\274\320\274\220\000\003\000\003\000\000"
 635      BC900003 
 635      00030000 
 636 0030 1824FE44 		.ascii	"\030$\376D\214\000\003\002\007\002\001\000"
 636      8C000302 
 636      07020100 
 637 003c 1824D8B0 		.ascii	"\030$\330\260L\200\000\003\000\001\002\001"
 637      4C800003 
 637      00010201 
 638 0048 C038E438 		.ascii	"\3008\3448\340\000\001\002\002\001\002\002"
 638      E0000102 
ARM GAS  C:\Users\lpc\AppData\Local\Temp\cclxGl4M.s 			page 34


 638      02010202 
 639 0054 08060000 		.ascii	"\010\006\000\000\000\000\000\000\000\000\000\000"
 639      00000000 
 639      00000000 
 640 0060 000000F8 		.ascii	"\000\000\000\370\004\002\000\000\000\001\002\004"
 640      04020000 
 640      00010204 
 641 006c 000204F8 		.ascii	"\000\002\004\370\000\000\000\004\002\001\000\000"
 641      00000004 
 641      02010000 
 642 0078 9060F860 		.ascii	"\220`\370`\220\000\000\000\001\000\000\000"
 642      90000000 
 642      01000000 
 643 0084 2020FC20 		.ascii	"  \374  \000\000\000\001\000\000\000"
 643      20000000 
 643      01000000 
 644 0090 00000000 		.ascii	"\000\000\000\000\000\000\010\006\000\000\000\000"
 644      00000806 
 644      00000000 
 645 009c 20202020 		.ascii	"     \000\000\000\000\000\000\000"
 645      20000000 
 645      00000000 
 646 00a8 00000000 		.ascii	"\000\000\000\000\000\000\000\002\000\000\000\000"
 646      00000002 
 646      00000000 
 647 00b4 0080601C 		.ascii	"\000\200`\034\002\000\004\003\000\000\000\000"
 647      02000403 
 647      00000000 
 648 00c0 F8040404 		.ascii	"\370\004\004\004\370\000\001\002\002\002\001\000"
 648      F8000102 
 648      02020100 
 649 00cc 0008FC00 		.ascii	"\000\010\374\000\000\000\000\002\003\002\000\000"
 649      00000002 
 649      03020000 
 650 00d8 18844424 		.ascii	"\030\204D$\030\000\003\002\002\002\002\000"
 650      18000302 
 650      02020200 
 651 00e4 08042424 		.ascii	"\010\004$$\330\000\001\002\002\002\001\000"
 651      D8000102 
 651      02020100 
 652 00f0 40B088FC 		.ascii	"@\260\210\374\200\000\000\000\000\003\002\000"
 652      80000000 
 652      00030200 
 653 00fc 3C242424 		.ascii	"<$$$\304\000\001\002\002\002\001\000"
 653      C4000102 
 653      02020100 
 654 0108 F824242C 		.ascii	"\370$$,\300\000\001\002\002\002\001\000"
 654      C0000102 
 654      02020100 
 655 0114 0C04E41C 		.ascii	"\014\004\344\034\004\000\000\000\003\000\000\000"
 655      04000000 
 655      03000000 
 656 0120 D8242424 		.ascii	"\330$$$\330\000\001\002\002\002\001\000"
 656      D8000102 
 656      02020100 
 657 012c 38444444 		.ascii	"8DDD\370\000\000\003\002\002\001\000"
 657      F8000003 
ARM GAS  C:\Users\lpc\AppData\Local\Temp\cclxGl4M.s 			page 35


 657      02020100 
 658 0138 00001000 		.ascii	"\000\000\020\000\000\000\000\000\002\000\000\000"
 658      00000000 
 658      02000000 
 659 0144 00002000 		.ascii	"\000\000 \000\000\000\000\000\006\000\000\000"
 659      00000000 
 659      06000000 
 660 0150 00205088 		.ascii	"\000 P\210\004\002\000\000\000\000\001\002"
 660      04020000 
 660      00000102 
 661 015c 90909090 		.ascii	"\220\220\220\220\220\000\000\000\000\000\000\000"
 661      90000000 
 661      00000000 
 662 0168 00020488 		.ascii	"\000\002\004\210P \000\002\001\000\000\000"
 662      50200002 
 662      01000000 
 663 0174 1804C424 		.ascii	"\030\004\304$\030\000\000\000\002\000\000\000"
 663      18000000 
 663      02000000 
 664 0180 F804E494 		.ascii	"\370\004\344\224\370\000\001\002\002\002\002\000"
 664      F8000102 
 664      02020200 
 665 018c 00E09CF0 		.ascii	"\000\340\234\360\200\000\002\003\000\000\003\002"
 665      80000203 
 665      00000302 
 666 0198 04FC2424 		.ascii	"\004\374$$\330\000\002\003\002\002\001\000"
 666      D8000203 
 666      02020100 
 667 01a4 F8040404 		.ascii	"\370\004\004\004\014\000\001\002\002\002\001\000"
 667      0C000102 
 667      02020100 
 668 01b0 04FC0404 		.ascii	"\004\374\004\004\370\000\002\003\002\002\001\000"
 668      F8000203 
 668      02020100 
 669 01bc 04FC2474 		.ascii	"\004\374$t\014\000\002\003\002\002\003\000"
 669      0C000203 
 669      02020300 
 670 01c8 04FC2474 		.ascii	"\004\374$t\014\000\002\003\002\000\000\000"
 670      0C000203 
 670      02000000 
 671 01d4 F0080444 		.ascii	"\360\010\004D\314@\000\001\002\002\001\000"
 671      CC400001 
 671      02020100 
 672 01e0 04FC2020 		.ascii	"\004\374  \374\004\002\003\000\000\003\002"
 672      FC040203 
 672      00000302 
 673 01ec 0404FC04 		.ascii	"\004\004\374\004\004\000\002\002\003\002\002\000"
 673      04000202 
 673      03020200 
 674 01f8 000404FC 		.ascii	"\000\004\004\374\004\004\006\004\004\003\000\000"
 674      04040604 
 674      04030000 
 675 0204 04FC24D0 		.ascii	"\004\374$\320\014\004\002\003\002\000\003\002"
 675      0C040203 
 675      02000302 
 676 0210 04FC0400 		.ascii	"\004\374\004\000\000\000\002\003\002\002\002\003"
 676      00000203 
ARM GAS  C:\Users\lpc\AppData\Local\Temp\cclxGl4M.s 			page 36


 676      02020203 
 677 021c FC3CC03C 		.ascii	"\374<\300<\374\000\003\000\003\000\003\000"
 677      FC000300 
 677      03000300 
 678 0228 04FC30C4 		.ascii	"\004\3740\304\374\004\002\003\002\000\003\000"
 678      FC040203 
 678      02000300 
 679 0234 F8040404 		.ascii	"\370\004\004\004\370\000\001\002\002\002\001\000"
 679      F8000102 
 679      02020100 
 680 0240 04FC2424 		.ascii	"\004\374$$\030\000\002\003\002\000\000\000"
 680      18000203 
 680      02000000 
 681 024c F8848404 		.ascii	"\370\204\204\004\370\000\001\002\002\007\005\000"
 681      F8000102 
 681      02070500 
 682 0258 04FC2464 		.ascii	"\004\374$d\230\000\002\003\002\000\003\002"
 682      98000203 
 682      02000302 
 683 0264 18242444 		.ascii	"\030$$D\214\000\003\002\002\002\001\000"
 683      8C000302 
 683      02020100 
 684 0270 0C04FC04 		.ascii	"\014\004\374\004\014\000\000\002\003\002\000\000"
 684      0C000002 
 684      03020000 
 685 027c 04FC0000 		.ascii	"\004\374\000\000\374\004\000\001\002\002\001\000"
 685      FC040001 
 685      02020100 
 686 0288 047C80E0 		.ascii	"\004|\200\340\034\004\000\000\003\000\000\000"
 686      1C040000 
 686      03000000 
 687 0294 1CE03CE0 		.ascii	"\034\340<\340\034\000\000\003\000\003\000\000"
 687      1C000003 
 687      00030000 
 688 02a0 049C609C 		.ascii	"\004\234`\234\004\000\002\003\000\003\002\000"
 688      04000203 
 688      00030200 
 689 02ac 041CE01C 		.ascii	"\004\034\340\034\004\000\000\002\003\002\000\000"
 689      04000002 
 689      03020000 
 690 02b8 0C84641C 		.ascii	"\014\204d\034\004\000\002\003\002\002\003\000"
 690      04000203 
 690      02020300 
 691 02c4 0000FE02 		.ascii	"\000\000\376\002\002\000\000\000\007\004\004\000"
 691      02000000 
 691      07040400 
 692 02d0 000E30C0 		.ascii	"\000\0160\300\000\000\000\000\000\001\002\000"
 692      00000000 
 692      00010200 
 693 02dc 000202FE 		.ascii	"\000\002\002\376\000\000\000\004\004\007\000\000"
 693      00000004 
 693      04070000 
 694 02e8 00040204 		.ascii	"\000\004\002\004\000\000\000\000\000\000\000\000"
 694      00000000 
 694      00000000 
 695 02f4 00000000 		.ascii	"\000\000\000\000\000\000\010\010\010\010\010\010"
 695      00000808 
ARM GAS  C:\Users\lpc\AppData\Local\Temp\cclxGl4M.s 			page 37


 695      08080808 
 696 0300 00000200 		.ascii	"\000\000\002\000\000\000\000\000\000\000\000\000"
 696      00000000 
 696      00000000 
 697 030c 0040A0A0 		.ascii	"\000@\240\240\300\000\000\001\002\002\003\002"
 697      C0000001 
 697      02020302 
 698 0318 04FC2020 		.ascii	"\004\374  \300\000\000\003\002\002\001\000"
 698      C0000003 
 698      02020100 
 699 0324 00C02020 		.ascii	"\000\300  `\000\000\001\002\002\002\000"
 699      60000001 
 699      02020200 
 700 0330 00C02024 		.ascii	"\000\300 $\374\000\000\001\002\002\003\002"
 700      FC000001 
 700      02020302 
 701 033c 00C0A0A0 		.ascii	"\000\300\240\240\300\000\000\001\002\002\002\000"
 701      C0000001 
 701      02020200 
 702 0348 0020F824 		.ascii	"\000 \370$$\004\000\002\003\002\002\000"
 702      24040002 
 702      03020200 
 703 0354 0040A0A0 		.ascii	"\000@\240\240` \000\007\012\012\012\004"
 703      60200007 
 703      0A0A0A04 
 704 0360 04FC2020 		.ascii	"\004\374  \300\000\002\003\002\000\003\002"
 704      C0000203 
 704      02000302 
 705 036c 0020E400 		.ascii	"\000 \344\000\000\000\000\002\003\002\000\000"
 705      00000002 
 705      03020000 
 706 0378 000020E4 		.ascii	"\000\000 \344\000\000\010\010\010\007\000\000"
 706      00000808 
 706      08070000 
 707 0384 04FC80E0 		.ascii	"\004\374\200\340  \002\003\002\000\003\002"
 707      20200203 
 707      02000302 
 708 0390 0404FC00 		.ascii	"\004\004\374\000\000\000\002\002\003\002\002\000"
 708      00000202 
 708      03020200 
 709 039c E020E020 		.ascii	"\340 \340 \300\000\003\000\003\000\003\000"
 709      C0000300 
 709      03000300 
 710 03a8 20E02020 		.ascii	" \340  \300\000\002\003\002\000\003\002"
 710      C0000203 
 710      02000302 
 711 03b4 00C02020 		.ascii	"\000\300  \300\000\000\001\002\002\001\000"
 711      C0000001 
 711      02020100 
 712 03c0 20E02020 		.ascii	" \340  \300\000\010\017\012\002\001\000"
 712      C000080F 
 712      0A020100 
 713 03cc 00C02020 		.ascii	"\000\300  \340\000\000\001\002\012\017\010"
 713      E0000001 
 713      020A0F08 
 714 03d8 20E04020 		.ascii	" \340@  \000\002\003\002\000\000\000"
 714      20000203 
ARM GAS  C:\Users\lpc\AppData\Local\Temp\cclxGl4M.s 			page 38


 714      02000000 
 715 03e4 0060A0A0 		.ascii	"\000`\240\240 \000\000\002\002\002\003\000"
 715      20000002 
 715      02020300 
 716 03f0 0020F820 		.ascii	"\000 \370 \000\000\000\000\001\002\002\000"
 716      00000000 
 716      01020200 
 717 03fc 20E00020 		.ascii	" \340\000 \340\000\000\001\002\002\003\002"
 717      E0000001 
 717      02020302 
 718 0408 20E02080 		.ascii	" \340 \200` \000\000\003\001\000\000"
 718      60200000 
 718      03010000 
 719 0414 6080E080 		.ascii	"`\200\340\200`\000\000\003\000\003\000\000"
 719      60000003 
 719      00030000 
 720 0420 20608060 		.ascii	" `\200` \000\002\003\000\003\002\000"
 720      20000203 
 720      00030200 
 721 042c 20E02080 		.ascii	" \340 \200` \010\010\007\001\000\000"
 721      60200808 
 721      07010000 
 722 0438 0020A060 		.ascii	"\000 \240` \000\000\002\003\002\002\000"
 722      20000002 
 722      03020200 
 723 0444 000020DE 		.ascii	"\000\000 \336\002\000\000\000\000\007\004\000"
 723      02000000 
 723      00070400 
 724 0450 000000FF 		.ascii	"\000\000\000\377\000\000\000\000\000\017\000\000"
 724      00000000 
 724      000F0000 
 725 045c 0002DE20 		.ascii	"\000\002\336 \000\000\000\004\007\000\000\000"
 725      00000004 
 725      07000000 
 726 0468 02010204 		.ascii	"\002\001\002\004\004\002\000\000\000\000\000\000"
 726      04020000 
 726      00000000 
 727              		.global	afont8x6
 728              		.section	.rodata.afont8x6,"a"
 729              		.align	2
 732              	afont8x6:
 733 0000 08       		.byte	8
 734 0001 06       		.byte	6
 735 0002 0000     		.space	2
 736 0004 00000000 		.word	ascii_8x6
 737              		.global	ascii_8x6
 738              		.section	.rodata.ascii_8x6,"a"
 739              		.align	2
 742              	ascii_8x6:
 743 0000 00000000 		.ascii	"\000\000\000\000\000\000"
 743      0000
 744 0006 0000002F 		.ascii	"\000\000\000/\000\000"
 744      0000
 745 000c 00000700 		.ascii	"\000\000\007\000\007\000"
 745      0700
 746 0012 00147F14 		.ascii	"\000\024\177\024\177\024"
 746      7F14
ARM GAS  C:\Users\lpc\AppData\Local\Temp\cclxGl4M.s 			page 39


 747 0018 00242A7F 		.ascii	"\000$*\177*\022"
 747      2A12
 748 001e 00626408 		.ascii	"\000bd\010\023#"
 748      1323
 749 0024 00364955 		.ascii	"\0006IU\"P"
 749      2250
 750 002a 00000503 		.ascii	"\000\000\005\003\000\000"
 750      0000
 751 0030 00001C22 		.ascii	"\000\000\034\"A\000"
 751      4100
 752 0036 00004122 		.ascii	"\000\000A\"\034\000"
 752      1C00
 753 003c 0014083E 		.ascii	"\000\024\010>\010\024"
 753      0814
 754 0042 0008083E 		.ascii	"\000\010\010>\010\010"
 754      0808
 755 0048 000000A0 		.ascii	"\000\000\000\240`\000"
 755      6000
 756 004e 00080808 		.ascii	"\000\010\010\010\010\010"
 756      0808
 757 0054 00006060 		.ascii	"\000\000``\000\000"
 757      0000
 758 005a 00201008 		.ascii	"\000 \020\010\004\002"
 758      0402
 759 0060 003E5149 		.ascii	"\000>QIE>"
 759      453E
 760 0066 0000427F 		.ascii	"\000\000B\177@\000"
 760      4000
 761 006c 00426151 		.ascii	"\000BaQIF"
 761      4946
 762 0072 00214145 		.ascii	"\000!AEK1"
 762      4B31
 763 0078 00181412 		.ascii	"\000\030\024\022\177\020"
 763      7F10
 764 007e 00274545 		.ascii	"\000'EEE9"
 764      4539
 765 0084 003C4A49 		.ascii	"\000<JII0"
 765      4930
 766 008a 00017109 		.ascii	"\000\001q\011\005\003"
 766      0503
 767 0090 00364949 		.ascii	"\0006III6"
 767      4936
 768 0096 00064949 		.ascii	"\000\006II)\036"
 768      291E
 769 009c 00003636 		.ascii	"\000\00066\000\000"
 769      0000
 770 00a2 00005636 		.ascii	"\000\000V6\000\000"
 770      0000
 771 00a8 00081422 		.ascii	"\000\010\024\"A\000"
 771      4100
 772 00ae 00141414 		.ascii	"\000\024\024\024\024\024"
 772      1414
 773 00b4 00004122 		.ascii	"\000\000A\"\024\010"
 773      1408
 774 00ba 00020151 		.ascii	"\000\002\001Q\011\006"
 774      0906
 775 00c0 00324959 		.ascii	"\0002IYQ>"
ARM GAS  C:\Users\lpc\AppData\Local\Temp\cclxGl4M.s 			page 40


 775      513E
 776 00c6 007C1211 		.ascii	"\000|\022\021\022|"
 776      127C
 777 00cc 007F4949 		.ascii	"\000\177III6"
 777      4936
 778 00d2 003E4141 		.ascii	"\000>AAA\""
 778      4122
 779 00d8 007F4141 		.ascii	"\000\177AA\"\034"
 779      221C
 780 00de 007F4949 		.ascii	"\000\177IIIA"
 780      4941
 781 00e4 007F0909 		.ascii	"\000\177\011\011\011\001"
 781      0901
 782 00ea 003E4149 		.ascii	"\000>AIIz"
 782      497A
 783 00f0 007F0808 		.ascii	"\000\177\010\010\010\177"
 783      087F
 784 00f6 0000417F 		.ascii	"\000\000A\177A\000"
 784      4100
 785 00fc 00204041 		.ascii	"\000 @A?\001"
 785      3F01
 786 0102 007F0814 		.ascii	"\000\177\010\024\"A"
 786      2241
 787 0108 007F4040 		.ascii	"\000\177@@@@"
 787      4040
 788 010e 007F020C 		.ascii	"\000\177\002\014\002\177"
 788      027F
 789 0114 007F0408 		.ascii	"\000\177\004\010\020\177"
 789      107F
 790 011a 003E4141 		.ascii	"\000>AAA>"
 790      413E
 791 0120 007F0909 		.ascii	"\000\177\011\011\011\006"
 791      0906
 792 0126 003E4151 		.ascii	"\000>AQ!^"
 792      215E
 793 012c 007F0919 		.ascii	"\000\177\011\031)F"
 793      2946
 794 0132 00464949 		.ascii	"\000FIII1"
 794      4931
 795 0138 0001017F 		.ascii	"\000\001\001\177\001\001"
 795      0101
 796 013e 003F4040 		.ascii	"\000?@@@?"
 796      403F
 797 0144 001F2040 		.ascii	"\000\037 @ \037"
 797      201F
 798 014a 003F4038 		.ascii	"\000?@8@?"
 798      403F
 799 0150 00631408 		.ascii	"\000c\024\010\024c"
 799      1463
 800 0156 00070870 		.ascii	"\000\007\010p\010\007"
 800      0807
 801 015c 00615149 		.ascii	"\000aQIEC"
 801      4543
 802 0162 00007F41 		.ascii	"\000\000\177AA\000"
 802      4100
 803 0168 00552A55 		.ascii	"\000U*U*U"
 803      2A55
ARM GAS  C:\Users\lpc\AppData\Local\Temp\cclxGl4M.s 			page 41


 804 016e 00004141 		.ascii	"\000\000AA\177\000"
 804      7F00
 805 0174 00040201 		.ascii	"\000\004\002\001\002\004"
 805      0204
 806 017a 00404040 		.ascii	"\000@@@@@"
 806      4040
 807 0180 00000102 		.ascii	"\000\000\001\002\004\000"
 807      0400
 808 0186 00205454 		.ascii	"\000 TTTx"
 808      5478
 809 018c 007F4844 		.ascii	"\000\177HDD8"
 809      4438
 810 0192 00384444 		.ascii	"\0008DDD "
 810      4420
 811 0198 00384444 		.ascii	"\0008DDH\177"
 811      487F
 812 019e 00385454 		.ascii	"\0008TTT\030"
 812      5418
 813 01a4 00087E09 		.ascii	"\000\010~\011\001\002"
 813      0102
 814 01aa 0018A4A4 		.ascii	"\000\030\244\244\244|"
 814      A47C
 815 01b0 007F0804 		.ascii	"\000\177\010\004\004x"
 815      0478
 816 01b6 0000447D 		.ascii	"\000\000D}@\000"
 816      4000
 817 01bc 00408084 		.ascii	"\000@\200\204}\000"
 817      7D00
 818 01c2 007F1028 		.ascii	"\000\177\020(D\000"
 818      4400
 819 01c8 0000417F 		.ascii	"\000\000A\177@\000"
 819      4000
 820 01ce 007C0418 		.ascii	"\000|\004\030\004x"
 820      0478
 821 01d4 007C0804 		.ascii	"\000|\010\004\004x"
 821      0478
 822 01da 00384444 		.ascii	"\0008DDD8"
 822      4438
 823 01e0 00FC2424 		.ascii	"\000\374$$$\030"
 823      2418
 824 01e6 00182424 		.ascii	"\000\030$$\030\374"
 824      18FC
 825 01ec 007C0804 		.ascii	"\000|\010\004\004\010"
 825      0408
 826 01f2 00485454 		.ascii	"\000HTTT "
 826      5420
 827 01f8 00043F44 		.ascii	"\000\004?D@ "
 827      4020
 828 01fe 003C4040 		.ascii	"\000<@@ |"
 828      207C
 829 0204 001C2040 		.ascii	"\000\034 @ \034"
 829      201C
 830 020a 003C4030 		.ascii	"\000<@0@<"
 830      403C
 831 0210 00442810 		.ascii	"\000D(\020(D"
 831      2844
 832 0216 001CA0A0 		.ascii	"\000\034\240\240\240|"
ARM GAS  C:\Users\lpc\AppData\Local\Temp\cclxGl4M.s 			page 42


 832      A07C
 833 021c 00446454 		.ascii	"\000DdTLD"
 833      4C44
 834 0222 14141414 		.ascii	"\024\024\024\024\024\024"
 834      1414
 835              		.text
 836              	.Letext0:
 837              		.file 2 "D:/Toolchain/arm-gnu-toolchain-13.3.rel1-mingw-w64-i686-arm-none-eabi/arm-gnu-toolchain-1
 838              		.file 3 "D:/Toolchain/arm-gnu-toolchain-13.3.rel1-mingw-w64-i686-arm-none-eabi/arm-gnu-toolchain-1
 839              		.file 4 "Hardware/Inc/font.h"
ARM GAS  C:\Users\lpc\AppData\Local\Temp\cclxGl4M.s 			page 43


DEFINED SYMBOLS
                            *ABS*:00000000 font.c
C:\Users\lpc\AppData\Local\Temp\cclxGl4M.s:23     .rodata.snakeImg:00000000 snakeImg
C:\Users\lpc\AppData\Local\Temp\cclxGl4M.s:20     .rodata.snakeImg:00000000 $d
C:\Users\lpc\AppData\Local\Temp\cclxGl4M.s:33     .rodata.snakeData:00000000 snakeData
C:\Users\lpc\AppData\Local\Temp\cclxGl4M.s:30     .rodata.snakeData:00000000 $d
C:\Users\lpc\AppData\Local\Temp\cclxGl4M.s:77     .rodata.bilibiliImg:00000000 bilibiliImg
C:\Users\lpc\AppData\Local\Temp\cclxGl4M.s:74     .rodata.bilibiliImg:00000000 $d
C:\Users\lpc\AppData\Local\Temp\cclxGl4M.s:87     .rodata.bilibiliData:00000000 bilibiliData
C:\Users\lpc\AppData\Local\Temp\cclxGl4M.s:84     .rodata.bilibiliData:00000000 $d
C:\Users\lpc\AppData\Local\Temp\cclxGl4M.s:131    .rodata.font16x16:00000000 font16x16
C:\Users\lpc\AppData\Local\Temp\cclxGl4M.s:128    .rodata.font16x16:00000000 $d
C:\Users\lpc\AppData\Local\Temp\cclxGl4M.s:144    .rodata.zh16x16:00000000 zh16x16
C:\Users\lpc\AppData\Local\Temp\cclxGl4M.s:461    .rodata.afont16x8:00000000 afont16x8
C:\Users\lpc\AppData\Local\Temp\cclxGl4M.s:141    .rodata.zh16x16:00000000 $d
C:\Users\lpc\AppData\Local\Temp\cclxGl4M.s:161    .rodata.afont24x12:00000000 afont24x12
C:\Users\lpc\AppData\Local\Temp\cclxGl4M.s:158    .rodata.afont24x12:00000000 $d
C:\Users\lpc\AppData\Local\Temp\cclxGl4M.s:171    .rodata.ascii_24x12:00000000 ascii_24x12
C:\Users\lpc\AppData\Local\Temp\cclxGl4M.s:168    .rodata.ascii_24x12:00000000 $d
C:\Users\lpc\AppData\Local\Temp\cclxGl4M.s:458    .rodata.afont16x8:00000000 $d
C:\Users\lpc\AppData\Local\Temp\cclxGl4M.s:471    .rodata.ascii_16x8:00000000 ascii_16x8
C:\Users\lpc\AppData\Local\Temp\cclxGl4M.s:468    .rodata.ascii_16x8:00000000 $d
C:\Users\lpc\AppData\Local\Temp\cclxGl4M.s:621    .rodata.afont12x6:00000000 afont12x6
C:\Users\lpc\AppData\Local\Temp\cclxGl4M.s:618    .rodata.afont12x6:00000000 $d
C:\Users\lpc\AppData\Local\Temp\cclxGl4M.s:631    .rodata.ascii_12x6:00000000 ascii_12x6
C:\Users\lpc\AppData\Local\Temp\cclxGl4M.s:628    .rodata.ascii_12x6:00000000 $d
C:\Users\lpc\AppData\Local\Temp\cclxGl4M.s:732    .rodata.afont8x6:00000000 afont8x6
C:\Users\lpc\AppData\Local\Temp\cclxGl4M.s:729    .rodata.afont8x6:00000000 $d
C:\Users\lpc\AppData\Local\Temp\cclxGl4M.s:742    .rodata.ascii_8x6:00000000 ascii_8x6
C:\Users\lpc\AppData\Local\Temp\cclxGl4M.s:739    .rodata.ascii_8x6:00000000 $d

NO UNDEFINED SYMBOLS
