ARM GAS  C:\Users\lpc\AppData\Local\Temp\ccwhx0Be.s 			page 1


   1              		.cpu cortex-m3
   2              		.arch armv7-m
   3              		.fpu softvfp
   4              		.eabi_attribute 20, 1
   5              		.eabi_attribute 21, 1
   6              		.eabi_attribute 23, 3
   7              		.eabi_attribute 24, 1
   8              		.eabi_attribute 25, 1
   9              		.eabi_attribute 26, 1
  10              		.eabi_attribute 30, 1
  11              		.eabi_attribute 34, 1
  12              		.eabi_attribute 18, 4
  13              		.file	"OLED_FONT.c"
  14              		.text
  15              	.Ltext0:
  16              		.cfi_sections	.debug_frame
  17              		.file 1 "Hardware/Src/OLED_FONT.c"
  18              		.global	bilibiliImg
  19              		.section	.rodata.bilibiliImg,"a"
  20              		.align	2
  23              	bilibiliImg:
  24 0000 33       		.byte	51
  25 0001 30       		.byte	48
  26 0002 0000     		.space	2
  27 0004 00000000 		.word	bilibiliData
  28              		.global	bilibiliData
  29              		.section	.rodata.bilibiliData,"a"
  30              		.align	2
  33              	bilibiliData:
  34 0000 00000000 		.ascii	"\000\000\000\000\200\200\200\200\200\200\200\200\206"
  34      80808080 
  34      80808080 
  34      86
  35 000d 8F9FBFFF 		.ascii	"\217\237\277\377\374\370\370\340\340\300\200\200\200"
  35      FCF8F8E0 
  35      E0C08080 
  35      80
  36 001a 8080C0E0 		.ascii	"\200\200\300\340\340\370\370\374\376\277\237\217\206"
  36      E0F8F8FC 
  36      FEBF9F8F 
  36      86
  37 0027 80808080 		.ascii	"\200\200\200\200\200\200\200\000\000\000\000\000\370"
  37      80808000 
  37      00000000 
  37      F8
  38 0034 FEFFFFFF 		.ascii	"\376\377\377\377\377\037\037\037\037\037\037\037\037"
  38      FF1F1F1F 
  38      1F1F1F1F 
  38      1F
  39 0041 1F1F1F1F 		.ascii	"\037\037\037\037\037\037\037\037\037\037\037\037\037"
  39      1F1F1F1F 
  39      1F1F1F1F 
  39      1F
  40 004e 1F1F1F1F 		.ascii	"\037\037\037\037\037\037\037\037\037\037\037\037\037"
  40      1F1F1F1F 
  40      1F1F1F1F 
  40      1F
ARM GAS  C:\Users\lpc\AppData\Local\Temp\ccwhx0Be.s 			page 2


  41 005b 1F1F1F1F 		.ascii	"\037\037\037\037\037\377\377\377\376\374\370\377\377"
  41      1FFFFFFF 
  41      FEFCF8FF 
  41      FF
  42 0068 FFFFFFFF 		.ascii	"\377\377\377\377\000\000\000\340\340\360\360\360\360"
  42      000000E0 
  42      E0F0F0F0 
  42      F0
  43 0075 F8F8F8F8 		.ascii	"\370\370\370\370\370\370\000\000\000\000\000\000\000"
  43      F8F80000 
  43      00000000 
  43      00
  44 0082 000000F8 		.ascii	"\000\000\000\370\370\370\370\370\370\360\360\360\360"
  44      F8F8F8F8 
  44      F8F0F0F0 
  44      F0
  45 008f E0200000 		.ascii	"\340 \000\000\377\377\377\377\377\377\377\377\377\377"
  45      FFFFFFFF 
  45      FFFFFFFF 
  45      FFFF
  46 009d FFFF0000 		.ascii	"\377\377\000\000\000\000\003\001\001\001\001\000\000"
  46      00000301 
  46      01010100 
  46      00
  47 00aa 00000080 		.ascii	"\000\000\000\200\200\000\000\200\300\300\200\000\000"
  47      80000080 
  47      C0C08000 
  47      00
  48 00b7 80800000 		.ascii	"\200\200\000\000\000\000\000\001\001\001\003\003\000"
  48      00000001 
  48      01010303 
  48      00
  49 00c4 0000FFFF 		.ascii	"\000\000\377\377\377\377\377\377\377\377\377\377\377"
  49      FFFFFFFF 
  49      FFFFFFFF 
  49      FF
  50 00d1 FF000000 		.ascii	"\377\000\000\000\000\000\000\000\000\000\000\000\000"
  50      00000000 
  50      00000000 
  50      00
  51 00de 00010707 		.ascii	"\000\001\007\007\007\007\007\003\007\007\007\007\007"
  51      07070703 
  51      07070707 
  51      07
  52 00eb 03010000 		.ascii	"\003\001\000\000\000\000\000\000\000\000\000\000\000"
  52      00000000 
  52      00000000 
  52      00
  53 00f8 00FFFFFF 		.ascii	"\000\377\377\377\377\377\377\001\007\007\037\037\037"
  53      FFFFFF01 
  53      07071F1F 
  53      1F
  54 0105 1F1F1F1F 		.ascii	"\037\037\037\037\377\377\377\377\377\377\037\037\037"
  54      FFFFFFFF 
  54      FFFF1F1F 
  54      1F
  55 0112 1F1F1F1F 		.ascii	"\037\037\037\037\037\037\037\037\037\037\037\037\037"
ARM GAS  C:\Users\lpc\AppData\Local\Temp\ccwhx0Be.s 			page 3


  55      1F1F1F1F 
  55      1F1F1F1F 
  55      1F
  56 011f 1F1F1F7F 		.ascii	"\037\037\037\177\377\377\377\377\377\177\037\037\037"
  56      FFFFFFFF 
  56      FF7F1F1F 
  56      1F
  57 012c 1F1F1F07 		.ascii	"\037\037\037\007\007\003"
  57      0703
  58              		.global	font16x16
  59              		.section	.rodata.font16x16,"a"
  60              		.align	2
  63              	font16x16:
  64 0000 10       		.byte	16
  65 0001 10       		.byte	16
  66 0002 0000     		.space	2
  67 0004 00000000 		.word	zh16x16
  68 0008 04       		.byte	4
  69 0009 000000   		.space	3
  70 000c 00000000 		.word	afont16x8
  71              		.global	zh16x16
  72              		.section	.rodata.zh16x16,"a"
  73              		.align	2
  76              	zh16x16:
  77 0000 E6B3A200 		.ascii	"\346\263\242\000\020`\002\014\300\000\370\210\210\210"
  77      1060020C 
  77      C000F888 
  77      8888
  78 000e FF8888A8 		.ascii	"\377\210\210\250\030\000\004\004|\003\200`\037\200C"
  78      18000404 
  78      7C038060 
  78      1F8043
  79 001d 2C102846 		.ascii	",\020(F\201\200\000"
  79      818000
  80 0024 E789B900 		.ascii	"\347\211\271\000@<\020\377\020\020@HHH\177H\310H@\000"
  80      403C10FF 
  80      10104048 
  80      48487F48 
  80      C8484000 
  81 0038 020602FF 		.ascii	"\002\006\002\377\001\001\000\002\012\022B\202\177\002"
  81      01010002 
  81      0A124282 
  81      7F02
  82 0046 0200     		.ascii	"\002\000"
  83 0048 E5BE8B00 		.ascii	"\345\276\213\000\000\020\210\3043\020TTT\377TT|\020"
  83      001088C4 
  83      33105454 
  83      54FF5454 
  83      7C10
  84 005a 10000201 		.ascii	"\020\000\002\001\000\377\000\020\022\022\022\377\022"
  84      00FF0010 
  84      121212FF 
  84      12
  85 0067 12121000 		.ascii	"\022\022\020\000\000"
  85      00
  86 006c E58AA800 		.ascii	"\345\212\250\000@D\304DDD@\020\020\377\020\020\020\360"
  86      4044C444 
ARM GAS  C:\Users\lpc\AppData\Local\Temp\ccwhx0Be.s 			page 4


  86      44444010 
  86      10FF1010 
  86      10F0
  87 007e 0000103C 		.ascii	"\000\000\020<\023\020\024\270@0\016\001@\200@?\000\000"
  87      131014B8 
  87      40300E01 
  87      4080403F 
  87      0000
  88              		.global	afont24x12
  89              		.section	.rodata.afont24x12,"a"
  90              		.align	2
  93              	afont24x12:
  94 0000 18       		.byte	24
  95 0001 0C       		.byte	12
  96 0002 0000     		.space	2
  97 0004 00000000 		.word	ascii_24x12
  98              		.global	ascii_24x12
  99              		.section	.rodata.ascii_24x12,"a"
 100              		.align	2
 103              	ascii_24x12:
 104 0000 00000000 		.ascii	"\000\000\000\000\000\000\000\000\000\000\000\000\000"
 104      00000000 
 104      00000000 
 104      00
 105 000d 00000000 		.ascii	"\000\000\000\000\000\000\000\000\000\000\000\000\000"
 105      00000000 
 105      00000000 
 105      00
 106 001a 00000000 		.ascii	"\000\000\000\000\000\000\000\000\000\000"
 106      00000000 
 106      0000
 107 0024 00000000 		.ascii	"\000\000\000\000\000\360\360\360\000\000\000\000\000"
 107      00F0F0F0 
 107      00000000 
 107      00
 108 0031 00000000 		.ascii	"\000\000\000\000\001\177\001\000\000\000\000\000\000"
 108      017F0100 
 108      00000000 
 108      00
 109 003e 0000001C 		.ascii	"\000\000\000\034\034\034\000\000\000\000"
 109      1C1C0000 
 109      0000
 110 0048 00008060 		.ascii	"\000\000\200`0\034\214`0\034\014\000\000\000\000\000"
 110      301C8C60 
 110      301C0C00 
 110      00000000 
 111 0058 00000000 		.ascii	"\000\000\000\000\000\000\000\000\000\000\000\000\000"
 111      00000000 
 111      00000000 
 111      00
 112 0065 00000000 		.ascii	"\000\000\000\000\000\000\000"
 112      000000
 113 006c 000000E0 		.ascii	"\000\000\000\340\000\000\000\000\000\340\000\000\000"
 113      00000000 
 113      00E00000 
 113      00
 114 0079 86E69F86 		.ascii	"\206\346\237\206\206\206\206\346\237\206\000\000\001"
ARM GAS  C:\Users\lpc\AppData\Local\Temp\ccwhx0Be.s 			page 5


 114      868686E6 
 114      9F860000 
 114      01
 115 0086 1F010101 		.ascii	"\037\001\001\001\001\001\037\001\001\000"
 115      01011F01 
 115      0100
 116 0090 000080C0 		.ascii	"\000\000\200\300` \370 \340\300\000\000\000\000\003"
 116      6020F820 
 116      E0C00000 
 116      000003
 117 009f 070C18FF 		.ascii	"\007\014\030\377p\341\201\000\000\000\000\007\017\020"
 117      70E18100 
 117      00000007 
 117      0F10
 118 00ad 107F100F 		.ascii	"\020\177\020\017\007\000\000"
 118      070000
 119 00b4 80602060 		.ascii	"\200` `\200\000\000\000\340 \000\000\0170 0\237p\334"
 119      80000000 
 119      E0200000 
 119      0F302030 
 119      9F70DC
 120 00c7 371030C0 		.ascii	"7\0200\300\000\000\000\020\016\003\000\007\030\020\030"
 120      00000010 
 120      0E030007 
 120      181018
 121 00d6 0700     		.ascii	"\007\000"
 122 00d8 0000C020 		.ascii	"\000\000\300  \340\300\000\000\000\000\000\200\340\037"
 122      20E0C000 
 122      00000000 
 122      80E01F
 123 00e7 38E88703 		.ascii	"8\350\207\003\304<\004\000\000\007\017\030\020\020\013"
 123      C43C0400 
 123      00070F18 
 123      10100B
 124 00f6 070D1010 		.ascii	"\007\015\020\020\010\000"
 124      0800
 125 00fc 00808C4C 		.ascii	"\000\200\214L8\000\000\000\000\000\000\000\000\000\000"
 125      38000000 
 125      00000000 
 125      000000
 126 010b 00000000 		.ascii	"\000\000\000\000\000\000\000\000\000\000\000\000\000"
 126      00000000 
 126      00000000 
 126      00
 127 0118 00000000 		.ascii	"\000\000\000\000\000\000\000\000"
 127      00000000 
 128 0120 00000000 		.ascii	"\000\000\000\000\000\000\200\3400\010\004\000\000\000"
 128      000080E0 
 128      30080400 
 128      0000
 129 012e 000000FE 		.ascii	"\000\000\000\376\377\001\000\000\000\000\000\000\000"
 129      FF010000 
 129      00000000 
 129      00
 130 013b 00000003 		.ascii	"\000\000\000\003\017\030 @\000"
 130      0F182040 
 130      00
ARM GAS  C:\Users\lpc\AppData\Local\Temp\ccwhx0Be.s 			page 6


 131 0144 00040830 		.ascii	"\000\004\0100\340\200\000\000\000\000\000\000\000\000"
 131      E0800000 
 131      00000000 
 131      0000
 132 0152 000001FF 		.ascii	"\000\000\001\377\376\000\000\000\000\000\000@ \030\017"
 132      FE000000 
 132      00000040 
 132      20180F
 133 0161 03000000 		.ascii	"\003\000\000\000\000\000\000"
 133      000000
 134 0168 00000000 		.ascii	"\000\000\000\000\000\000\300\000\000\000\000\000\000"
 134      0000C000 
 134      00000000 
 134      00
 135 0175 4266663C 		.ascii	"Bff<\030\377\030<ffB\000\000\000\000\000\000\003\000"
 135      18FF183C 
 135      66664200 
 135      00000000 
 135      000300
 136 0188 00000000 		.ascii	"\000\000\000\000"
 137 018c 00000000 		.ascii	"\000\000\000\000\000\000\200\000\000\000\000\000\000"
 137      00008000 
 137      00000000 
 137      00
 138 0199 10101010 		.ascii	"\020\020\020\020\020\377\020\020\020\020\020\000\000"
 138      10FF1010 
 138      10101000 
 138      00
 139 01a6 00000000 		.ascii	"\000\000\000\000\003\000\000\000\000\000"
 139      03000000 
 139      0000
 140 01b0 00000000 		.ascii	"\000\000\000\000\000\000\000\000\000\000\000\000\000"
 140      00000000 
 140      00000000 
 140      00
 141 01bd 00000000 		.ascii	"\000\000\000\000\000\000\000\000\000\000\000\000\200"
 141      00000000 
 141      00000000 
 141      80
 142 01ca 8C4C3800 		.ascii	"\214L8\000\000\000\000\000\000\000"
 142      00000000 
 142      0000
 143 01d4 00000000 		.ascii	"\000\000\000\000\000\000\000\000\000\000\000\000\000"
 143      00000000 
 143      00000000 
 143      00
 144 01e1 10101010 		.ascii	"\020\020\020\020\020\020\020\020\020\020\000\000\000"
 144      10101010 
 144      10100000 
 144      00
 145 01ee 00000000 		.ascii	"\000\000\000\000\000\000\000\000\000\000"
 145      00000000 
 145      0000
 146 01f8 00000000 		.ascii	"\000\000\000\000\000\000\000\000\000\000\000\000\000"
 146      00000000 
 146      00000000 
 146      00
ARM GAS  C:\Users\lpc\AppData\Local\Temp\ccwhx0Be.s 			page 7


 147 0205 00000000 		.ascii	"\000\000\000\000\000\000\000\000\000\000\000\000\000"
 147      00000000 
 147      00000000 
 147      00
 148 0212 1C1C1C00 		.ascii	"\034\034\034\000\000\000\000\000\000\000"
 148      00000000 
 148      0000
 149 021c 00000000 		.ascii	"\000\000\000\000\000\000\000\000\3408\014\000\000\000"
 149      00000000 
 149      E0380C00 
 149      0000
 150 022a 00008070 		.ascii	"\000\000\200p\034\003\000\000\000\000\000`8\016\001"
 150      1C030000 
 150      00000060 
 150      380E01
 151 0239 00000000 		.ascii	"\000\000\000\000\000\000\000"
 151      000000
 152 0240 000080C0 		.ascii	"\000\000\200\300`  `\300\200\000\000\000\376\377\001"
 152      60202060 
 152      C0800000 
 152      00FEFF01 
 153 0250 00000000 		.ascii	"\000\000\000\000\001\377\376\000\000\001\007\016\030"
 153      01FFFE00 
 153      0001070E 
 153      18
 154 025d 1010180E 		.ascii	"\020\020\030\016\007\001\000"
 154      070100
 155 0264 00008080 		.ascii	"\000\000\200\200\200\300\340\000\000\000\000\000\000"
 155      80C0E000 
 155      00000000 
 155      00
 156 0271 00000000 		.ascii	"\000\000\000\000\377\377\000\000\000\000\000\000\000"
 156      FFFF0000 
 156      00000000 
 156      00
 157 027e 1010101F 		.ascii	"\020\020\020\037\037\020\020\020\000\000"
 157      1F101010 
 157      0000
 158 0288 00804020 		.ascii	"\000\200@    `\300\200\000\000\000\003\003\000\200@"
 158      20202060 
 158      C0800000 
 158      00030300 
 158      8040
 159 029a 20381F07 		.ascii	" 8\037\007\000\000\000\034\032\031\030\030\030\030\030"
 159      0000001C 
 159      1A191818 
 159      181818
 160 02a9 1F0000   		.ascii	"\037\000\000"
 161 02ac 0080C020 		.ascii	"\000\200\300   `\300\200\000\000\000\000\003\003\000"
 161      202060C0 
 161      80000000 
 161      00030300 
 162 02bc 1010182F 		.ascii	"\020\020\030/\347\200\000\000\000\007\017\020\020\020"
 162      E7800000 
 162      00070F10 
 162      1010
 163 02ca 10180F07 		.ascii	"\020\030\017\007\000\000"
ARM GAS  C:\Users\lpc\AppData\Local\Temp\ccwhx0Be.s 			page 8


 163      0000
 164 02d0 00000000 		.ascii	"\000\000\000\000\000\000\300\340\360\000\000\000\000"
 164      0000C0E0 
 164      F0000000 
 164      00
 165 02dd C0B08886 		.ascii	"\300\260\210\206\201\200\377\377\200\200\000\000\000"
 165      8180FFFF 
 165      80800000 
 165      00
 166 02ea 00000010 		.ascii	"\000\000\000\020\020\037\037\020\020\000"
 166      101F1F10 
 166      1000
 167 02f4 0000E060 		.ascii	"\000\000\340```````\000\000\000\000?\020\010\010\010"
 167      60606060 
 167      60600000 
 167      00003F10 
 167      080808
 168 0307 18F0E000 		.ascii	"\030\360\340\000\000\000\007\013\020\020\020\020\034"
 168      0000070B 
 168      10101010 
 168      1C
 169 0314 0F030000 		.ascii	"\017\003\000\000"
 170 0318 000080C0 		.ascii	"\000\000\200\300@   \340\300\000\000\000\374\377!\020"
 170      40202020 
 170      E0C00000 
 170      00FCFF21 
 170      10
 171 0329 08080818 		.ascii	"\010\010\010\030\360\340\000\000\001\007\014\030\020"
 171      F0E00000 
 171      01070C18 
 171      10
 172 0336 1010080F 		.ascii	"\020\020\010\017\003\000"
 172      0300
 173 033c 0000C0E0 		.ascii	"\000\000\300\340`````\340`\000\000\000\003\000\000\000"
 173      60606060 
 173      60E06000 
 173      00000300 
 173      0000
 174 034e E0180700 		.ascii	"\340\030\007\000\000\000\000\000\000\000\000\037\037"
 174      00000000 
 174      0000001F 
 174      1F
 175 035b 00000000 		.ascii	"\000\000\000\000\000"
 175      00
 176 0360 0080C060 		.ascii	"\000\200\300`    `\300\200\000\000\207\357,\030\030"
 176      20202020 
 176      60C08000 
 176      0087EF2C 
 176      1818
 177 0372 303068CF 		.ascii	"00h\317\203\000\000\007\017\010\020\020\020\020\030"
 177      83000007 
 177      0F081010 
 177      101018
 178 0381 0F0700   		.ascii	"\017\007\000"
 179 0384 0000C0C0 		.ascii	"\000\000\300\300    \300\200\000\000\000\037?`@@@ \020"
 179      20202020 
 179      C0800000 
ARM GAS  C:\Users\lpc\AppData\Local\Temp\ccwhx0Be.s 			page 9


 179      001F3F60 
 179      40404020 
 180 0399 FFFE0000 		.ascii	"\377\376\000\000\000\014\034\020\020\020\010\017\003"
 180      000C1C10 
 180      1010080F 
 180      03
 181 03a6 0000     		.ascii	"\000\000"
 182 03a8 00000000 		.ascii	"\000\000\000\000\000\000\000\000\000\000\000\000\000"
 182      00000000 
 182      00000000 
 182      00
 183 03b5 00000000 		.ascii	"\000\000\000\000\016\016\016\000\000\000\000\000\000"
 183      0E0E0E00 
 183      00000000 
 183      00
 184 03c2 0000001C 		.ascii	"\000\000\000\034\034\034\000\000\000\000"
 184      1C1C0000 
 184      0000
 185 03cc 00000000 		.ascii	"\000\000\000\000\000\000\000\000\000\000\000\000\000"
 185      00000000 
 185      00000000 
 185      00
 186 03d9 00000000 		.ascii	"\000\000\000\000\014\014\000\000\000\000\000\000\000"
 186      0C0C0000 
 186      00000000 
 186      00
 187 03e6 00000058 		.ascii	"\000\000\000X8\000\000\000\000\000"
 187      38000000 
 187      0000
 188 03f0 00000000 		.ascii	"\000\000\000\000\000\000\000\200@ \020\000\000\000\020"
 188      00000080 
 188      40201000 
 188      000010
 189 03ff 28448201 		.ascii	"(D\202\001\000\000\000\000\000\000\000\000\000\000\000"
 189      00000000 
 189      00000000 
 189      000000
 190 040e 01020408 		.ascii	"\001\002\004\010\020\000"
 190      1000
 191 0414 00000000 		.ascii	"\000\000\000\000\000\000\000\000\000\000\000\000\000"
 191      00000000 
 191      00000000 
 191      00
 192 0421 84848484 		.ascii	"\204\204\204\204\204\204\204\204\204\204\000\000\000"
 192      84848484 
 192      84840000 
 192      00
 193 042e 00000000 		.ascii	"\000\000\000\000\000\000\000\000\000\000"
 193      00000000 
 193      0000
 194 0438 00001020 		.ascii	"\000\000\020 @\200\000\000\000\000\000\000\000\000\000"
 194      40800000 
 194      00000000 
 194      000000
 195 0447 00000001 		.ascii	"\000\000\000\001\202D(\020\000\000\000\020\010\004\002"
 195      82442810 
 195      00000010 
ARM GAS  C:\Users\lpc\AppData\Local\Temp\ccwhx0Be.s 			page 10


 195      080402
 196 0456 01000000 		.ascii	"\001\000\000\000\000\000"
 196      0000
 197 045c 00C02020 		.ascii	"\000\300  \020\020\020\0200\340\300\000\000\003\003"
 197      10101010 
 197      30E0C000 
 197      000303
 198 046b 0000F010 		.ascii	"\000\000\360\020\010\014\007\003\000\000\000\000\000"
 198      080C0703 
 198      00000000 
 198      00
 199 0478 1C1C1C00 		.ascii	"\034\034\034\000\000\000\000\000"
 199      00000000 
 200 0480 000000C0 		.ascii	"\000\000\000\300@`   @\300\000\000\374\377\001\360\016"
 200      40602020 
 200      2040C000 
 200      00FCFF01 
 200      F00E
 201 0492 03C1FE03 		.ascii	"\003\301\376\003\200\177\000\001\007\016\010\021\021"
 201      807F0001 
 201      070E0811 
 201      11
 202 049f 10110904 		.ascii	"\020\021\011\004\002"
 202      02
 203 04a4 00000000 		.ascii	"\000\000\000\000\200\340\340\000\000\000\000\000\000"
 203      80E0E000 
 203      00000000 
 203      00
 204 04b1 00807C43 		.ascii	"\000\200|C@G\177\370\200\000\000\020\030\037\020\000"
 204      40477FF8 
 204      80000010 
 204      181F1000 
 205 04c1 00000013 		.ascii	"\000\000\000\023\037\034\020"
 205      1F1C10
 206 04c8 20E0E020 		.ascii	" \340\340    `\300\200\000\000\000\377\377\020\020\020"
 206      20202060 
 206      C0800000 
 206      00FFFF10 
 206      1010
 207 04da 10182FE7 		.ascii	"\020\030/\347\200\000\020\037\037\020\020\020\020\020"
 207      8000101F 
 207      1F101010 
 207      1010
 208 04e8 180F0700 		.ascii	"\030\017\007\000"
 209 04ec 000080C0 		.ascii	"\000\000\200\300@    `\340\000\000\374\377\001\000\000"
 209      40202020 
 209      2060E000 
 209      00FCFF01 
 209      0000
 210 04fe 00000000 		.ascii	"\000\000\000\000\001\000\000\001\007\016\030\020\020"
 210      01000001 
 210      070E1810 
 210      10
 211 050b 10080403 		.ascii	"\020\010\004\003\000"
 211      00
 212 0510 20E0E020 		.ascii	" \340\340    @\300\200\000\000\000\377\377\000\000\000"
 212      20202040 
ARM GAS  C:\Users\lpc\AppData\Local\Temp\ccwhx0Be.s 			page 11


 212      C0800000 
 212      00FFFF00 
 212      0000
 213 0522 000001FF 		.ascii	"\000\000\001\377\376\000\020\037\037\020\020\020\030"
 213      FE00101F 
 213      1F101010 
 213      18
 214 052f 080E0701 		.ascii	"\010\016\007\001\000"
 214      00
 215 0534 20E0E020 		.ascii	" \340\340      `\200\000\000\377\377\020\020\020\020"
 215      20202020 
 215      20608000 
 215      00FFFF10 
 215      101010
 216 0547 7C000000 		.ascii	"|\000\000\000\000\020\037\037\020\020\020\020\020\020"
 216      00101F1F 
 216      10101010 
 216      1010
 217 0555 180600   		.ascii	"\030\006\000"
 218 0558 20E0E020 		.ascii	" \340\340     ``\200\000\000\377\377\020\020\020\020"
 218      20202020 
 218      60608000 
 218      00FFFF10 
 218      101010
 219 056b 7C000001 		.ascii	"|\000\000\001\000\020\037\037\020\000\000\000\000\000"
 219      00101F1F 
 219      10000000 
 219      0000
 220 0579 000000   		.ascii	"\000\000\000"
 221 057c 000080C0 		.ascii	"\000\000\200\300`   @\340\000\000\000\374\377\001\000"
 221      60202020 
 221      40E00000 
 221      00FCFF01 
 221      00
 222 058d 004040C0 		.ascii	"\000@@\300\301@@\000\001\007\016\030\020\020\020\017"
 222      C1404000 
 222      01070E18 
 222      1010100F 
 223 059d 0F0000   		.ascii	"\017\000\000"
 224 05a0 20E0E020 		.ascii	" \340\340 \000\000\000\000 \340\340 \000\377\377\020"
 224      00000000 
 224      20E0E020 
 224      00FFFF10 
 225 05b0 10101010 		.ascii	"\020\020\020\020\020\377\377\000\020\037\037\020\000"
 225      10FFFF00 
 225      101F1F10 
 225      00
 226 05bd 00000010 		.ascii	"\000\000\000\020\037\037\020"
 226      1F1F10
 227 05c4 00002020 		.ascii	"\000\000   \340\340   \000\000\000\000\000\000\000\377"
 227      20E0E020 
 227      20200000 
 227      00000000 
 227      00FF
 228 05d6 FF000000 		.ascii	"\377\000\000\000\000\000\000\000\020\020\020\037\037"
 228      00000000 
 228      1010101F 
ARM GAS  C:\Users\lpc\AppData\Local\Temp\ccwhx0Be.s 			page 12


 228      1F
 229 05e3 10101000 		.ascii	"\020\020\020\000\000"
 229      00
 230 05e8 00000000 		.ascii	"\000\000\000\000   \340\340   \000\000\000\000\000\000"
 230      202020E0 
 230      E0202020 
 230      00000000 
 230      0000
 231 05fa 00FFFF00 		.ascii	"\000\377\377\000\000\000\000`\340\200\200\200\300\177"
 231      00000060 
 231      E0808080 
 231      C07F
 232 0608 3F000000 		.ascii	"?\000\000\000"
 233 060c 20E0E020 		.ascii	" \340\340 \000\000 \240`  \000\000\377\3770\030|\343"
 233      000020A0 
 233      60202000 
 233      00FFFF30 
 233      187CE3
 234 061f C0000000 		.ascii	"\300\000\000\000\000\020\037\037\020\000\000\001\023"
 234      00101F1F 
 234      10000001 
 234      13
 235 062c 1F1C1810 		.ascii	"\037\034\030\020"
 236 0630 20E0E020 		.ascii	" \340\340 \000\000\000\000\000\000\000\000\000\377\377"
 236      00000000 
 236      00000000 
 236      00FFFF
 237 063f 00000000 		.ascii	"\000\000\000\000\000\000\000\000\000\020\037\037\020"
 237      00000000 
 237      00101F1F 
 237      10
 238 064c 10101010 		.ascii	"\020\020\020\020\020\030\006\000"
 238      10180600 
 239 0654 20E0E0E0 		.ascii	" \340\340\340\000\000\000\000\340\340\340 \000\377\001"
 239      00000000 
 239      E0E0E020 
 239      00FF01
 240 0663 3FFEC0E0 		.ascii	"?\376\300\340\036\001\377\377\000\020\037\020\000\003"
 240      1E01FFFF 
 240      00101F10 
 240      0003
 241 0671 1F030010 		.ascii	"\037\003\000\020\037\037\020"
 241      1F1F10
 242 0678 20E0E0C0 		.ascii	" \340\340\300\000\000\000\000\000 \340 \000\377\000"
 242      00000000 
 242      0020E020 
 242      00FF00
 243 0687 03071C78 		.ascii	"\003\007\034x\340\200\000\377\000\020\037\020\000\000"
 243      E08000FF 
 243      00101F10 
 243      0000
 244 0695 00000003 		.ascii	"\000\000\000\003\017\037\000"
 244      0F1F00
 245 069c 000080C0 		.ascii	"\000\000\200\300`  `\300\200\000\000\000\376\377\001"
 245      60202060 
 245      C0800000 
 245      00FEFF01 
ARM GAS  C:\Users\lpc\AppData\Local\Temp\ccwhx0Be.s 			page 13


 246 06ac 00000000 		.ascii	"\000\000\000\000\000\377\376\000\000\001\007\016\030"
 246      00FFFE00 
 246      0001070E 
 246      18
 247 06b9 1010180C 		.ascii	"\020\020\030\014\007\001\000"
 247      070100
 248 06c0 20E0E020 		.ascii	" \340\340     `\300\200\000\000\377\377     0\037\017"
 248      20202020 
 248      60C08000 
 248      00FFFF20 
 248      20202020 
 249 06d7 00101F1F 		.ascii	"\000\020\037\037\020\000\000\000\000\000\000\000\000"
 249      10000000 
 249      00000000 
 249      00
 250 06e4 000080C0 		.ascii	"\000\000\200\300`  `\300\200\000\000\000\376\377\001"
 250      60202060 
 250      C0800000 
 250      00FEFF01 
 251 06f4 00000000 		.ascii	"\000\000\000\000\000\377\376\000\000\001\007\016\021"
 251      00FFFE00 
 251      0001070E 
 251      11
 252 0701 11133C7C 		.ascii	"\021\023<|g!\000"
 252      672100
 253 0708 20E0E020 		.ascii	" \340\340     `\300\200\000\000\377\377\020\0200\360"
 253      20202020 
 253      60C08000 
 253      00FFFF10 
 253      1030F0
 254 071b D0080F07 		.ascii	"\320\010\017\007\000\020\037\037\020\000\000\000\003"
 254      00101F1F 
 254      10000000 
 254      03
 255 0728 0F1C1010 		.ascii	"\017\034\020\020"
 256 072c 0080C060 		.ascii	"\000\200\300`    @@\340\000\000\007\017\014\030\030"
 256      20202020 
 256      4040E000 
 256      00070F0C 
 256      1818
 257 073e 303060E0 		.ascii	"00`\340\201\000\000\037\014\010\020\020\020\020\030"
 257      8100001F 
 257      0C081010 
 257      101018
 258 074d 0F0700   		.ascii	"\017\007\000"
 259 0750 80602020 		.ascii	"\200`   \340\340   `\200\001\000\000\000\000\377\377"
 259      20E0E020 
 259      20206080 
 259      01000000 
 259      00FFFF
 260 0763 00000000 		.ascii	"\000\000\000\000\001\000\000\000\000\020\037\037\020"
 260      01000000 
 260      00101F1F 
 260      10
 261 0770 00000000 		.ascii	"\000\000\000\000"
 262 0774 20E0E020 		.ascii	" \340\340 \000\000\000\000\000 \340 \000\377\377\000"
 262      00000000 
ARM GAS  C:\Users\lpc\AppData\Local\Temp\ccwhx0Be.s 			page 14


 262      0020E020 
 262      00FFFF00 
 263 0784 00000000 		.ascii	"\000\000\000\000\000\000\377\000\000\007\017\030\020"
 263      0000FF00 
 263      00070F18 
 263      10
 264 0791 10101010 		.ascii	"\020\020\020\020\010\007\000"
 264      080700
 265 0798 2060E0E0 		.ascii	" `\340\340 \000\000\000 \340` \000\000\007\177\370\200"
 265      20000000 
 265      20E06020 
 265      0000077F 
 265      F880
 266 07aa 00807C03 		.ascii	"\000\200|\003\000\000\000\000\000\000\007\037\034\007"
 266      00000000 
 266      0000071F 
 266      1C07
 267 07b8 00000000 		.ascii	"\000\000\000\000"
 268 07bc 20E0E020 		.ascii	" \340\340 \000\340\340 \000 \340 \000\007\377\370\340"
 268      00E0E020 
 268      0020E020 
 268      0007FFF8 
 268      E0
 269 07cd 1FFFFCE0 		.ascii	"\037\377\374\340\037\000\000\000\000\003\037\003\000"
 269      1F000000 
 269      00031F03 
 269      00
 270 07da 011F0300 		.ascii	"\001\037\003\000\000\000"
 270      0000
 271 07e0 002060E0 		.ascii	"\000 `\340\240\000\000 \340` \000\000\000\000\003\217"
 271      A0000020 
 271      E0602000 
 271      00000003 
 271      8F
 272 07f1 7CF8C601 		.ascii	"|\370\306\001\000\000\000\000\020\030\036\023\000\001"
 272      00000000 
 272      10181E13 
 272      0001
 273 07ff 171F1810 		.ascii	"\027\037\030\020\000"
 273      00
 274 0804 2060E0E0 		.ascii	" `\340\340 \000\000\000 \340` \000\000\001\007>\370"
 274      20000000 
 274      20E06020 
 274      00000107 
 274      3EF8
 275 0816 E0180700 		.ascii	"\340\030\007\000\000\000\000\000\000\020\020\037\037"
 275      00000000 
 275      0010101F 
 275      1F
 276 0823 10100000 		.ascii	"\020\020\000\000\000"
 276      00
 277 0828 00806020 		.ascii	"\000\200`    \240\340\340 \000\000\000\000\000\300\360"
 277      202020A0 
 277      E0E02000 
 277      00000000 
 277      C0F0
 278 083a 3E0F0300 		.ascii	">\017\003\000\000\000\000\020\034\037\027\020\020\020"
ARM GAS  C:\Users\lpc\AppData\Local\Temp\ccwhx0Be.s 			page 15


 278      00000010 
 278      1C1F1710 
 278      1010
 279 0848 10180600 		.ascii	"\020\030\006\000"
 280 084c 00000000 		.ascii	"\000\000\000\000\000\374\004\004\004\004\004\000\000"
 280      00FC0404 
 280      04040400 
 280      00
 281 0859 00000000 		.ascii	"\000\000\000\000\377\000\000\000\000\000\000\000\000"
 281      FF000000 
 281      00000000 
 281      00
 282 0866 0000007F 		.ascii	"\000\000\000\177@@@@@\000"
 282      40404040 
 282      4000
 283 0870 000010E0 		.ascii	"\000\000\020\340\000\000\000\000\000\000\000\000\000"
 283      00000000 
 283      00000000 
 283      00
 284 087d 00000003 		.ascii	"\000\000\000\003\034`\200\000\000\000\000\000\000\000"
 284      1C608000 
 284      00000000 
 284      0000
 285 088b 00000000 		.ascii	"\000\000\000\000\003\014p\200\000"
 285      030C7080 
 285      00
 286 0894 00000404 		.ascii	"\000\000\004\004\004\004\004\374\000\000\000\000\000"
 286      040404FC 
 286      00000000 
 286      00
 287 08a1 00000000 		.ascii	"\000\000\000\000\000\000\377\000\000\000\000\000\000"
 287      0000FF00 
 287      00000000 
 287      00
 288 08ae 40404040 		.ascii	"@@@@@\177\000\000\000\000"
 288      407F0000 
 288      0000
 289 08b8 00000010 		.ascii	"\000\000\000\020\010\014\004\014\010\020\000\000\000"
 289      080C040C 
 289      08100000 
 289      00
 290 08c5 00000000 		.ascii	"\000\000\000\000\000\000\000\000\000\000\000\000\000"
 290      00000000 
 290      00000000 
 290      00
 291 08d2 00000000 		.ascii	"\000\000\000\000\000\000\000\000\000\000"
 291      00000000 
 291      0000
 292 08dc 00000000 		.ascii	"\000\000\000\000\000\000\000\000\000\000\000\000\000"
 292      00000000 
 292      00000000 
 292      00
 293 08e9 00000000 		.ascii	"\000\000\000\000\000\000\000\000\000\000\000\200\200"
 293      00000000 
 293      00000080 
 293      80
 294 08f6 80808080 		.ascii	"\200\200\200\200\200\200\200\200\200\200"
ARM GAS  C:\Users\lpc\AppData\Local\Temp\ccwhx0Be.s 			page 16


 294      80808080 
 294      8080
 295 0900 00000004 		.ascii	"\000\000\000\004\004\010\010\000\000\000\000\000\000"
 295      04080800 
 295      00000000 
 295      00
 296 090d 00000000 		.ascii	"\000\000\000\000\000\000\000\000\000\000\000\000\000"
 296      00000000 
 296      00000000 
 296      00
 297 091a 00000000 		.ascii	"\000\000\000\000\000\000\000\000\000\000"
 297      00000000 
 297      0000
 298 0924 00000000 		.ascii	"\000\000\000\000\000\000\000\000\000\000\000\000\000"
 298      00000000 
 298      00000000 
 298      00
 299 0931 0098D844 		.ascii	"\000\230\330Dd$$\374\370\000\000\000\017\037\030\020"
 299      642424FC 
 299      F8000000 
 299      0F1F1810 
 300 0941 1010081F 		.ascii	"\020\020\010\037\037\020\030"
 300      1F1018
 301 0948 0020E0F0 		.ascii	"\000 \340\360\000\000\000\000\000\000\000\000\000\000"
 301      00000000 
 301      00000000 
 301      0000
 302 0956 FFFF1808 		.ascii	"\377\377\030\010\004\004\014\370\360\000\000\000\037"
 302      04040CF8 
 302      F0000000 
 302      1F
 303 0963 0F181010 		.ascii	"\017\030\020\020\020\030\017\003\000"
 303      10180F03 
 303      00
 304 096c 00000000 		.ascii	"\000\000\000\000\000\000\000\000\000\000\000\000\000"
 304      00000000 
 304      00000000 
 304      00
 305 0979 E0F81804 		.ascii	"\340\370\030\004\004\004<8\000\000\000\000\003\017\014"
 305      04043C38 
 305      00000000 
 305      030F0C
 306 0988 10101010 		.ascii	"\020\020\020\020\010\006\000\000"
 306      08060000 
 307 0990 00000000 		.ascii	"\000\000\000\000\000\000\000 \340\360\000\000\000\340"
 307      00000020 
 307      E0F00000 
 307      00E0
 308 099e F81C0404 		.ascii	"\370\034\004\004\004\010\377\377\000\000\000\003\017"
 308      0408FFFF 
 308      00000003 
 308      0F
 309 09ab 18101010 		.ascii	"\030\020\020\020\010\037\017\010\000"
 309      081F0F08 
 309      00
 310 09b4 00000000 		.ascii	"\000\000\000\000\000\000\000\000\000\000\000\000\000"
 310      00000000 
ARM GAS  C:\Users\lpc\AppData\Local\Temp\ccwhx0Be.s 			page 17


 310      00000000 
 310      00
 311 09c1 00E0F848 		.ascii	"\000\340\370HDDDLxp\000\000\000\003\017\014\030\020"
 311      4444444C 
 311      78700000 
 311      00030F0C 
 311      1810
 312 09d3 10100804 		.ascii	"\020\020\010\004\000"
 312      00
 313 09d8 00000000 		.ascii	"\000\000\000\000\200\300`  \340\300\000\000\004\004"
 313      80C06020 
 313      20E0C000 
 313      000404
 314 09e7 04FFFF04 		.ascii	"\004\377\377\004\004\004\004\000\000\000\000\020\020"
 314      04040400 
 314      00000010 
 314      10
 315 09f4 1F1F1010 		.ascii	"\037\037\020\020\020\000\000\000"
 315      10000000 
 316 09fc 00000000 		.ascii	"\000\000\000\000\000\000\000\000\000\000\000\000\000"
 316      00000000 
 316      00000000 
 316      00
 317 0a09 0070F88C 		.ascii	"\000p\370\214\004\004\214\370t\004\014\000pv\317\215"
 317      04048CF8 
 317      74040C00 
 317      7076CF8D 
 318 0a19 8D8D89C8 		.ascii	"\215\215\211\310xp\000"
 318      787000
 319 0a20 0020E0F0 		.ascii	"\000 \340\360\000\000\000\000\000\000\000\000\000\000"
 319      00000000 
 319      00000000 
 319      0000
 320 0a2e FFFF0804 		.ascii	"\377\377\010\004\004\004\374\370\000\000\000\020\037"
 320      0404FCF8 
 320      00000010 
 320      1F
 321 0a3b 1F100000 		.ascii	"\037\020\000\000\020\037\037\020\000"
 321      101F1F10 
 321      00
 322 0a44 00000000 		.ascii	"\000\000\000\000\000``\000\000\000\000\000\000\000\004"
 322      00606000 
 322      00000000 
 322      000004
 323 0a53 0404FCFC 		.ascii	"\004\004\374\374\000\000\000\000\000\000\000\020\020"
 323      00000000 
 323      00000010 
 323      10
 324 0a60 101F1F10 		.ascii	"\020\037\037\020\020\020\000\000"
 324      10100000 
 325 0a68 00000000 		.ascii	"\000\000\000\000\000\000\000``\000\000\000\000\000\000"
 325      00000060 
 325      60000000 
 325      000000
 326 0a77 00040404 		.ascii	"\000\004\004\004\374\374\000\000\000\000\000\300\300"
 326      FCFC0000 
 326      000000C0 
ARM GAS  C:\Users\lpc\AppData\Local\Temp\ccwhx0Be.s 			page 18


 326      C0
 327 0a84 8080C07F 		.ascii	"\200\200\300\177?\000\000\000"
 327      3F000000 
 328 0a8c 0020E0F0 		.ascii	"\000 \340\360\000\000\000\000\000\000\000\000\000\000"
 328      00000000 
 328      00000000 
 328      0000
 329 0a9a FFFF80C0 		.ascii	"\377\377\200\300\364\034\004\004\000\000\000\020\037"
 329      F41C0404 
 329      00000010 
 329      1F
 330 0aa7 1F110003 		.ascii	"\037\021\000\003\037\034\020\020\000"
 330      1F1C1010 
 330      00
 331 0ab0 00002020 		.ascii	"\000\000   \340\360\000\000\000\000\000\000\000\000"
 331      20E0F000 
 331      00000000 
 331      000000
 332 0abf 0000FFFF 		.ascii	"\000\000\377\377\000\000\000\000\000\000\000\020\020"
 332      00000000 
 332      00000010 
 332      10
 333 0acc 101F1F10 		.ascii	"\020\037\037\020\020\020\000\000"
 333      10100000 
 334 0ad4 00000000 		.ascii	"\000\000\000\000\000\000\000\000\000\000\000\000\004"
 334      00000000 
 334      00000000 
 334      04
 335 0ae1 FCFC0804 		.ascii	"\374\374\010\004\374\374\010\004\374\374\000\020\037"
 335      FCFC0804 
 335      FCFC0010 
 335      1F
 336 0aee 1F10001F 		.ascii	"\037\020\000\037\037\020\000\037\037\020"
 336      1F10001F 
 336      1F10
 337 0af8 00000000 		.ascii	"\000\000\000\000\000\000\000\000\000\000\000\000\000"
 337      00000000 
 337      00000000 
 337      00
 338 0b05 04FCFC08 		.ascii	"\004\374\374\010\010\004\004\374\370\000\000\000\020"
 338      080404FC 
 338      F8000000 
 338      10
 339 0b12 1F1F1000 		.ascii	"\037\037\020\000\000\020\037\037\020\000"
 339      00101F1F 
 339      1000
 340 0b1c 00000000 		.ascii	"\000\000\000\000\000\000\000\000\000\000\000\000\000"
 340      00000000 
 340      00000000 
 340      00
 341 0b29 E0F0180C 		.ascii	"\340\360\030\014\004\004\014\030\360\340\000\000\003"
 341      04040C18 
 341      F0E00000 
 341      03
 342 0b36 0F0C1010 		.ascii	"\017\014\020\020\020\020\014\017\003\000"
 342      10100C0F 
 342      0300
ARM GAS  C:\Users\lpc\AppData\Local\Temp\ccwhx0Be.s 			page 19


 343 0b40 00000000 		.ascii	"\000\000\000\000\000\000\000\000\000\000\000\000\000"
 343      00000000 
 343      00000000 
 343      00
 344 0b4d 04FCFC08 		.ascii	"\004\374\374\010\004\004\004\014\370\360\000\000\200"
 344      0404040C 
 344      F8F00000 
 344      80
 345 0b5a FFFF8890 		.ascii	"\377\377\210\220\020\020\034\017\003\000"
 345      10101C0F 
 345      0300
 346 0b64 00000000 		.ascii	"\000\000\000\000\000\000\000\000\000\000\000\000\000"
 346      00000000 
 346      00000000 
 346      00
 347 0b71 E0F81C04 		.ascii	"\340\370\034\004\004\004\010\370\374\000\000\000\003"
 347      040408F8 
 347      FC000000 
 347      03
 348 0b7e 0F181010 		.ascii	"\017\030\020\020\220\210\377\377\200\000"
 348      9088FFFF 
 348      8000
 349 0b88 00000000 		.ascii	"\000\000\000\000\000\000\000\000\000\000\000\000\004"
 349      00000000 
 349      00000000 
 349      04
 350 0b95 0404FCFC 		.ascii	"\004\004\374\374\020\010\004\004\014\014\000\020\020"
 350      10080404 
 350      0C0C0010 
 350      10
 351 0ba2 101F1F10 		.ascii	"\020\037\037\020\020\020\000\000\000\000"
 351      10100000 
 351      0000
 352 0bac 00000000 		.ascii	"\000\000\000\000\000\000\000\000\000\000\000\000\000"
 352      00000000 
 352      00000000 
 352      00
 353 0bb9 003078CC 		.ascii	"\0000x\314\304\204\204\204\014\034\000\000\000\036\030"
 353      C4848484 
 353      0C1C0000 
 353      001E18
 354 0bc8 10101011 		.ascii	"\020\020\020\021\031\017\006\000"
 354      190F0600 
 355 0bd0 00000000 		.ascii	"\000\000\000\000\000\300\000\000\000\000\000\000\000"
 355      00C00000 
 355      00000000 
 355      00
 356 0bdd 040404FF 		.ascii	"\004\004\004\377\377\004\004\004\000\000\000\000\000"
 356      FF040404 
 356      00000000 
 356      00
 357 0bea 00000F1F 		.ascii	"\000\000\017\037\020\020\020\014\000\000"
 357      1010100C 
 357      0000
 358 0bf4 00000000 		.ascii	"\000\000\000\000\000\000\000\000\000\000\000\000\000"
 358      00000000 
 358      00000000 
ARM GAS  C:\Users\lpc\AppData\Local\Temp\ccwhx0Be.s 			page 20


 358      00
 359 0c01 04FCFE00 		.ascii	"\004\374\376\000\000\000\004\374\376\000\000\000\000"
 359      000004FC 
 359      FE000000 
 359      00
 360 0c0e 0F1F1810 		.ascii	"\017\037\030\020\020\010\037\017\010\000"
 360      10081F0F 
 360      0800
 361 0c18 00000000 		.ascii	"\000\000\000\000\000\000\000\000\000\000\000\000\000"
 361      00000000 
 361      00000000 
 361      00
 362 0c25 040C3CFC 		.ascii	"\004\014<\374\304\000\000\304<\014\004\000\000\000\000"
 362      C40000C4 
 362      3C0C0400 
 362      000000
 363 0c34 010F1E0E 		.ascii	"\001\017\036\016\001\000\000\000"
 363      01000000 
 364 0c3c 00000000 		.ascii	"\000\000\000\000\000\000\000\000\000\000\000\000\004"
 364      00000000 
 364      00000000 
 364      04
 365 0c49 3CFCC400 		.ascii	"<\374\304\000\344|\374\204\200|\004\000\000\007\037"
 365      E47CFC84 
 365      807C0400 
 365      00071F
 366 0c58 07000007 		.ascii	"\007\000\000\007\037\007\000\000"
 366      1F070000 
 367 0c60 00000000 		.ascii	"\000\000\000\000\000\000\000\000\000\000\000\000\000"
 367      00000000 
 367      00000000 
 367      00
 368 0c6d 04041C7C 		.ascii	"\004\004\034|\344\3004\034\004\004\000\000\020\020\034"
 368      E4C0341C 
 368      04040000 
 368      10101C
 369 0c7c 1601131F 		.ascii	"\026\001\023\037\034\030\020\000"
 369      1C181000 
 370 0c84 00000000 		.ascii	"\000\000\000\000\000\000\000\000\000\000\000\000\000"
 370      00000000 
 370      00000000 
 370      00
 371 0c91 040C3CFC 		.ascii	"\004\014<\374\304\000\304<\004\004\000\000\000\300\200"
 371      C400C43C 
 371      04040000 
 371      00C080
 372 0ca0 C1370E01 		.ascii	"\3017\016\001\000\000\000\000"
 372      00000000 
 373 0ca8 00000000 		.ascii	"\000\000\000\000\000\000\000\000\000\000\000\000\000"
 373      00000000 
 373      00000000 
 373      00
 374 0cb5 001C0404 		.ascii	"\000\034\004\004\304\364|\034\004\000\000\000\000\020"
 374      C4F47C1C 
 374      04000000 
 374      0010
 375 0cc3 1C1F1711 		.ascii	"\034\037\027\021\020\020\030\016\000"
ARM GAS  C:\Users\lpc\AppData\Local\Temp\ccwhx0Be.s 			page 21


 375      1010180E 
 375      00
 376 0ccc 00000000 		.ascii	"\000\000\000\000\000\000\000\370\014\004\000\000\000"
 376      000000F8 
 376      0C040000 
 376      00
 377 0cd9 00000000 		.ascii	"\000\000\000\000\020(\357\000\000\000\000\000\000\000"
 377      1028EF00 
 377      00000000 
 377      0000
 378 0ce7 00000000 		.ascii	"\000\000\000\000?`@\000\000"
 378      3F604000 
 378      00
 379 0cf0 00000000 		.ascii	"\000\000\000\000\000\000\377\000\000\000\000\000\000"
 379      0000FF00 
 379      00000000 
 379      00
 380 0cfd 00000000 		.ascii	"\000\000\000\000\000\377\000\000\000\000\000\000\000"
 380      00FF0000 
 380      00000000 
 380      00
 381 0d0a 00000000 		.ascii	"\000\000\000\000\377\000\000\000\000\000"
 381      FF000000 
 381      0000
 382 0d14 0000040C 		.ascii	"\000\000\004\014\370\000\000\000\000\000\000\000\000"
 382      F8000000 
 382      00000000 
 382      00
 383 0d21 000000EF 		.ascii	"\000\000\000\357(\020\000\000\000\000\000\000\000@`"
 383      28100000 
 383      00000000 
 383      004060
 384 0d30 3F000000 		.ascii	"?\000\000\000\000\000\000\000"
 384      00000000 
 385 0d38 00180602 		.ascii	"\000\030\006\002\002\004\010\020  0\010\000\000\000"
 385      02040810 
 385      20203008 
 385      000000
 386 0d47 00000000 		.ascii	"\000\000\000\000\000\000\000\000\000\000\000\000\000"
 386      00000000 
 386      00000000 
 386      00
 387 0d54 00000000 		.ascii	"\000\000\000\000\000\000\000\000"
 387      00000000 
 388              		.global	afont16x8
 389              		.section	.rodata.afont16x8,"a"
 390              		.align	2
 393              	afont16x8:
 394 0000 10       		.byte	16
 395 0001 08       		.byte	8
 396 0002 0000     		.space	2
 397 0004 00000000 		.word	ascii_16x8
 398              		.global	ascii_16x8
 399              		.section	.rodata.ascii_16x8,"a"
 400              		.align	2
 403              	ascii_16x8:
 404 0000 00000000 		.ascii	"\000\000\000\000\000\000\000\000\000\000\000\000\000"
ARM GAS  C:\Users\lpc\AppData\Local\Temp\ccwhx0Be.s 			page 22


 404      00000000 
 404      00000000 
 404      00
 405 000d 000000   		.ascii	"\000\000\000"
 406 0010 000000F8 		.ascii	"\000\000\000\370\000\000\000\000\000\000\00030\000\000"
 406      00000000 
 406      00000033 
 406      300000
 407 001f 00       		.ascii	"\000"
 408 0020 00100C06 		.ascii	"\000\020\014\006\020\014\006\000\000\000\000\000\000"
 408      100C0600 
 408      00000000 
 408      00
 409 002d 000000   		.ascii	"\000\000\000"
 410 0030 40C07840 		.ascii	"@\300x@\300x@\000\004?\004\004?\004\004\000"
 410      C0784000 
 410      043F0404 
 410      3F040400 
 411 0040 007088FC 		.ascii	"\000p\210\374\0100\000\000\000\030 \377!\036\000\000"
 411      08300000 
 411      001820FF 
 411      211E0000 
 412 0050 F008F000 		.ascii	"\360\010\360\000\340\030\000\000\000!\034\003\036!\036"
 412      E0180000 
 412      00211C03 
 412      1E211E
 413 005f 00       		.ascii	"\000"
 414 0060 00F00888 		.ascii	"\000\360\010\210p\000\000\000\036!#$\031'!\020"
 414      70000000 
 414      1E212324 
 414      19272110 
 415 0070 10160E00 		.ascii	"\020\026\016\000\000\000\000\000\000\000\000\000\000"
 415      00000000 
 415      00000000 
 415      00
 416 007d 000000   		.ascii	"\000\000\000"
 417 0080 000000E0 		.ascii	"\000\000\000\340\030\004\002\000\000\000\000\007\030"
 417      18040200 
 417      00000007 
 417      18
 418 008d 204000   		.ascii	" @\000"
 419 0090 00020418 		.ascii	"\000\002\004\030\340\000\000\000\000@ \030\007\000\000"
 419      E0000000 
 419      00402018 
 419      070000
 420 009f 00       		.ascii	"\000"
 421 00a0 404080F0 		.ascii	"@@\200\360\200@@\000\002\002\001\017\001\002\002\000"
 421      80404000 
 421      0202010F 
 421      01020200 
 422 00b0 000000F0 		.ascii	"\000\000\000\360\000\000\000\000\001\001\001\037\001"
 422      00000000 
 422      0101011F 
 422      01
 423 00bd 010100   		.ascii	"\001\001\000"
 424 00c0 00000000 		.ascii	"\000\000\000\000\000\000\000\000\200\260p\000\000\000"
 424      00000000 
ARM GAS  C:\Users\lpc\AppData\Local\Temp\ccwhx0Be.s 			page 23


 424      80B07000 
 424      0000
 425 00ce 0000     		.ascii	"\000\000"
 426 00d0 00000000 		.ascii	"\000\000\000\000\000\000\000\000\000\001\001\001\001"
 426      00000000 
 426      00010101 
 426      01
 427 00dd 010101   		.ascii	"\001\001\001"
 428 00e0 00000000 		.ascii	"\000\000\000\000\000\000\000\000\00000\000\000\000\000"
 428      00000000 
 428      00303000 
 428      000000
 429 00ef 00       		.ascii	"\000"
 430 00f0 00000000 		.ascii	"\000\000\000\000\200`\030\004\000`\030\006\001\000\000"
 430      80601804 
 430      00601806 
 430      010000
 431 00ff 00       		.ascii	"\000"
 432 0100 00E01008 		.ascii	"\000\340\020\010\010\020\340\000\000\017\020  \020\017"
 432      0810E000 
 432      000F1020 
 432      20100F
 433 010f 00       		.ascii	"\000"
 434 0110 001010F8 		.ascii	"\000\020\020\370\000\000\000\000\000  ?  \000\000"
 434      00000000 
 434      0020203F 
 434      20200000 
 435 0120 00700808 		.ascii	"\000p\010\010\010\210p\000\0000($\"!0\000"
 435      08887000 
 435      00302824 
 435      22213000 
 436 0130 00300888 		.ascii	"\0000\010\210\210H0\000\000\030   \021\016\000"
 436      88483000 
 436      00182020 
 436      20110E00 
 437 0140 0000C020 		.ascii	"\000\000\300 \020\370\000\000\000\007\004$$?$\000"
 437      10F80000 
 437      00070424 
 437      243F2400 
 438 0150 00F80888 		.ascii	"\000\370\010\210\210\010\010\000\000\031!  \021\016"
 438      88080800 
 438      00192120 
 438      20110E
 439 015f 00       		.ascii	"\000"
 440 0160 00E01088 		.ascii	"\000\340\020\210\210\030\000\000\000\017\021  \021\016"
 440      88180000 
 440      000F1120 
 440      20110E
 441 016f 00       		.ascii	"\000"
 442 0170 00380808 		.ascii	"\0008\010\010\3108\010\000\000\000\000?\000\000\000"
 442      C8380800 
 442      0000003F 
 442      000000
 443 017f 00       		.ascii	"\000"
 444 0180 00708808 		.ascii	"\000p\210\010\010\210p\000\000\034\"!!\"\034\000"
 444      08887000 
 444      001C2221 
ARM GAS  C:\Users\lpc\AppData\Local\Temp\ccwhx0Be.s 			page 24


 444      21221C00 
 445 0190 00E01008 		.ascii	"\000\340\020\010\010\020\340\000\000\0001\"\"\021\017"
 445      0810E000 
 445      00003122 
 445      22110F
 446 019f 00       		.ascii	"\000"
 447 01a0 000000C0 		.ascii	"\000\000\000\300\300\000\000\000\000\000\00000\000\000"
 447      C0000000 
 447      00000030 
 447      300000
 448 01af 00       		.ascii	"\000"
 449 01b0 00000080 		.ascii	"\000\000\000\200\000\000\000\000\000\000\200`\000\000"
 449      00000000 
 449      00008060 
 449      0000
 450 01be 0000     		.ascii	"\000\000"
 451 01c0 00008040 		.ascii	"\000\000\200@ \020\010\000\000\001\002\004\010\020 "
 451      20100800 
 451      00010204 
 451      081020
 452 01cf 00       		.ascii	"\000"
 453 01d0 40404040 		.ascii	"@@@@@@@\000\004\004\004\004\004\004\004\000"
 453      40404000 
 453      04040404 
 453      04040400 
 454 01e0 00081020 		.ascii	"\000\010\020 @\200\000\000\000 \020\010\004\002\001"
 454      40800000 
 454      00201008 
 454      040201
 455 01ef 00       		.ascii	"\000"
 456 01f0 00704808 		.ascii	"\000pH\010\010\010\360\000\000\000\00006\001\000\000"
 456      0808F000 
 456      00000030 
 456      36010000 
 457 0200 C030C828 		.ascii	"\3000\310(\350\020\340\000\007\030'$#\024\013\000"
 457      E810E000 
 457      07182724 
 457      23140B00 
 458 0210 0000C038 		.ascii	"\000\000\3008\340\000\000\000 <#\002\002'8 "
 458      E0000000 
 458      203C2302 
 458      02273820 
 459 0220 08F88888 		.ascii	"\010\370\210\210\210p\000\000 ?   \021\016\000"
 459      88700000 
 459      203F2020 
 459      20110E00 
 460 0230 C0300808 		.ascii	"\3000\010\010\010\0108\000\007\030   \020\010\000"
 460      08083800 
 460      07182020 
 460      20100800 
 461 0240 08F80808 		.ascii	"\010\370\010\010\010\020\340\000 ?   \020\017\000"
 461      0810E000 
 461      203F2020 
 461      20100F00 
 462 0250 08F88888 		.ascii	"\010\370\210\210\350\010\020\000 ?  # \030\000"
 462      E8081000 
 462      203F2020 
ARM GAS  C:\Users\lpc\AppData\Local\Temp\ccwhx0Be.s 			page 25


 462      23201800 
 463 0260 08F88888 		.ascii	"\010\370\210\210\350\010\020\000 ? \000\003\000\000"
 463      E8081000 
 463      203F2000 
 463      030000
 464 026f 00       		.ascii	"\000"
 465 0270 C0300808 		.ascii	"\3000\010\010\0108\000\000\007\030  \"\036\002\000"
 465      08380000 
 465      07182020 
 465      221E0200 
 466 0280 08F80800 		.ascii	"\010\370\010\000\000\010\370\010 ?!\001\001!? "
 466      0008F808 
 466      203F2101 
 466      01213F20 
 467 0290 000808F8 		.ascii	"\000\010\010\370\010\010\000\000\000  ?  \000\000"
 467      08080000 
 467      0020203F 
 467      20200000 
 468 02a0 00000808 		.ascii	"\000\000\010\010\370\010\010\000\300\200\200\200\177"
 468      F8080800 
 468      C0808080 
 468      7F
 469 02ad 000000   		.ascii	"\000\000\000"
 470 02b0 08F888C0 		.ascii	"\010\370\210\300(\030\010\000 ? \001&8 \000"
 470      28180800 
 470      203F2001 
 470      26382000 
 471 02c0 08F80800 		.ascii	"\010\370\010\000\000\000\000\000 ?    0\000"
 471      00000000 
 471      203F2020 
 471      20203000 
 472 02d0 08F8F800 		.ascii	"\010\370\370\000\370\370\010\000 ?\000?\000? \000"
 472      F8F80800 
 472      203F003F 
 472      003F2000 
 473 02e0 08F830C0 		.ascii	"\010\3700\300\000\010\370\010 ? \000\007\030?\000"
 473      0008F808 
 473      203F2000 
 473      07183F00 
 474 02f0 E0100808 		.ascii	"\340\020\010\010\010\020\340\000\017\020   \020\017"
 474      0810E000 
 474      0F102020 
 474      20100F
 475 02ff 00       		.ascii	"\000"
 476 0300 08F80808 		.ascii	"\010\370\010\010\010\010\360\000 ?!\001\001\001\000"
 476      0808F000 
 476      203F2101 
 476      010100
 477 030f 00       		.ascii	"\000"
 478 0310 E0100808 		.ascii	"\340\020\010\010\010\020\340\000\017\030$$8PO\000"
 478      0810E000 
 478      0F182424 
 478      38504F00 
 479 0320 08F88888 		.ascii	"\010\370\210\210\210\210p\000 ? \000\003\0140 "
 479      88887000 
 479      203F2000 
 479      030C3020 
ARM GAS  C:\Users\lpc\AppData\Local\Temp\ccwhx0Be.s 			page 26


 480 0330 00708808 		.ascii	"\000p\210\010\010\0108\000\0008 !!\"\034\000"
 480      08083800 
 480      00382021 
 480      21221C00 
 481 0340 180808F8 		.ascii	"\030\010\010\370\010\010\030\000\000\000 ? \000\000"
 481      08081800 
 481      0000203F 
 481      200000
 482 034f 00       		.ascii	"\000"
 483 0350 08F80800 		.ascii	"\010\370\010\000\000\010\370\010\000\037    \037\000"
 483      0008F808 
 483      001F2020 
 483      20201F00 
 484 0360 08788800 		.ascii	"\010x\210\000\000\3108\010\000\000\0078\016\001\000"
 484      00C83808 
 484      00000738 
 484      0E0100
 485 036f 00       		.ascii	"\000"
 486 0370 F80800F8 		.ascii	"\370\010\000\370\000\010\370\000\003<\007\000\007<\003"
 486      0008F800 
 486      033C0700 
 486      073C03
 487 037f 00       		.ascii	"\000"
 488 0380 08186880 		.ascii	"\010\030h\200\200h\030\010 0,\003\003,0 "
 488      80681808 
 488      20302C03 
 488      032C3020 
 489 0390 0838C800 		.ascii	"\0108\310\000\3108\010\000\000\000 ? \000\000\000"
 489      C8380800 
 489      0000203F 
 489      20000000 
 490 03a0 10080808 		.ascii	"\020\010\010\010\3108\010\000 8&!  \030\000"
 490      C8380800 
 490      20382621 
 490      20201800 
 491 03b0 000000FE 		.ascii	"\000\000\000\376\002\002\002\000\000\000\000\177@@@"
 491      02020200 
 491      0000007F 
 491      404040
 492 03bf 00       		.ascii	"\000"
 493 03c0 000C30C0 		.ascii	"\000\0140\300\000\000\000\000\000\000\000\001\0068\300"
 493      00000000 
 493      00000001 
 493      0638C0
 494 03cf 00       		.ascii	"\000"
 495 03d0 00020202 		.ascii	"\000\002\002\002\376\000\000\000\000@@@\177\000\000"
 495      FE000000 
 495      00404040 
 495      7F0000
 496 03df 00       		.ascii	"\000"
 497 03e0 00000402 		.ascii	"\000\000\004\002\002\002\004\000\000\000\000\000\000"
 497      02020400 
 497      00000000 
 497      00
 498 03ed 000000   		.ascii	"\000\000\000"
 499 03f0 00000000 		.ascii	"\000\000\000\000\000\000\000\000\200\200\200\200\200"
 499      00000000 
ARM GAS  C:\Users\lpc\AppData\Local\Temp\ccwhx0Be.s 			page 27


 499      80808080 
 499      80
 500 03fd 808080   		.ascii	"\200\200\200"
 501 0400 00020204 		.ascii	"\000\002\002\004\000\000\000\000\000\000\000\000\000"
 501      00000000 
 501      00000000 
 501      00
 502 040d 000000   		.ascii	"\000\000\000"
 503 0410 00008080 		.ascii	"\000\000\200\200\200\200\000\000\000\031$\"\"\"? "
 503      80800000 
 503      00192422 
 503      22223F20 
 504 0420 08F80080 		.ascii	"\010\370\000\200\200\000\000\000\000?\021  \021\016"
 504      80000000 
 504      003F1120 
 504      20110E
 505 042f 00       		.ascii	"\000"
 506 0430 00000080 		.ascii	"\000\000\000\200\200\200\000\000\000\016\021   \021"
 506      80800000 
 506      000E1120 
 506      202011
 507 043f 00       		.ascii	"\000"
 508 0440 00000080 		.ascii	"\000\000\000\200\200\210\370\000\000\016\021  \020?"
 508      8088F800 
 508      000E1120 
 508      20103F
 509 044f 20       		.ascii	" "
 510 0450 00008080 		.ascii	"\000\000\200\200\200\200\000\000\000\037\"\"\"\"\023"
 510      80800000 
 510      001F2222 
 510      222213
 511 045f 00       		.ascii	"\000"
 512 0460 008080F0 		.ascii	"\000\200\200\360\210\210\210\030\000  ?  \000\000"
 512      88888818 
 512      0020203F 
 512      20200000 
 513 0470 00008080 		.ascii	"\000\000\200\200\200\200\200\000\000k\224\224\224\223"
 513      80808000 
 513      006B9494 
 513      9493
 514 047e 6000     		.ascii	"`\000"
 515 0480 08F80080 		.ascii	"\010\370\000\200\200\200\000\000 ?!\000\000 ? "
 515      80800000 
 515      203F2100 
 515      00203F20 
 516 0490 00809898 		.ascii	"\000\200\230\230\000\000\000\000\000  ?  \000\000"
 516      00000000 
 516      0020203F 
 516      20200000 
 517 04a0 00000080 		.ascii	"\000\000\000\200\230\230\000\000\000\300\200\200\200"
 517      98980000 
 517      00C08080 
 517      80
 518 04ad 7F0000   		.ascii	"\177\000\000"
 519 04b0 08F80000 		.ascii	"\010\370\000\000\200\200\200\000 ?$\002-0 \000"
 519      80808000 
 519      203F2402 
ARM GAS  C:\Users\lpc\AppData\Local\Temp\ccwhx0Be.s 			page 28


 519      2D302000 
 520 04c0 000808F8 		.ascii	"\000\010\010\370\000\000\000\000\000  ?  \000\000"
 520      00000000 
 520      0020203F 
 520      20200000 
 521 04d0 80808080 		.ascii	"\200\200\200\200\200\200\200\000 ? \000? \000?"
 521      80808000 
 521      203F2000 
 521      3F20003F 
 522 04e0 80800080 		.ascii	"\200\200\000\200\200\200\000\000 ?!\000\000 ? "
 522      80800000 
 522      203F2100 
 522      00203F20 
 523 04f0 00008080 		.ascii	"\000\000\200\200\200\200\000\000\000\037    \037\000"
 523      80800000 
 523      001F2020 
 523      20201F00 
 524 0500 80800080 		.ascii	"\200\200\000\200\200\000\000\000\200\377\241  \021\016"
 524      80000000 
 524      80FFA120 
 524      20110E
 525 050f 00       		.ascii	"\000"
 526 0510 00000080 		.ascii	"\000\000\000\200\200\200\200\000\000\016\021  \240\377"
 526      80808000 
 526      000E1120 
 526      20A0FF
 527 051f 80       		.ascii	"\200"
 528 0520 80808000 		.ascii	"\200\200\200\000\200\200\200\000  ?! \000\001\000"
 528      80808000 
 528      20203F21 
 528      20000100 
 529 0530 00008080 		.ascii	"\000\000\200\200\200\200\200\000\0003$$$$\031\000"
 529      80808000 
 529      00332424 
 529      24241900 
 530 0540 008080E0 		.ascii	"\000\200\200\340\200\200\000\000\000\000\000\037  \000"
 530      80800000 
 530      0000001F 
 530      202000
 531 054f 00       		.ascii	"\000"
 532 0550 80800000 		.ascii	"\200\200\000\000\000\200\200\000\000\037   \020? "
 532      00808000 
 532      001F2020 
 532      20103F20 
 533 0560 80808000 		.ascii	"\200\200\200\000\000\200\200\200\000\001\0160\010\006"
 533      00808080 
 533      00010E30 
 533      0806
 534 056e 0100     		.ascii	"\001\000"
 535 0570 80800080 		.ascii	"\200\200\000\200\000\200\200\200\0170\014\003\0140\017"
 535      00808080 
 535      0F300C03 
 535      0C300F
 536 057f 00       		.ascii	"\000"
 537 0580 00808000 		.ascii	"\000\200\200\000\200\200\200\000\000 1.\0161 \000"
 537      80808000 
 537      0020312E 
ARM GAS  C:\Users\lpc\AppData\Local\Temp\ccwhx0Be.s 			page 29


 537      0E312000 
 538 0590 80808000 		.ascii	"\200\200\200\000\000\200\200\200\200\201\216p\030\006"
 538      00808080 
 538      80818E70 
 538      1806
 539 059e 0100     		.ascii	"\001\000"
 540 05a0 00808080 		.ascii	"\000\200\200\200\200\200\200\000\000!0,\"!0\000"
 540      80808000 
 540      0021302C 
 540      22213000 
 541 05b0 00000000 		.ascii	"\000\000\000\000\200|\002\002\000\000\000\000\000?@"
 541      807C0202 
 541      00000000 
 541      003F40
 542 05bf 40       		.ascii	"@"
 543 05c0 00000000 		.ascii	"\000\000\000\000\377\000\000\000\000\000\000\000\377"
 543      FF000000 
 543      00000000 
 543      FF
 544 05cd 000000   		.ascii	"\000\000\000"
 545 05d0 0002027C 		.ascii	"\000\002\002|\200\000\000\000\000@@?\000\000\000\000"
 545      80000000 
 545      0040403F 
 545      00000000 
 546 05e0 00060101 		.ascii	"\000\006\001\001\002\002\004\004\000\000\000\000\000"
 546      02020404 
 546      00000000 
 546      00
 547 05ed 000000   		.ascii	"\000\000\000"
 548              		.global	afont12x6
 549              		.section	.rodata.afont12x6,"a"
 550              		.align	2
 553              	afont12x6:
 554 0000 0C       		.byte	12
 555 0001 06       		.byte	6
 556 0002 0000     		.space	2
 557 0004 00000000 		.word	ascii_12x6
 558              		.global	ascii_12x6
 559              		.section	.rodata.ascii_12x6,"a"
 560              		.align	2
 563              	ascii_12x6:
 564 0000 00000000 		.ascii	"\000\000\000\000\000\000\000\000\000\000\000\000"
 564      00000000 
 564      00000000 
 565 000c 0000FC00 		.ascii	"\000\000\374\000\000\000\000\000\002\000\000\000"
 565      00000000 
 565      02000000 
 566 0018 000C020C 		.ascii	"\000\014\002\014\002\000\000\000\000\000\000\000"
 566      02000000 
 566      00000000 
 567 0024 90D0BCD0 		.ascii	"\220\320\274\320\274\220\000\003\000\003\000\000"
 567      BC900003 
 567      00030000 
 568 0030 1824FE44 		.ascii	"\030$\376D\214\000\003\002\007\002\001\000"
 568      8C000302 
 568      07020100 
 569 003c 1824D8B0 		.ascii	"\030$\330\260L\200\000\003\000\001\002\001"
ARM GAS  C:\Users\lpc\AppData\Local\Temp\ccwhx0Be.s 			page 30


 569      4C800003 
 569      00010201 
 570 0048 C038E438 		.ascii	"\3008\3448\340\000\001\002\002\001\002\002"
 570      E0000102 
 570      02010202 
 571 0054 08060000 		.ascii	"\010\006\000\000\000\000\000\000\000\000\000\000"
 571      00000000 
 571      00000000 
 572 0060 000000F8 		.ascii	"\000\000\000\370\004\002\000\000\000\001\002\004"
 572      04020000 
 572      00010204 
 573 006c 000204F8 		.ascii	"\000\002\004\370\000\000\000\004\002\001\000\000"
 573      00000004 
 573      02010000 
 574 0078 9060F860 		.ascii	"\220`\370`\220\000\000\000\001\000\000\000"
 574      90000000 
 574      01000000 
 575 0084 2020FC20 		.ascii	"  \374  \000\000\000\001\000\000\000"
 575      20000000 
 575      01000000 
 576 0090 00000000 		.ascii	"\000\000\000\000\000\000\010\006\000\000\000\000"
 576      00000806 
 576      00000000 
 577 009c 20202020 		.ascii	"     \000\000\000\000\000\000\000"
 577      20000000 
 577      00000000 
 578 00a8 00000000 		.ascii	"\000\000\000\000\000\000\000\002\000\000\000\000"
 578      00000002 
 578      00000000 
 579 00b4 0080601C 		.ascii	"\000\200`\034\002\000\004\003\000\000\000\000"
 579      02000403 
 579      00000000 
 580 00c0 F8040404 		.ascii	"\370\004\004\004\370\000\001\002\002\002\001\000"
 580      F8000102 
 580      02020100 
 581 00cc 0008FC00 		.ascii	"\000\010\374\000\000\000\000\002\003\002\000\000"
 581      00000002 
 581      03020000 
 582 00d8 18844424 		.ascii	"\030\204D$\030\000\003\002\002\002\002\000"
 582      18000302 
 582      02020200 
 583 00e4 08042424 		.ascii	"\010\004$$\330\000\001\002\002\002\001\000"
 583      D8000102 
 583      02020100 
 584 00f0 40B088FC 		.ascii	"@\260\210\374\200\000\000\000\000\003\002\000"
 584      80000000 
 584      00030200 
 585 00fc 3C242424 		.ascii	"<$$$\304\000\001\002\002\002\001\000"
 585      C4000102 
 585      02020100 
 586 0108 F824242C 		.ascii	"\370$$,\300\000\001\002\002\002\001\000"
 586      C0000102 
 586      02020100 
 587 0114 0C04E41C 		.ascii	"\014\004\344\034\004\000\000\000\003\000\000\000"
 587      04000000 
 587      03000000 
 588 0120 D8242424 		.ascii	"\330$$$\330\000\001\002\002\002\001\000"
ARM GAS  C:\Users\lpc\AppData\Local\Temp\ccwhx0Be.s 			page 31


 588      D8000102 
 588      02020100 
 589 012c 38444444 		.ascii	"8DDD\370\000\000\003\002\002\001\000"
 589      F8000003 
 589      02020100 
 590 0138 00001000 		.ascii	"\000\000\020\000\000\000\000\000\002\000\000\000"
 590      00000000 
 590      02000000 
 591 0144 00002000 		.ascii	"\000\000 \000\000\000\000\000\006\000\000\000"
 591      00000000 
 591      06000000 
 592 0150 00205088 		.ascii	"\000 P\210\004\002\000\000\000\000\001\002"
 592      04020000 
 592      00000102 
 593 015c 90909090 		.ascii	"\220\220\220\220\220\000\000\000\000\000\000\000"
 593      90000000 
 593      00000000 
 594 0168 00020488 		.ascii	"\000\002\004\210P \000\002\001\000\000\000"
 594      50200002 
 594      01000000 
 595 0174 1804C424 		.ascii	"\030\004\304$\030\000\000\000\002\000\000\000"
 595      18000000 
 595      02000000 
 596 0180 F804E494 		.ascii	"\370\004\344\224\370\000\001\002\002\002\002\000"
 596      F8000102 
 596      02020200 
 597 018c 00E09CF0 		.ascii	"\000\340\234\360\200\000\002\003\000\000\003\002"
 597      80000203 
 597      00000302 
 598 0198 04FC2424 		.ascii	"\004\374$$\330\000\002\003\002\002\001\000"
 598      D8000203 
 598      02020100 
 599 01a4 F8040404 		.ascii	"\370\004\004\004\014\000\001\002\002\002\001\000"
 599      0C000102 
 599      02020100 
 600 01b0 04FC0404 		.ascii	"\004\374\004\004\370\000\002\003\002\002\001\000"
 600      F8000203 
 600      02020100 
 601 01bc 04FC2474 		.ascii	"\004\374$t\014\000\002\003\002\002\003\000"
 601      0C000203 
 601      02020300 
 602 01c8 04FC2474 		.ascii	"\004\374$t\014\000\002\003\002\000\000\000"
 602      0C000203 
 602      02000000 
 603 01d4 F0080444 		.ascii	"\360\010\004D\314@\000\001\002\002\001\000"
 603      CC400001 
 603      02020100 
 604 01e0 04FC2020 		.ascii	"\004\374  \374\004\002\003\000\000\003\002"
 604      FC040203 
 604      00000302 
 605 01ec 0404FC04 		.ascii	"\004\004\374\004\004\000\002\002\003\002\002\000"
 605      04000202 
 605      03020200 
 606 01f8 000404FC 		.ascii	"\000\004\004\374\004\004\006\004\004\003\000\000"
 606      04040604 
 606      04030000 
 607 0204 04FC24D0 		.ascii	"\004\374$\320\014\004\002\003\002\000\003\002"
ARM GAS  C:\Users\lpc\AppData\Local\Temp\ccwhx0Be.s 			page 32


 607      0C040203 
 607      02000302 
 608 0210 04FC0400 		.ascii	"\004\374\004\000\000\000\002\003\002\002\002\003"
 608      00000203 
 608      02020203 
 609 021c FC3CC03C 		.ascii	"\374<\300<\374\000\003\000\003\000\003\000"
 609      FC000300 
 609      03000300 
 610 0228 04FC30C4 		.ascii	"\004\3740\304\374\004\002\003\002\000\003\000"
 610      FC040203 
 610      02000300 
 611 0234 F8040404 		.ascii	"\370\004\004\004\370\000\001\002\002\002\001\000"
 611      F8000102 
 611      02020100 
 612 0240 04FC2424 		.ascii	"\004\374$$\030\000\002\003\002\000\000\000"
 612      18000203 
 612      02000000 
 613 024c F8848404 		.ascii	"\370\204\204\004\370\000\001\002\002\007\005\000"
 613      F8000102 
 613      02070500 
 614 0258 04FC2464 		.ascii	"\004\374$d\230\000\002\003\002\000\003\002"
 614      98000203 
 614      02000302 
 615 0264 18242444 		.ascii	"\030$$D\214\000\003\002\002\002\001\000"
 615      8C000302 
 615      02020100 
 616 0270 0C04FC04 		.ascii	"\014\004\374\004\014\000\000\002\003\002\000\000"
 616      0C000002 
 616      03020000 
 617 027c 04FC0000 		.ascii	"\004\374\000\000\374\004\000\001\002\002\001\000"
 617      FC040001 
 617      02020100 
 618 0288 047C80E0 		.ascii	"\004|\200\340\034\004\000\000\003\000\000\000"
 618      1C040000 
 618      03000000 
 619 0294 1CE03CE0 		.ascii	"\034\340<\340\034\000\000\003\000\003\000\000"
 619      1C000003 
 619      00030000 
 620 02a0 049C609C 		.ascii	"\004\234`\234\004\000\002\003\000\003\002\000"
 620      04000203 
 620      00030200 
 621 02ac 041CE01C 		.ascii	"\004\034\340\034\004\000\000\002\003\002\000\000"
 621      04000002 
 621      03020000 
 622 02b8 0C84641C 		.ascii	"\014\204d\034\004\000\002\003\002\002\003\000"
 622      04000203 
 622      02020300 
 623 02c4 0000FE02 		.ascii	"\000\000\376\002\002\000\000\000\007\004\004\000"
 623      02000000 
 623      07040400 
 624 02d0 000E30C0 		.ascii	"\000\0160\300\000\000\000\000\000\001\002\000"
 624      00000000 
 624      00010200 
 625 02dc 000202FE 		.ascii	"\000\002\002\376\000\000\000\004\004\007\000\000"
 625      00000004 
 625      04070000 
 626 02e8 00040204 		.ascii	"\000\004\002\004\000\000\000\000\000\000\000\000"
ARM GAS  C:\Users\lpc\AppData\Local\Temp\ccwhx0Be.s 			page 33


 626      00000000 
 626      00000000 
 627 02f4 00000000 		.ascii	"\000\000\000\000\000\000\010\010\010\010\010\010"
 627      00000808 
 627      08080808 
 628 0300 00000200 		.ascii	"\000\000\002\000\000\000\000\000\000\000\000\000"
 628      00000000 
 628      00000000 
 629 030c 0040A0A0 		.ascii	"\000@\240\240\300\000\000\001\002\002\003\002"
 629      C0000001 
 629      02020302 
 630 0318 04FC2020 		.ascii	"\004\374  \300\000\000\003\002\002\001\000"
 630      C0000003 
 630      02020100 
 631 0324 00C02020 		.ascii	"\000\300  `\000\000\001\002\002\002\000"
 631      60000001 
 631      02020200 
 632 0330 00C02024 		.ascii	"\000\300 $\374\000\000\001\002\002\003\002"
 632      FC000001 
 632      02020302 
 633 033c 00C0A0A0 		.ascii	"\000\300\240\240\300\000\000\001\002\002\002\000"
 633      C0000001 
 633      02020200 
 634 0348 0020F824 		.ascii	"\000 \370$$\004\000\002\003\002\002\000"
 634      24040002 
 634      03020200 
 635 0354 0040A0A0 		.ascii	"\000@\240\240` \000\007\012\012\012\004"
 635      60200007 
 635      0A0A0A04 
 636 0360 04FC2020 		.ascii	"\004\374  \300\000\002\003\002\000\003\002"
 636      C0000203 
 636      02000302 
 637 036c 0020E400 		.ascii	"\000 \344\000\000\000\000\002\003\002\000\000"
 637      00000002 
 637      03020000 
 638 0378 000020E4 		.ascii	"\000\000 \344\000\000\010\010\010\007\000\000"
 638      00000808 
 638      08070000 
 639 0384 04FC80E0 		.ascii	"\004\374\200\340  \002\003\002\000\003\002"
 639      20200203 
 639      02000302 
 640 0390 0404FC00 		.ascii	"\004\004\374\000\000\000\002\002\003\002\002\000"
 640      00000202 
 640      03020200 
 641 039c E020E020 		.ascii	"\340 \340 \300\000\003\000\003\000\003\000"
 641      C0000300 
 641      03000300 
 642 03a8 20E02020 		.ascii	" \340  \300\000\002\003\002\000\003\002"
 642      C0000203 
 642      02000302 
 643 03b4 00C02020 		.ascii	"\000\300  \300\000\000\001\002\002\001\000"
 643      C0000001 
 643      02020100 
 644 03c0 20E02020 		.ascii	" \340  \300\000\010\017\012\002\001\000"
 644      C000080F 
 644      0A020100 
 645 03cc 00C02020 		.ascii	"\000\300  \340\000\000\001\002\012\017\010"
ARM GAS  C:\Users\lpc\AppData\Local\Temp\ccwhx0Be.s 			page 34


 645      E0000001 
 645      020A0F08 
 646 03d8 20E04020 		.ascii	" \340@  \000\002\003\002\000\000\000"
 646      20000203 
 646      02000000 
 647 03e4 0060A0A0 		.ascii	"\000`\240\240 \000\000\002\002\002\003\000"
 647      20000002 
 647      02020300 
 648 03f0 0020F820 		.ascii	"\000 \370 \000\000\000\000\001\002\002\000"
 648      00000000 
 648      01020200 
 649 03fc 20E00020 		.ascii	" \340\000 \340\000\000\001\002\002\003\002"
 649      E0000001 
 649      02020302 
 650 0408 20E02080 		.ascii	" \340 \200` \000\000\003\001\000\000"
 650      60200000 
 650      03010000 
 651 0414 6080E080 		.ascii	"`\200\340\200`\000\000\003\000\003\000\000"
 651      60000003 
 651      00030000 
 652 0420 20608060 		.ascii	" `\200` \000\002\003\000\003\002\000"
 652      20000203 
 652      00030200 
 653 042c 20E02080 		.ascii	" \340 \200` \010\010\007\001\000\000"
 653      60200808 
 653      07010000 
 654 0438 0020A060 		.ascii	"\000 \240` \000\000\002\003\002\002\000"
 654      20000002 
 654      03020200 
 655 0444 000020DE 		.ascii	"\000\000 \336\002\000\000\000\000\007\004\000"
 655      02000000 
 655      00070400 
 656 0450 000000FF 		.ascii	"\000\000\000\377\000\000\000\000\000\017\000\000"
 656      00000000 
 656      000F0000 
 657 045c 0002DE20 		.ascii	"\000\002\336 \000\000\000\004\007\000\000\000"
 657      00000004 
 657      07000000 
 658 0468 02010204 		.ascii	"\002\001\002\004\004\002\000\000\000\000\000\000"
 658      04020000 
 658      00000000 
 659              		.global	afont8x6
 660              		.section	.rodata.afont8x6,"a"
 661              		.align	2
 664              	afont8x6:
 665 0000 08       		.byte	8
 666 0001 06       		.byte	6
 667 0002 0000     		.space	2
 668 0004 00000000 		.word	ascii_8x6
 669              		.global	ascii_8x6
 670              		.section	.rodata.ascii_8x6,"a"
 671              		.align	2
 674              	ascii_8x6:
 675 0000 00000000 		.ascii	"\000\000\000\000\000\000"
 675      0000
 676 0006 0000002F 		.ascii	"\000\000\000/\000\000"
 676      0000
ARM GAS  C:\Users\lpc\AppData\Local\Temp\ccwhx0Be.s 			page 35


 677 000c 00000700 		.ascii	"\000\000\007\000\007\000"
 677      0700
 678 0012 00147F14 		.ascii	"\000\024\177\024\177\024"
 678      7F14
 679 0018 00242A7F 		.ascii	"\000$*\177*\022"
 679      2A12
 680 001e 00626408 		.ascii	"\000bd\010\023#"
 680      1323
 681 0024 00364955 		.ascii	"\0006IU\"P"
 681      2250
 682 002a 00000503 		.ascii	"\000\000\005\003\000\000"
 682      0000
 683 0030 00001C22 		.ascii	"\000\000\034\"A\000"
 683      4100
 684 0036 00004122 		.ascii	"\000\000A\"\034\000"
 684      1C00
 685 003c 0014083E 		.ascii	"\000\024\010>\010\024"
 685      0814
 686 0042 0008083E 		.ascii	"\000\010\010>\010\010"
 686      0808
 687 0048 000000A0 		.ascii	"\000\000\000\240`\000"
 687      6000
 688 004e 00080808 		.ascii	"\000\010\010\010\010\010"
 688      0808
 689 0054 00006060 		.ascii	"\000\000``\000\000"
 689      0000
 690 005a 00201008 		.ascii	"\000 \020\010\004\002"
 690      0402
 691 0060 003E5149 		.ascii	"\000>QIE>"
 691      453E
 692 0066 0000427F 		.ascii	"\000\000B\177@\000"
 692      4000
 693 006c 00426151 		.ascii	"\000BaQIF"
 693      4946
 694 0072 00214145 		.ascii	"\000!AEK1"
 694      4B31
 695 0078 00181412 		.ascii	"\000\030\024\022\177\020"
 695      7F10
 696 007e 00274545 		.ascii	"\000'EEE9"
 696      4539
 697 0084 003C4A49 		.ascii	"\000<JII0"
 697      4930
 698 008a 00017109 		.ascii	"\000\001q\011\005\003"
 698      0503
 699 0090 00364949 		.ascii	"\0006III6"
 699      4936
 700 0096 00064949 		.ascii	"\000\006II)\036"
 700      291E
 701 009c 00003636 		.ascii	"\000\00066\000\000"
 701      0000
 702 00a2 00005636 		.ascii	"\000\000V6\000\000"
 702      0000
 703 00a8 00081422 		.ascii	"\000\010\024\"A\000"
 703      4100
 704 00ae 00141414 		.ascii	"\000\024\024\024\024\024"
 704      1414
 705 00b4 00004122 		.ascii	"\000\000A\"\024\010"
ARM GAS  C:\Users\lpc\AppData\Local\Temp\ccwhx0Be.s 			page 36


 705      1408
 706 00ba 00020151 		.ascii	"\000\002\001Q\011\006"
 706      0906
 707 00c0 00324959 		.ascii	"\0002IYQ>"
 707      513E
 708 00c6 007C1211 		.ascii	"\000|\022\021\022|"
 708      127C
 709 00cc 007F4949 		.ascii	"\000\177III6"
 709      4936
 710 00d2 003E4141 		.ascii	"\000>AAA\""
 710      4122
 711 00d8 007F4141 		.ascii	"\000\177AA\"\034"
 711      221C
 712 00de 007F4949 		.ascii	"\000\177IIIA"
 712      4941
 713 00e4 007F0909 		.ascii	"\000\177\011\011\011\001"
 713      0901
 714 00ea 003E4149 		.ascii	"\000>AIIz"
 714      497A
 715 00f0 007F0808 		.ascii	"\000\177\010\010\010\177"
 715      087F
 716 00f6 0000417F 		.ascii	"\000\000A\177A\000"
 716      4100
 717 00fc 00204041 		.ascii	"\000 @A?\001"
 717      3F01
 718 0102 007F0814 		.ascii	"\000\177\010\024\"A"
 718      2241
 719 0108 007F4040 		.ascii	"\000\177@@@@"
 719      4040
 720 010e 007F020C 		.ascii	"\000\177\002\014\002\177"
 720      027F
 721 0114 007F0408 		.ascii	"\000\177\004\010\020\177"
 721      107F
 722 011a 003E4141 		.ascii	"\000>AAA>"
 722      413E
 723 0120 007F0909 		.ascii	"\000\177\011\011\011\006"
 723      0906
 724 0126 003E4151 		.ascii	"\000>AQ!^"
 724      215E
 725 012c 007F0919 		.ascii	"\000\177\011\031)F"
 725      2946
 726 0132 00464949 		.ascii	"\000FIII1"
 726      4931
 727 0138 0001017F 		.ascii	"\000\001\001\177\001\001"
 727      0101
 728 013e 003F4040 		.ascii	"\000?@@@?"
 728      403F
 729 0144 001F2040 		.ascii	"\000\037 @ \037"
 729      201F
 730 014a 003F4038 		.ascii	"\000?@8@?"
 730      403F
 731 0150 00631408 		.ascii	"\000c\024\010\024c"
 731      1463
 732 0156 00070870 		.ascii	"\000\007\010p\010\007"
 732      0807
 733 015c 00615149 		.ascii	"\000aQIEC"
 733      4543
ARM GAS  C:\Users\lpc\AppData\Local\Temp\ccwhx0Be.s 			page 37


 734 0162 00007F41 		.ascii	"\000\000\177AA\000"
 734      4100
 735 0168 00552A55 		.ascii	"\000U*U*U"
 735      2A55
 736 016e 00004141 		.ascii	"\000\000AA\177\000"
 736      7F00
 737 0174 00040201 		.ascii	"\000\004\002\001\002\004"
 737      0204
 738 017a 00404040 		.ascii	"\000@@@@@"
 738      4040
 739 0180 00000102 		.ascii	"\000\000\001\002\004\000"
 739      0400
 740 0186 00205454 		.ascii	"\000 TTTx"
 740      5478
 741 018c 007F4844 		.ascii	"\000\177HDD8"
 741      4438
 742 0192 00384444 		.ascii	"\0008DDD "
 742      4420
 743 0198 00384444 		.ascii	"\0008DDH\177"
 743      487F
 744 019e 00385454 		.ascii	"\0008TTT\030"
 744      5418
 745 01a4 00087E09 		.ascii	"\000\010~\011\001\002"
 745      0102
 746 01aa 0018A4A4 		.ascii	"\000\030\244\244\244|"
 746      A47C
 747 01b0 007F0804 		.ascii	"\000\177\010\004\004x"
 747      0478
 748 01b6 0000447D 		.ascii	"\000\000D}@\000"
 748      4000
 749 01bc 00408084 		.ascii	"\000@\200\204}\000"
 749      7D00
 750 01c2 007F1028 		.ascii	"\000\177\020(D\000"
 750      4400
 751 01c8 0000417F 		.ascii	"\000\000A\177@\000"
 751      4000
 752 01ce 007C0418 		.ascii	"\000|\004\030\004x"
 752      0478
 753 01d4 007C0804 		.ascii	"\000|\010\004\004x"
 753      0478
 754 01da 00384444 		.ascii	"\0008DDD8"
 754      4438
 755 01e0 00FC2424 		.ascii	"\000\374$$$\030"
 755      2418
 756 01e6 00182424 		.ascii	"\000\030$$\030\374"
 756      18FC
 757 01ec 007C0804 		.ascii	"\000|\010\004\004\010"
 757      0408
 758 01f2 00485454 		.ascii	"\000HTTT "
 758      5420
 759 01f8 00043F44 		.ascii	"\000\004?D@ "
 759      4020
 760 01fe 003C4040 		.ascii	"\000<@@ |"
 760      207C
 761 0204 001C2040 		.ascii	"\000\034 @ \034"
 761      201C
 762 020a 003C4030 		.ascii	"\000<@0@<"
ARM GAS  C:\Users\lpc\AppData\Local\Temp\ccwhx0Be.s 			page 38


 762      403C
 763 0210 00442810 		.ascii	"\000D(\020(D"
 763      2844
 764 0216 001CA0A0 		.ascii	"\000\034\240\240\240|"
 764      A07C
 765 021c 00446454 		.ascii	"\000DdTLD"
 765      4C44
 766 0222 14141414 		.ascii	"\024\024\024\024\024\024"
 766      1414
 767              		.text
 768              	.Letext0:
 769              		.file 2 "D:/Toolchain/arm-gnu-toolchain-13.3.rel1-mingw-w64-i686-arm-none-eabi/arm-gnu-toolchain-1
 770              		.file 3 "D:/Toolchain/arm-gnu-toolchain-13.3.rel1-mingw-w64-i686-arm-none-eabi/arm-gnu-toolchain-1
 771              		.file 4 "Hardware/Inc/OLED_FONT.H"
ARM GAS  C:\Users\lpc\AppData\Local\Temp\ccwhx0Be.s 			page 39


DEFINED SYMBOLS
                            *ABS*:00000000 OLED_FONT.c
C:\Users\lpc\AppData\Local\Temp\ccwhx0Be.s:23     .rodata.bilibiliImg:00000000 bilibiliImg
C:\Users\lpc\AppData\Local\Temp\ccwhx0Be.s:20     .rodata.bilibiliImg:00000000 $d
C:\Users\lpc\AppData\Local\Temp\ccwhx0Be.s:33     .rodata.bilibiliData:00000000 bilibiliData
C:\Users\lpc\AppData\Local\Temp\ccwhx0Be.s:30     .rodata.bilibiliData:00000000 $d
C:\Users\lpc\AppData\Local\Temp\ccwhx0Be.s:63     .rodata.font16x16:00000000 font16x16
C:\Users\lpc\AppData\Local\Temp\ccwhx0Be.s:60     .rodata.font16x16:00000000 $d
C:\Users\lpc\AppData\Local\Temp\ccwhx0Be.s:76     .rodata.zh16x16:00000000 zh16x16
C:\Users\lpc\AppData\Local\Temp\ccwhx0Be.s:393    .rodata.afont16x8:00000000 afont16x8
C:\Users\lpc\AppData\Local\Temp\ccwhx0Be.s:73     .rodata.zh16x16:00000000 $d
C:\Users\lpc\AppData\Local\Temp\ccwhx0Be.s:93     .rodata.afont24x12:00000000 afont24x12
C:\Users\lpc\AppData\Local\Temp\ccwhx0Be.s:90     .rodata.afont24x12:00000000 $d
C:\Users\lpc\AppData\Local\Temp\ccwhx0Be.s:103    .rodata.ascii_24x12:00000000 ascii_24x12
C:\Users\lpc\AppData\Local\Temp\ccwhx0Be.s:100    .rodata.ascii_24x12:00000000 $d
C:\Users\lpc\AppData\Local\Temp\ccwhx0Be.s:390    .rodata.afont16x8:00000000 $d
C:\Users\lpc\AppData\Local\Temp\ccwhx0Be.s:403    .rodata.ascii_16x8:00000000 ascii_16x8
C:\Users\lpc\AppData\Local\Temp\ccwhx0Be.s:400    .rodata.ascii_16x8:00000000 $d
C:\Users\lpc\AppData\Local\Temp\ccwhx0Be.s:553    .rodata.afont12x6:00000000 afont12x6
C:\Users\lpc\AppData\Local\Temp\ccwhx0Be.s:550    .rodata.afont12x6:00000000 $d
C:\Users\lpc\AppData\Local\Temp\ccwhx0Be.s:563    .rodata.ascii_12x6:00000000 ascii_12x6
C:\Users\lpc\AppData\Local\Temp\ccwhx0Be.s:560    .rodata.ascii_12x6:00000000 $d
C:\Users\lpc\AppData\Local\Temp\ccwhx0Be.s:664    .rodata.afont8x6:00000000 afont8x6
C:\Users\lpc\AppData\Local\Temp\ccwhx0Be.s:661    .rodata.afont8x6:00000000 $d
C:\Users\lpc\AppData\Local\Temp\ccwhx0Be.s:674    .rodata.ascii_8x6:00000000 ascii_8x6
C:\Users\lpc\AppData\Local\Temp\ccwhx0Be.s:671    .rodata.ascii_8x6:00000000 $d

NO UNDEFINED SYMBOLS
